A:A0,B-10
B:C-10,B0
C:A-10,C0,B-20,D5
D:A-5,C5,B-15,E15,D0
E:A10,C20,B0,E0,D15,F-10
F:G-10,F0
G:A0,C10,B-10,E-10,D5,G0,F-20
-----
A:A0,C-20,B-10
B:A-20,C-10,B0,D-5
C:A-10,C0,B-20,E20,D5
D:A-5,C5,B-15,E15,D0,F5
E:A10,C20,B0,E0,D15,G-20,F-10
F:A-10,C0,B-20,E-20,D-5,G-10,F0
G:A0,C10,B-10,E-10,D5,G0,F-20
-----
A:A0,C-20,B-10,D-15
B:A-20,C-10,B0,E10,D-5
C:A-10,C0,B-20,E20,D-25,F10
D:A-5,C5,B-15,E15,D0,G-5,F5
E:A-20,C-10,B-30,E0,D-15,G-20,F-10
F:A-10,C0,B-20,E-20,D-5,G-10,F0
G:A-30,C-20,B-40,E-10,D-25,G0,F-20
-----
A:A0,C-20,B-10,E0,D-15
B:A-20,C-10,B0,E10,D-35,F0
C:A-10,C0,B-20,E-10,D-25,G0,F10
D:A-5,C5,B-15,E-5,D0,G-5,F5
E:A-20,C-10,B-30,E0,D-15,G-20,F-10
F:A-40,C-30,B-50,E-20,D-35,G-10,F0
G:A-30,C-20,B-40,E-10,D-25,G0,F-20
-----
A:A0,C-20,B-10,E0,D-45,F-10
B:A-20,C-10,B0,E-20,D-35,G-10,F0
C:A-10,C0,B-20,E-10,D-55,G0,F-20
D:A-5,C5,B-15,E-5,D0,G-5,F-15
E:A-50,C-40,B-60,E0,D-45,G-20,F-10
F:A-40,C-30,B-50,E-20,D-35,G-10,F0
G:A-60,C-50,B-70,E-10,D-55,G0,F-20
-----
A:A0,C-20,B-10,E-30,D-45,G-20,F-10
B:A-20,C-10,B0,E-20,D-65,G-10,F-30
C:A-10,C0,B-20,E-40,D-55,G-30,F-20
D:A-35,C-25,B-45,E-35,D0,G-25,F-15
E:A-50,C-40,B-60,E0,D-45,G-20,F-10
F:A-70,C-60,B-80,E-20,D-65,G-10,F0
G:A-60,C-50,B-70,E-10,D-55,G0,F-20
-----
A:A0,C-20,B-10,E-30,D-75,G-20,F-40
B:A-20,C-10,B0,E-50,D-65,G-40,F-30
C:A-30,C0,B-40,E-40,D-85,G-30,F-50
D:A-35,C-25,B-45,E-35,D0,G-25,F-45
E:A-80,C-70,B-90,E0,D-75,G-20,F-30
F:A-70,C-60,B-80,E-20,D-65,G-10,F0
G:A-90,C-80,B-100,E-10,D-85,G0,F-40
-----
A:A0,C-20,B-10,E-60,D-75,G-50,F-40
B:A-40,C-10,B0,E-50,D-95,G-40,F-60
C:A-30,C0,B-40,E-70,D-85,G-60,F-50
D:A-65,C-55,B-75,E-65,D0,G-55,F-45
E:A-80,C-70,B-90,E0,D-75,G-40,F-30
F:A-100,C-90,B-99,E-20,D-95,G-10,F0
G:A-90,C-80,B-100,E-10,D-85,G0,F-40
-----
A:A0,C-20,B-10,E-60,D-105,G-50,F-70
B:A-40,C-10,B0,E-80,D-95,G-70,F-60
C:A-60,C0,B-70,E-70,D-99,G-60,F-80
D:A-65,C-55,B-75,E-65,D0,G-55,F-75
E:A-99,C-100,B-99,E0,D-105,G-40,F-60
F:A-100,C-90,B-99,E-20,D-95,G-10,F0
G:A-99,C-99,B-99,E-10,D-99,G0,F-70
-----
A:A0,C-20,B-10,E-90,D-105,G-80,F-70
B:A-70,C-10,B0,E-80,D-99,G-70,F-90
C:A-60,C0,B-70,E-100,D-99,G-90,F-80
D:A-99,C-99,B-99,E-99,D0,G-85,F-75
E:A-99,C-99,B-99,E0,D-105,G-70,F-60
F:A-99,C-99,B-99,E-20,D-99,G-10,F0
G:A-99,C-99,B-99,E-10,D-99,G0,F-70
-----
A:A0,C-20,B-10,E-90,D-99,G-80,F-100
B:A-70,C-10,B0,E-99,D-99,G-100,F-90
C:A-99,C0,B-99,E-100,D-99,G-90,F-99
D:A-99,C-99,B-99,E-99,D0,G-85,F-99
E:A-99,C-99,B-99,E0,D-99,G-70,F-99
F:A-99,C-99,B-99,E-20,D-99,G-10,F0
G:A-99,C-99,B-99,E-10,D-99,G0,F-99
-----
A:A0,C-20,B-10,E-99,D-99,G-99,F-100
B:A-99,C-10,B0,E-99,D-99,G-100,F-99
C:A-99,C0,B-99,E-99,D-99,G-99,F-99
D:A-99,C-99,B-99,E-99,D0,G-99,F-99
E:A-99,C-99,B-99,E0,D-99,G-99,F-99
F:A-99,C-99,B-99,E-20,D-99,G-10,F0
G:A-99,C-99,B-99,E-10,D-99,G0,F-99
-----
A:A0,C-20,B-10,E-99,D-99,G-99,F-99
B:A-99,C-10,B0,E-99,D-99,G-99,F-99
C:A-99,C0,B-99,E-99,D-99,G-99,F-99
D:A-99,C-99,B-99,E-99,D0,G-99,F-99
E:A-99,C-99,B-99,E0,D-99,G-99,F-99
F:A-99,C-99,B-99,E-20,D-99,G-10,F0
G:A-99,C-99,B-99,E-10,D-99,G0,F-99
-----
A:A0,C-20,B-10,E-99,D-99,G-99,F-99
B:A-99,C-10,B0,E-99,D-99,G-99,F-99
C:A-99,C0,B-99,E-99,D-99,G-99,F-99
D:A-99,C-99,B-99,E-99,D0,G-99,F-99
E:A-99,C-99,B-99,E0,D-99,G-99,F-99
F:A-99,C-99,B-99,E-20,D-99,G-10,F0
G:A-99,C-99,B-99,E-10,D-99,G0,F-99
-----
