A:A0
B:A1,CC5,B0,G-4
CC:CC0,A6,B5,G1,HK-8
D:A4,B3,D0,G-1,CC-2,HK-10
G:HK3,G0
HK:CC-8,HK0,B-3,A-2,G-7
-----
A:A0
B:A1,CC5,B0,G-4,HK-3
CC:CC0,A-10,B-11,G-15,HK-8
D:A-12,B-13,D0,G-17,CC-2,HK-10
G:CC-5,HK3,B0,A1,G0
HK:CC-8,HK0,B-19,A-18,G-23
-----
A:A0
B:A-5,CC-9,B0,G-10,HK-3
CC:CC0,A-26,B-27,G-31,HK-8
D:A-28,B-29,D0,G-33,CC-2,HK-10
G:CC-5,HK3,B-16,A-15,G0
HK:CC-8,HK0,B-35,A-34,G-39
-----
A:A0
B:A-21,CC-9,B0,G-26,HK-3
CC:CC0,A-42,B-43,G-47,HK-8
D:A-44,B-45,D0,G-49,CC-2,HK-10
G:CC-5,HK3,B-32,A-31,G0
HK:CC-8,HK0,B-51,A-50,G-55
-----
A:A0
B:A-37,CC-9,B0,G-42,HK-3
CC:CC0,A-58,B-59,G-63,HK-8
D:A-60,B-61,D0,G-65,CC-2,HK-10
G:CC-5,HK3,B-48,A-47,G0
HK:CC-8,HK0,B-67,A-66,G-71
-----
A:A0
B:A-53,CC-9,B0,G-58,HK-3
CC:CC0,A-74,B-75,G-79,HK-8
D:A-76,B-77,D0,G-81,CC-2,HK-10
G:CC-5,HK3,B-64,A-63,G0
HK:CC-8,HK0,B-83,A-82,G-87
-----
A:A0
B:A-69,CC-9,B0,G-74,HK-3
CC:CC0,A-90,B-91,G-95,HK-8
D:A-92,B-93,D0,G-97,CC-2,HK-10
G:CC-5,HK3,B-80,A-79,G0
HK:CC-8,HK0,B-99,A-98,G-103
-----
A:A0
B:A-85,CC-9,B0,G-90,HK-3
CC:CC0,A-106,B-99,G-99,HK-8
D:A-99,B-99,D0,G-99,CC-2,HK-10
G:CC-5,HK3,B-99,A-95,G0
HK:CC-8,HK0,B-99,A-99,G-99
-----
A:A0
B:A-99,CC-9,B0,G-99,HK-3
CC:CC0,A-99,B-99,G-99,HK-8
D:A-99,B-99,D0,G-99,CC-2,HK-10
G:CC-5,HK3,B-99,A-99,G0
HK:CC-8,HK0,B-99,A-99,G-99
-----
A:A0
B:A-99,CC-9,B0,G-99,HK-3
CC:CC0,A-99,B-99,G-99,HK-8
D:A-99,B-99,D0,G-99,CC-2,HK-10
G:CC-5,HK3,B-99,A-99,G0
HK:CC-8,HK0,B-99,A-99,G-99
-----
