AMS:AMS0
ATL:JFK10,CDG20,ATL0,PEK-10,CLT10,DXB0
BKK:JFK11,CDG21,ATL1,DXB1,BKK0,KUL2,PEK-9,CLT11,IST1,HKG10
CAN:FRA-15,DEL-5,CAN0,AMS35
CDG:JFK30,HKG15,CDG0,HND10,ATL20,IST10,LHR10,PEK10,CLT30,AMS-15,DXB20
CGK:CGK0,BKK3
CLT:JFK0,CDG10,DFW-30,DXB-10,PEK-20,CLT0,ORD-20,ATL-10,LAS-10
DEL:FRA-25,DEL0,CAN-10,AMS25
DEN:DEN0,LAS10
DFW:JFK30,CDG40,ATL20,DXB20,PEK10,CLT30,ORD10,DFW0,LAS20
DXB:JFK10,CDG20,ATL0,HKG0,KUL10,PEK-10,CLT10,IST0,DXB0
FRA:FRA0,DEL10,AMS50
HKG:JFK1,CDG11,ATL-9,DXB-9,IST-9,KUL1,PEK-19,CLT1,HKG0
HND:HND0,HKG5
IAH:JFK-20,CDG-10,IAH0,ATL-30,DXB-30,PEK-40,CLT-20,ORD-40,DFW-50,LAS-30
ICN:FRA-3,ICN0,DEL7,CAN12,PVG-10,AMS47
IST:JFK-10,CDG0,ICN0,ATL-20,DXB-20,IST0,LHR20,PEK-10,CLT-10,AMS-5,HKG-20,HND20
JFK:JFK0,CDG30,ATL10,SFO20,PEK0,CLT20,DXB10
KUL:CGK10,KUL0,BKK13
LAS:JFK50,CDG60,DFW20,DXB40,SFO30,LAX20,PEK30,CLT50,ORD30,ATL40,LAS0
LAX:SFO10,LAX0
LHR:AMS-25,CDG10,LHR0
MAD:AMS-35,CDG0,MAD0,LHR-10
MIA:JFK20,CDG30,MIA0,ATL10,PEK0,CLT20,DXB10
ORD:JFK20,CDG30,ATL10,PEK0,CLT20,ORD0,DXB10
PEK:JFK0,CDG10,ATL-10,DXB-10,IST-10,PEK0,CLT0,HKG-10
PHX:PHX0,IAH-6,DEN7,LAS17
PVG:ICN5,PVG0
SFO:SFO0,LAX10
SIN:KUL11,SIN0
-----
AMS:AMS0
ATL:JFK-10,ORD-10,CDG0,HND30,ATL0,HKG-20,SFO30,KUL10,LHR30,PEK-10,CLT-10,AMS5,IST-20,DFW-20,DXB-20,LAS0
BKK:JFK-9,CGK12,CDG1,HND21,AMS-4,ATL-19,DXB1,BKK0,SFO31,KUL2,LHR21,LAS1,PEK-9,CLT-9,ORD-9,IST-19,DFW-19,HKG10,ICN1
CAN:FRA-15,DEL-5,CAN0,AMS20
CDG:JFK0,HKG-10,ORD10,CDG0,HND10,ATL-10,IST0,SFO50,KUL16,LHR10,PEK-4,CLT0,AMS-15,LAS20,DFW0,DXB-10,ICN10
CGK:JFK14,CGK0,CDG24,ATL4,DXB4,BKK3,KUL5,PEK-6,CLT14,IST4,HKG13
CLT:JFK-20,HKG-30,CDG-10,HND20,AMS-5,DFW-30,DXB-30,SFO20,KUL0,LAX10,LHR20,PEK-20,CLT0,ORD-20,IST-30,ATL-10,LAS-10
DEL:FRA-25,DEL0,CAN-10,AMS10
DEN:JFK60,CDG70,DFW30,DXB50,SFO40,LAX30,DEN0,PEK40,CLT60,ORD40,ATL50,LAS10
DFW:JFK10,HKG0,CDG20,HND50,AMS25,ATL20,DXB0,SFO50,KUL30,LAX40,LHR50,PEK10,CLT10,ORD10,IST0,DFW0,LAS20
DXB:JFK-10,BKK23,CGK20,CDG0,HND20,ATL-20,LAS0,HKG-20,SFO30,KUL1,LHR20,PEK-10,CLT-10,AMS-5,IST-20,DFW-20,DXB0,ICN0,ORD-10
FRA:FRA0,DEL10,AMS35,CAN0
HKG:JFK-19,CGK11,CDG-9,HND11,AMS-14,ATL-29,DXB-9,IST-29,SFO21,KUL-8,LHR11,LAS-9,PEK-19,CLT-19,ORD-19,BKK14,DFW-29,HKG0,ICN-9
HND:JFK6,CDG16,HND0,ATL-4,DXB-4,IST-4,KUL6,PEK-14,CLT6,HKG5
IAH:JFK-40,HKG-50,CDG-30,HND0,IAH0,AMS-25,ATL-30,DXB-50,SFO0,KUL-20,LAX-10,LHR0,PEK-40,CLT-40,ORD-40,IST-50,DFW-50,LAS-30
ICN:FRA-8,ICN0,DEL2,CAN7,PVG-10,AMS32
IST:JFK-30,ORD-30,FRA-3,CDG-20,ICN-20,CAN12,ATL-40,DXB-40,IST0,SFO10,KUL-19,DEL7,LHR0,PVG-10,PEK-10,CLT-30,AMS-25,LAS-20,DFW-40,HKG-40,HND0
JFK:JFK0,HKG-10,ORD0,CDG10,HND40,ATL10,IST-10,SFO20,KUL20,LAX30,LHR40,PEK0,CLT0,AMS15,DFW-10,DXB-10,LAS10
KUL:JFK24,CGK10,CDG34,ATL14,DXB14,BKK13,KUL0,PEK4,CLT24,IST14,HKG23
LAS:JFK30,HKG20,CDG40,HND70,AMS45,DFW20,DXB20,SFO30,KUL50,LAX20,LHR70,PEK30,CLT30,ORD30,IST20,ATL40,LAS0
LAX:SFO10,LAX0
LHR:JFK40,HKG25,CDG10,HND20,ATL30,IST20,LHR0,PEK20,CLT40,AMS-25,DXB30
MAD:JFK30,HKG15,CDG0,HND10,ATL20,IST10,MAD0,PEK10,CLT30,AMS-35,DXB20,LHR-10
MIA:JFK0,HKG-10,ORD0,CDG10,HND40,MIA0,ATL10,IST-10,SFO40,KUL20,LHR40,PEK0,CLT0,AMS15,DFW-10,DXB-10,LAS10
ORD:JFK0,HKG-10,CDG10,HND40,AMS15,ATL10,IST-10,SFO40,KUL20,LHR40,PEK0,CLT0,ORD0,DFW-10,DXB-10,LAS10
PEK:JFK-20,ORD-20,CDG-10,ICN-10,ATL-30,DXB-30,IST-30,SFO20,KUL-9,LHR10,PEK0,CLT-20,AMS-15,LAS-10,DFW-30,HKG-30,HND10
PHX:JFK-26,CDG-16,IAH-6,ATL-36,DXB-36,SFO47,PHX0,LAX37,DEN7,PEK-46,CLT-26,ORD-46,DFW-56,LAS-36
PVG:FRA2,ICN5,DEL12,CAN17,PVG0,AMS52
SFO:SFO0,LAX10
SIN:CGK21,KUL11,SIN0,BKK24
-----
AMS:AMS0
ATL:JFK-30,BKK23,ORD-30,CDG-20,HND0,ATL0,CGK20,HKG-40,SFO10,KUL-19,LAX20,LHR0,PEK-10,CLT-30,AMS-25,IST-40,DFW-40,DXB-40,ICN-20,LAS-20
BKK:JFK-29,HND1,ATL-39,IST-39,KUL-18,DEL8,CAN13,PEK-9,CGK12,BKK0,PVG-9,AMS-24,HKG10,FRA-2,ICN-19,DFW-39,LHR1,CLT-29,CDG-19,SFO11,LAX21,ORD-29,DXB1,LAS-19
CAN:FRA-15,DEL-5,CAN0,AMS5
CDG:JFK-20,HND10,ATL-30,IST-20,KUL-9,DEL17,CAN22,PEK-4,CGK26,BKK29,PVG0,AMS-15,HKG-30,FRA7,ICN-10,DFW-30,LHR10,CLT-20,CDG0,SFO20,LAX40,ORD-20,DXB-30,LAS-10
CGK:JFK-6,CGK0,CDG4,HND24,AMS-1,ATL-16,DXB4,BKK3,SFO34,KUL5,LHR24,LAS4,PEK-6,CLT-6,ORD-6,IST-16,DFW-16,HKG13,ICN4
CLT:JFK-40,HKG-50,CGK10,CDG-30,HND-10,AMS-35,DFW-30,BKK13,DXB-50,SFO0,KUL-29,LAX10,LHR-10,PEK-20,CLT0,ORD-20,IST-50,ATL-10,ICN-30,LAS-30
DEL:FRA-25,DEL0,CAN-10,AMS-5
DEN:JFK40,HKG30,CDG50,HND80,AMS55,DFW30,DXB30,SFO40,KUL60,LAX30,LHR80,DEN0,PEK40,CLT40,ORD40,IST30,ATL50,LAS10
DFW:JFK-10,HKG-20,CGK40,CDG0,HND20,AMS-5,ATL20,BKK43,DXB-20,SFO30,KUL1,LAX40,LHR20,PEK10,CLT-10,ORD10,IST-20,DFW0,ICN0,LAS0
DXB:JFK-30,HND0,ATL-40,IST-40,KUL-19,DEL7,CAN12,PEK-10,CGK11,BKK14,PVG-10,AMS-25,HKG-40,FRA-3,ICN-20,DFW-40,LHR0,CLT-30,CDG-20,SFO10,LAX20,ORD-30,DXB0,LAS-20
FRA:FRA0,DEL10,AMS20,CAN0
HKG:JFK-39,HND-9,ATL-49,IST-49,KUL-28,DEL-2,CAN3,PEK-19,CGK2,BKK5,PVG-19,AMS-34,HKG0,FRA-12,ICN-29,DFW-49,LHR-9,CLT-39,CDG-29,SFO1,LAX11,ORD-39,DXB-9,LAS-29
HND:JFK-14,CGK16,CDG-4,HND0,AMS-9,ATL-24,DXB-4,IST-24,SFO26,KUL-3,LHR16,LAS-4,PEK-14,CLT-14,ORD-14,BKK19,DFW-24,HKG5,ICN-4
IAH:JFK-60,HKG-70,CGK-10,CDG-50,HND-30,IAH0,AMS-55,ATL-30,BKK-7,DXB-70,SFO-20,KUL-49,LAX-10,LHR-30,PEK-40,CLT-60,ORD-40,IST-70,DFW-50,ICN-50,LAS-50
ICN:FRA-13,ICN0,DEL-3,CAN2,PVG-10,AMS17
IST:JFK-50,HND-20,ATL-60,IST0,KUL-39,DEL-13,CAN-8,PEK-10,CGK-9,BKK-6,PVG-30,AMS-45,HKG-60,FRA-23,ICN-40,DFW-60,LHR-20,CLT-50,CDG-40,SFO-10,LAX0,ORD-50,DXB-60,LAS-40
JFK:JFK0,HKG-30,ORD-20,CDG-10,HND10,ATL10,CGK30,IST-30,SFO20,KUL-9,LAX30,LHR10,PEK0,CLT-20,AMS-15,BKK33,DFW-30,DXB-30,ICN-10,LAS-10
KUL:JFK4,CGK10,CDG14,HND34,AMS9,ATL-6,DXB14,BKK13,SFO44,KUL0,LHR34,LAS14,PEK4,CLT4,ORD4,IST-6,DFW-6,HKG23,ICN14
LAS:JFK10,HKG0,CGK60,CDG20,HND40,AMS15,DFW20,BKK63,DXB0,SFO30,KUL21,LAX20,LHR40,PEK30,CLT10,ORD30,IST0,ATL40,ICN20,LAS0
LAX:SFO10,LAX0
LHR:JFK10,HKG0,ORD20,CDG10,HND20,ATL0,IST10,SFO60,KUL26,LHR0,PEK6,CLT10,AMS-25,LAS30,DFW10,DXB0,ICN20
MAD:JFK0,HKG-10,ORD10,CDG0,HND10,ATL-10,IST0,SFO50,KUL16,MAD0,PEK-4,CLT0,AMS-35,LAS20,DFW0,DXB-10,ICN10,LHR-10
MIA:JFK-20,HKG-30,ORD-20,CDG-10,HND10,MIA0,ATL10,CGK30,IST-30,SFO20,KUL-9,LAX30,LHR10,PEK0,CLT-20,AMS-15,BKK33,DFW-30,DXB-30,ICN-10,LAS-10
ORD:JFK-20,HKG-30,CGK30,CDG-10,HND10,AMS-15,ATL10,IST-30,SFO20,KUL-9,LAX30,LHR10,PEK0,CLT-20,ORD0,BKK33,DFW-30,DXB-30,ICN-10,LAS-10
PEK:JFK-40,HND-10,ATL-50,IST-50,KUL-29,DEL-3,CAN2,PEK0,CGK1,BKK4,PVG-20,AMS-35,HKG-50,FRA-13,ICN-30,DFW-50,LHR-10,CLT-40,CDG-30,SFO0,LAX10,ORD-40,DXB-50,LAS-30
PHX:JFK-46,HKG-56,CDG-36,HND-6,IAH-6,KUL-26,AMS-31,ATL-36,DXB-56,SFO-6,PHX0,LAX-16,LHR-6,DEN7,PEK-46,CLT-46,ORD-46,IST-56,DFW-56,LAS-36
PVG:FRA-3,ICN5,DEL7,CAN12,PVG0,AMS37
SFO:SFO0,LAX10
SIN:JFK35,IST25,CGK21,CDG45,ATL25,DXB25,SIN0,KUL11,PEK15,CLT35,BKK24,HKG34
-----
AMS:AMS0
ATL:JFK-50,HND-20,ATL0,IST-60,KUL-39,DEL-13,CAN-8,PEK-10,CGK-9,BKK-6,PVG-30,AMS-45,HKG-60,FRA-23,ICN-40,DFW-60,LHR-20,CLT-50,CDG-40,SFO-10,LAX0,ORD-50,DXB-60,LAS-40
BKK:JFK-49,HND-19,ATL-59,IST-59,KUL-38,DEL-12,CAN-7,PEK-9,CGK-8,BKK0,PVG-29,AMS-44,HKG10,FRA-22,ICN-39,DFW-59,LHR-19,CLT-49,CDG-39,SFO-9,LAX1,ORD-49,DXB1,LAS-39
CAN:FRA-15,DEL-5,CAN0,AMS-10
CDG:JFK-40,HND-10,ATL-50,IST-40,KUL-29,DEL-3,CAN2,PEK-4,CGK1,BKK4,PVG-20,AMS-35,HKG-50,FRA-13,ICN-30,DFW-50,LHR-10,CLT-40,CDG0,SFO0,LAX10,ORD-40,DXB-50,LAS-30
CGK:JFK-26,HND4,ATL-36,IST-36,KUL-15,DEL11,CAN16,PEK-6,CGK0,BKK3,PVG-6,AMS-21,HKG13,FRA1,ICN-16,DFW-36,LHR4,CLT-26,CDG-16,SFO14,LAX24,ORD-26,DXB4,LAS-16
CLT:JFK-60,HND-30,ATL-10,IST-70,KUL-49,DEL-23,CAN-18,PEK-20,CGK-19,BKK-16,PVG-40,AMS-55,HKG-70,FRA-33,ICN-50,DFW-30,LHR-30,CLT0,CDG-50,SFO-20,LAX-10,ORD-20,DXB-70,LAS-50
DEL:FRA-25,DEL0,CAN-10,AMS-20
DEN:JFK20,HKG10,CGK70,CDG30,HND50,AMS25,DFW30,BKK73,DXB10,SFO40,KUL31,LAX30,LHR50,DEN0,PEK40,CLT20,ORD40,IST10,ATL50,ICN30,LAS10
DFW:JFK-30,HND0,ATL20,IST-40,KUL-19,DEL7,CAN12,PEK10,CGK11,BKK14,PVG-10,AMS-25,HKG-40,FRA-3,ICN-20,DFW0,LHR0,CLT-30,CDG-20,SFO10,LAX20,ORD10,DXB-40,LAS-20
DXB:JFK-50,HND-20,ATL-60,IST-60,KUL-39,DEL-13,CAN-8,PEK-10,CGK-9,BKK-6,PVG-30,AMS-45,HKG-60,FRA-23,ICN-40,DFW-60,LHR-20,CLT-50,CDG-40,SFO-10,LAX0,ORD-50,DXB0,LAS-40
FRA:FRA0,DEL10,AMS5,CAN0
HKG:JFK-59,HND-29,ATL-69,IST-69,KUL-48,DEL-22,CAN-17,PEK-19,CGK-18,BKK-15,PVG-39,AMS-54,HKG0,FRA-32,ICN-49,DFW-69,LHR-29,CLT-59,CDG-49,SFO-19,LAX-9,ORD-59,DXB-9,LAS-49
HND:JFK-34,HND0,ATL-44,IST-44,KUL-23,DEL3,CAN8,PEK-14,CGK7,BKK10,PVG-14,AMS-29,HKG5,FRA-7,ICN-24,DFW-44,LHR-4,CLT-34,CDG-24,SFO6,LAX16,ORD-34,DXB-4,LAS-24
IAH:JFK-80,HND-50,ATL-30,IST-90,KUL-69,DEL-43,CAN-38,PEK-40,ICN-70,CGK-39,BKK-36,PVG-60,AMS-75,HKG-90,FRA-53,IAH0,DFW-50,LHR-50,CLT-80,CDG-70,SFO-40,LAX-30,ORD-40,DXB-90,LAS-70
ICN:FRA-18,ICN0,DEL-8,CAN-3,PVG-10,AMS2
IST:JFK-70,HND-40,ATL-80,IST0,KUL-59,DEL-33,CAN-28,PEK-10,CGK-29,BKK-26,PVG-50,AMS-65,HKG-80,FRA-43,ICN-60,DFW-80,LHR-40,CLT-70,CDG-60,SFO-30,LAX-20,ORD-70,DXB-80,LAS-60
JFK:JFK0,HND-10,ATL10,IST-50,KUL-29,DEL-3,CAN2,PEK0,CGK1,BKK4,PVG-20,AMS-35,HKG-50,FRA-13,ICN-30,DFW-50,LHR-10,CLT-40,CDG-30,SFO0,LAX10,ORD-40,DXB-50,LAS-30
KUL:JFK-16,HND14,ATL-26,IST-26,KUL0,DEL21,CAN26,PEK4,CGK10,BKK13,PVG4,AMS-11,HKG23,FRA11,ICN-6,DFW-26,LHR14,CLT-16,CDG-6,SFO24,LAX34,ORD-16,DXB14,LAS-6
LAS:JFK-10,HND20,ATL40,IST-20,KUL1,DEL27,CAN32,PEK30,CGK31,BKK34,PVG10,AMS-5,HKG-20,FRA17,ICN0,DFW20,LHR20,CLT-10,CDG0,SFO30,LAX20,ORD30,DXB-20,LAS0
LAX:SFO10,LAX0
LHR:JFK-10,HND20,ATL-20,IST-10,KUL1,DEL27,CAN32,PEK6,CGK36,BKK39,PVG10,AMS-25,HKG-20,FRA17,ICN0,DFW-20,LHR0,CLT-10,CDG10,SFO30,LAX50,ORD-10,DXB-20,LAS0
MAD:JFK-20,HND10,ATL-30,IST-20,KUL-9,DEL17,CAN22,PEK-4,CGK26,BKK29,PVG0,AMS-35,HKG-30,FRA7,ICN-10,DFW-30,LHR-10,CLT-20,CDG0,SFO20,LAX40,MAD0,ORD-20,DXB-30,LAS-10
MIA:JFK-40,HND-10,MIA0,ATL10,IST-50,KUL-29,DEL-3,CAN2,PEK0,CGK1,BKK4,PVG-20,AMS-35,HKG-50,FRA-13,ICN-30,DFW-50,LHR-10,CLT-40,CDG-30,SFO0,LAX10,ORD-40,DXB-50,LAS-30
ORD:JFK-40,HND-10,ATL10,IST-50,KUL-29,DEL-3,CAN2,PEK0,CGK1,BKK4,PVG-20,AMS-35,HKG-50,FRA-13,ICN-30,DFW-50,LHR-10,CLT-40,CDG-30,SFO0,LAX10,ORD0,DXB-50,LAS-30
PEK:JFK-60,HND-30,ATL-70,IST-70,KUL-49,DEL-23,CAN-18,PEK0,CGK-19,BKK-16,PVG-40,AMS-55,HKG-70,FRA-33,ICN-50,DFW-70,LHR-30,CLT-60,CDG-50,SFO-20,LAX-10,ORD-60,DXB-70,LAS-50
PHX:JFK-66,HND-36,ATL-36,IST-76,KUL-55,DEN7,PEK-46,ICN-56,CGK-16,BKK-13,AMS-61,HKG-76,IAH-6,DFW-56,LHR-36,CLT-66,CDG-56,SFO-26,PHX0,LAX-16,ORD-46,DXB-76,LAS-56
PVG:FRA-8,ICN5,DEL2,CAN7,PVG0,AMS22
SFO:SFO0,LAX10
SIN:JFK15,IST5,CGK21,CDG25,HND45,AMS20,ATL5,DXB25,SIN0,SFO55,KUL11,LHR45,LAS25,PEK15,CLT15,ORD15,BKK24,DFW5,HKG34,ICN25
-----
AMS:AMS0
ATL:JFK-70,HND-40,ATL0,IST-80,KUL-59,DEL-33,CAN-28,PEK-10,CGK-29,BKK-26,PVG-50,AMS-65,HKG-80,FRA-43,ICN-60,DFW-80,LHR-40,CLT-70,CDG-60,SFO-30,LAX-20,ORD-70,DXB-80,LAS-60
BKK:JFK-69,HND-39,ATL-79,IST-79,KUL-58,DEL-32,CAN-27,PEK-9,CGK-28,BKK0,PVG-49,AMS-64,HKG10,FRA-42,ICN-59,DFW-79,LHR-39,CLT-69,CDG-59,SFO-29,LAX-19,ORD-69,DXB1,LAS-59
CAN:FRA-15,DEL-5,CAN0,AMS-25
CDG:JFK-60,HND-30,ATL-70,IST-60,KUL-49,DEL-23,CAN-18,PEK-4,CGK-19,BKK-16,PVG-40,AMS-55,HKG-70,FRA-33,ICN-50,DFW-70,LHR-30,CLT-60,CDG0,SFO-20,LAX-10,ORD-60,DXB-70,LAS-50
CGK:JFK-46,HND-16,ATL-56,IST-56,KUL-35,DEL-9,CAN-4,PEK-6,CGK0,BKK3,PVG-26,AMS-41,HKG13,FRA-19,ICN-36,DFW-56,LHR-16,CLT-46,CDG-36,SFO-6,LAX4,ORD-46,DXB4,LAS-36
CLT:JFK-80,HND-50,ATL-10,IST-90,KUL-69,DEL-43,CAN-38,PEK-20,CGK-39,BKK-36,PVG-60,AMS-75,HKG-90,FRA-53,ICN-70,DFW-30,LHR-50,CLT0,CDG-70,SFO-40,LAX-30,ORD-20,DXB-90,LAS-70
DEL:FRA-25,DEL0,CAN-10,AMS-35
DEN:JFK0,HND30,ATL50,IST-10,KUL11,DEL37,CAN42,DEN0,PEK40,CGK41,BKK44,PVG20,AMS5,HKG-10,FRA27,ICN10,DFW30,LHR30,CLT0,CDG10,SFO40,LAX30,ORD40,DXB-10,LAS10
DFW:JFK-50,HND-20,ATL20,IST-60,KUL-39,DEL-13,CAN-8,PEK10,CGK-9,BKK-6,PVG-30,AMS-45,HKG-60,FRA-23,ICN-40,DFW0,LHR-20,CLT-50,CDG-40,SFO-10,LAX0,ORD10,DXB-60,LAS-40
DXB:JFK-70,HND-40,ATL-80,IST-80,KUL-59,DEL-33,CAN-28,PEK-10,CGK-29,BKK-26,PVG-50,AMS-65,HKG-80,FRA-43,ICN-60,DFW-80,LHR-40,CLT-70,CDG-60,SFO-30,LAX-20,ORD-70,DXB0,LAS-60
FRA:FRA0,DEL10,AMS-10,CAN0
HKG:JFK-79,HND-49,ATL-89,IST-89,KUL-68,DEL-42,CAN-37,PEK-19,CGK-38,BKK-35,PVG-59,AMS-74,HKG0,FRA-52,ICN-69,DFW-89,LHR-49,CLT-79,CDG-69,SFO-39,LAX-29,ORD-79,DXB-9,LAS-69
HND:JFK-54,HND0,ATL-64,IST-64,KUL-43,DEL-17,CAN-12,PEK-14,CGK-13,BKK-10,PVG-34,AMS-49,HKG5,FRA-27,ICN-44,DFW-64,LHR-24,CLT-54,CDG-44,SFO-14,LAX-4,ORD-54,DXB-4,LAS-44
IAH:JFK-99,HND-70,ATL-30,IST-99,KUL-89,DEL-63,CAN-58,PEK-40,ICN-90,CGK-59,BKK-56,PVG-80,AMS-95,HKG-99,FRA-73,IAH0,DFW-50,LHR-70,CLT-99,CDG-90,SFO-60,LAX-50,ORD-40,DXB-99,LAS-90
ICN:FRA-23,ICN0,DEL-13,CAN-8,PVG-10,AMS-13
IST:JFK-90,HND-60,ATL-99,IST0,KUL-79,DEL-53,CAN-48,PEK-10,CGK-49,BKK-46,PVG-70,AMS-85,HKG-99,FRA-63,ICN-80,DFW-99,LHR-60,CLT-90,CDG-80,SFO-50,LAX-40,ORD-90,DXB-99,LAS-80
JFK:JFK0,HND-30,ATL10,IST-70,KUL-49,DEL-23,CAN-18,PEK0,CGK-19,BKK-16,PVG-40,AMS-55,HKG-70,FRA-33,ICN-50,DFW-70,LHR-30,CLT-60,CDG-50,SFO-20,LAX-10,ORD-60,DXB-70,LAS-50
KUL:JFK-36,HND-6,ATL-46,IST-46,KUL0,DEL1,CAN6,PEK4,CGK10,BKK13,PVG-16,AMS-31,HKG23,FRA-9,ICN-26,DFW-46,LHR-6,CLT-36,CDG-26,SFO4,LAX14,ORD-36,DXB14,LAS-26
LAS:JFK-30,HND0,ATL40,IST-40,KUL-19,DEL7,CAN12,PEK30,CGK11,BKK14,PVG-10,AMS-25,HKG-40,FRA-3,ICN-20,DFW20,LHR0,CLT-30,CDG-20,SFO10,LAX20,ORD30,DXB-40,LAS0
LAX:SFO10,LAX0
LHR:JFK-30,HND0,ATL-40,IST-30,KUL-19,DEL7,CAN12,PEK6,CGK11,BKK14,PVG-10,AMS-25,HKG-40,FRA-3,ICN-20,DFW-40,LHR0,CLT-30,CDG10,SFO10,LAX20,ORD-30,DXB-40,LAS-20
MAD:JFK-40,HND-10,ATL-50,IST-40,KUL-29,DEL-3,CAN2,PEK-4,CGK1,BKK4,PVG-20,AMS-35,HKG-50,FRA-13,ICN-30,DFW-50,LHR-10,CLT-40,CDG0,SFO0,LAX10,MAD0,ORD-40,DXB-50,LAS-30
MIA:JFK-60,HND-30,MIA0,ATL10,IST-70,KUL-49,DEL-23,CAN-18,PEK0,CGK-19,BKK-16,PVG-40,AMS-55,HKG-70,FRA-33,ICN-50,DFW-70,LHR-30,CLT-60,CDG-50,SFO-20,LAX-10,ORD-60,DXB-70,LAS-50
ORD:JFK-60,HND-30,ATL10,IST-70,KUL-49,DEL-23,CAN-18,PEK0,CGK-19,BKK-16,PVG-40,AMS-55,HKG-70,FRA-33,ICN-50,DFW-70,LHR-30,CLT-60,CDG-50,SFO-20,LAX-10,ORD0,DXB-70,LAS-50
PEK:JFK-80,HND-50,ATL-90,IST-90,KUL-69,DEL-43,CAN-38,PEK0,CGK-39,BKK-36,PVG-60,AMS-75,HKG-90,FRA-53,ICN-70,DFW-90,LHR-50,CLT-80,CDG-70,SFO-40,LAX-30,ORD-80,DXB-90,LAS-70
PHX:JFK-86,HND-56,ATL-36,IST-96,KUL-75,DEL-49,CAN-44,DEN7,PEK-46,ICN-76,CGK-45,BKK-42,PVG-66,AMS-81,HKG-96,FRA-59,IAH-6,DFW-56,LHR-56,CLT-86,CDG-76,SFO-46,PHX0,LAX-36,ORD-46,DXB-96,LAS-76
PVG:FRA-13,ICN5,DEL-3,CAN2,PVG0,AMS7
SFO:SFO0,LAX10
SIN:JFK-5,HND25,ATL-15,IST-15,KUL11,DEL32,CAN37,PEK15,SIN0,CGK21,BKK24,PVG15,AMS0,HKG34,FRA22,ICN5,DFW-15,LHR25,CLT-5,CDG5,SFO35,LAX45,ORD-5,DXB25,LAS5
-----
AMS:AMS0
ATL:JFK-90,HND-60,ATL0,IST-99,KUL-79,DEL-53,CAN-48,PEK-10,CGK-49,BKK-46,PVG-70,AMS-85,HKG-99,FRA-63,ICN-80,DFW-99,LHR-60,CLT-90,CDG-80,SFO-50,LAX-40,ORD-90,DXB-99,LAS-80
BKK:JFK-99,HND-59,ATL-99,IST-99,KUL-78,DEL-52,CAN-47,PEK-9,CGK-48,BKK0,PVG-69,AMS-84,HKG10,FRA-62,ICN-79,DFW-99,LHR-59,CLT-99,CDG-79,SFO-49,LAX-39,ORD-99,DXB1,LAS-79
CAN:FRA-15,DEL-5,CAN0,AMS-40
CDG:JFK-80,HND-50,ATL-99,IST-99,KUL-69,DEL-43,CAN-38,PEK-4,CGK-39,BKK-36,PVG-60,AMS-75,HKG-99,FRA-53,ICN-70,DFW-99,LHR-50,CLT-80,CDG0,SFO-40,LAX-30,ORD-80,DXB-99,LAS-70
CGK:JFK-66,HND-36,ATL-76,IST-76,KUL-55,DEL-29,CAN-24,PEK-6,CGK0,BKK3,PVG-46,AMS-61,HKG13,FRA-39,ICN-56,DFW-76,LHR-36,CLT-66,CDG-56,SFO-26,LAX-16,ORD-66,DXB4,LAS-56
CLT:JFK-99,HND-70,ATL-10,IST-99,KUL-89,DEL-63,CAN-58,PEK-20,CGK-59,BKK-56,PVG-80,AMS-95,HKG-99,FRA-73,ICN-90,DFW-30,LHR-70,CLT0,CDG-90,SFO-60,LAX-50,ORD-20,DXB-99,LAS-90
DEL:FRA-25,DEL0,CAN-10,AMS-50
DEN:JFK-20,HND10,ATL50,IST-30,KUL-9,DEL17,CAN22,DEN0,PEK40,CGK21,BKK24,PVG0,AMS-15,HKG-30,FRA7,ICN-10,DFW30,LHR10,CLT-20,CDG-10,SFO20,LAX30,ORD40,DXB-30,LAS10
DFW:JFK-70,HND-40,ATL20,IST-99,KUL-59,DEL-33,CAN-28,PEK10,CGK-29,BKK-26,PVG-50,AMS-65,HKG-99,FRA-43,ICN-60,DFW0,LHR-40,CLT-70,CDG-60,SFO-30,LAX-20,ORD10,DXB-99,LAS-60
DXB:JFK-90,HND-60,ATL-99,IST-99,KUL-79,DEL-53,CAN-48,PEK-10,CGK-49,BKK-46,PVG-70,AMS-85,HKG-99,FRA-63,ICN-80,DFW-99,LHR-60,CLT-90,CDG-80,SFO-50,LAX-40,ORD-90,DXB0,LAS-80
FRA:FRA0,DEL10,AMS-25,CAN0
HKG:JFK-99,HND-69,ATL-99,IST-99,KUL-88,DEL-62,CAN-57,PEK-19,CGK-58,BKK-55,PVG-79,AMS-94,HKG0,FRA-72,ICN-89,DFW-99,LHR-69,CLT-99,CDG-89,SFO-59,LAX-49,ORD-99,DXB-9,LAS-89
HND:JFK-74,HND0,ATL-84,IST-84,KUL-63,DEL-37,CAN-32,PEK-14,CGK-33,BKK-30,PVG-54,AMS-69,HKG5,FRA-47,ICN-64,DFW-84,LHR-44,CLT-74,CDG-64,SFO-34,LAX-24,ORD-74,DXB-4,LAS-64
IAH:JFK-99,HND-90,ATL-30,IST-99,KUL-99,DEL-83,CAN-78,PEK-40,ICN-99,CGK-79,BKK-76,PVG-99,AMS-99,HKG-99,FRA-93,IAH0,DFW-50,LHR-90,CLT-99,CDG-99,SFO-80,LAX-70,ORD-40,DXB-99,LAS-99
ICN:FRA-28,ICN0,DEL-18,CAN-13,PVG-10,AMS-28
IST:JFK-99,HND-80,ATL-99,IST0,KUL-99,DEL-73,CAN-68,PEK-10,CGK-69,BKK-66,PVG-90,AMS-99,HKG-99,FRA-83,ICN-99,DFW-99,LHR-80,CLT-99,CDG-99,SFO-70,LAX-60,ORD-99,DXB-99,LAS-99
JFK:JFK0,HND-50,ATL10,IST-99,KUL-69,DEL-43,CAN-38,PEK0,CGK-39,BKK-36,PVG-60,AMS-75,HKG-99,FRA-53,ICN-70,DFW-99,LHR-50,CLT-80,CDG-70,SFO-40,LAX-30,ORD-80,DXB-99,LAS-70
KUL:JFK-56,HND-26,ATL-66,IST-66,KUL0,DEL-19,CAN-14,PEK4,CGK10,BKK13,PVG-36,AMS-51,HKG23,FRA-29,ICN-46,DFW-66,LHR-26,CLT-56,CDG-46,SFO-16,LAX-6,ORD-56,DXB14,LAS-46
LAS:JFK-50,HND-20,ATL40,IST-99,KUL-39,DEL-13,CAN-8,PEK30,CGK-9,BKK-6,PVG-30,AMS-45,HKG-99,FRA-23,ICN-40,DFW20,LHR-20,CLT-50,CDG-40,SFO-10,LAX0,ORD30,DXB-99,LAS0
LAX:SFO10,LAX0
LHR:JFK-50,HND-20,ATL-60,IST-50,KUL-39,DEL-13,CAN-8,PEK6,CGK-9,BKK-6,PVG-30,AMS-45,HKG-60,FRA-23,ICN-40,DFW-60,LHR0,CLT-50,CDG10,SFO-10,LAX0,ORD-50,DXB-60,LAS-40
MAD:JFK-60,HND-30,ATL-70,IST-60,KUL-49,DEL-23,CAN-18,PEK-4,CGK-19,BKK-16,PVG-40,AMS-55,HKG-70,FRA-33,ICN-50,DFW-70,LHR-10,CLT-60,CDG0,SFO-20,LAX-10,MAD0,ORD-60,DXB-70,LAS-50
MIA:JFK-80,HND-50,MIA0,ATL10,IST-99,KUL-69,DEL-43,CAN-38,PEK0,CGK-39,BKK-36,PVG-60,AMS-75,HKG-99,FRA-53,ICN-70,DFW-99,LHR-50,CLT-80,CDG-70,SFO-40,LAX-30,ORD-80,DXB-99,LAS-70
ORD:JFK-80,HND-50,ATL10,IST-99,KUL-69,DEL-43,CAN-38,PEK0,CGK-39,BKK-36,PVG-60,AMS-75,HKG-99,FRA-53,ICN-70,DFW-99,LHR-50,CLT-80,CDG-70,SFO-40,LAX-30,ORD0,DXB-99,LAS-70
PEK:JFK-99,HND-70,ATL-99,IST-99,KUL-89,DEL-63,CAN-58,PEK0,CGK-59,BKK-56,PVG-80,AMS-95,HKG-99,FRA-73,ICN-90,DFW-99,LHR-70,CLT-99,CDG-90,SFO-60,LAX-50,ORD-99,DXB-99,LAS-90
PHX:JFK-99,HND-76,ATL-36,IST-99,KUL-95,DEL-69,CAN-64,DEN7,PEK-46,ICN-96,CGK-65,BKK-62,PVG-86,AMS-99,HKG-99,FRA-79,IAH-6,DFW-56,LHR-76,CLT-99,CDG-96,SFO-66,PHX0,LAX-56,ORD-46,DXB-99,LAS-96
PVG:FRA-18,ICN5,DEL-8,CAN-3,PVG0,AMS-8
SFO:SFO0,LAX10
SIN:JFK-25,HND5,ATL-35,IST-35,KUL11,DEL12,CAN17,PEK15,SIN0,CGK21,BKK24,PVG-5,AMS-20,HKG34,FRA2,ICN-15,DFW-35,LHR5,CLT-25,CDG-15,SFO15,LAX25,ORD-25,DXB25,LAS-15
-----
AMS:AMS0
ATL:JFK-99,HND-80,ATL0,IST-99,KUL-99,DEL-73,CAN-68,PEK-10,CGK-69,BKK-66,PVG-90,AMS-99,HKG-99,FRA-83,ICN-99,DFW-99,LHR-80,CLT-99,CDG-99,SFO-70,LAX-60,ORD-99,DXB-99,LAS-99
BKK:JFK-99,HND-79,ATL-99,IST-99,KUL-99,DEL-72,CAN-67,PEK-9,CGK-68,BKK0,PVG-99,AMS-99,HKG10,FRA-82,ICN-99,DFW-99,LHR-79,CLT-99,CDG-99,SFO-69,LAX-59,ORD-99,DXB1,LAS-99
CAN:FRA-15,DEL-5,CAN0,AMS-55
CDG:JFK-99,HND-70,ATL-99,IST-99,KUL-99,DEL-63,CAN-58,PEK-4,CGK-59,BKK-56,PVG-80,AMS-99,HKG-99,FRA-73,ICN-99,DFW-99,LHR-70,CLT-99,CDG0,SFO-60,LAX-50,ORD-99,DXB-99,LAS-99
CGK:JFK-99,HND-56,ATL-99,IST-99,KUL-75,DEL-49,CAN-44,PEK-6,CGK0,BKK3,PVG-66,AMS-81,HKG13,FRA-59,ICN-76,DFW-99,LHR-56,CLT-99,CDG-76,SFO-46,LAX-36,ORD-99,DXB4,LAS-76
CLT:JFK-99,HND-90,ATL-10,IST-99,KUL-99,DEL-83,CAN-78,PEK-20,CGK-79,BKK-76,PVG-99,AMS-99,HKG-99,FRA-93,ICN-99,DFW-30,LHR-90,CLT0,CDG-99,SFO-80,LAX-70,ORD-20,DXB-99,LAS-99
DEL:FRA-25,DEL0,CAN-10,AMS-65
DEN:JFK-40,HND-10,ATL50,IST-99,KUL-29,DEL-3,CAN2,DEN0,PEK40,CGK1,BKK4,PVG-20,AMS-35,HKG-99,FRA-13,ICN-30,DFW30,LHR-10,CLT-40,CDG-30,SFO0,LAX10,ORD40,DXB-99,LAS10
DFW:JFK-99,HND-60,ATL20,IST-99,KUL-99,DEL-53,CAN-48,PEK10,CGK-49,BKK-46,PVG-70,AMS-99,HKG-99,FRA-63,ICN-99,DFW0,LHR-60,CLT-99,CDG-99,SFO-50,LAX-40,ORD10,DXB-99,LAS-99
DXB:JFK-99,HND-80,ATL-99,IST-99,KUL-99,DEL-73,CAN-68,PEK-10,CGK-69,BKK-66,PVG-90,AMS-99,HKG-99,FRA-83,ICN-99,DFW-99,LHR-80,CLT-99,CDG-99,SFO-70,LAX-60,ORD-99,DXB0,LAS-99
FRA:FRA0,DEL10,AMS-40,CAN0
HKG:JFK-99,HND-89,ATL-99,IST-99,KUL-99,DEL-82,CAN-77,PEK-19,CGK-78,BKK-75,PVG-99,AMS-99,HKG0,FRA-92,ICN-99,DFW-99,LHR-89,CLT-99,CDG-99,SFO-79,LAX-69,ORD-99,DXB-9,LAS-99
HND:JFK-99,HND0,ATL-99,IST-99,KUL-83,DEL-57,CAN-52,PEK-14,CGK-53,BKK-50,PVG-74,AMS-89,HKG5,FRA-67,ICN-84,DFW-99,LHR-64,CLT-99,CDG-84,SFO-54,LAX-44,ORD-99,DXB-4,LAS-84
IAH:JFK-99,HND-99,ATL-30,IST-99,KUL-99,DEL-99,CAN-98,PEK-40,ICN-99,CGK-99,BKK-96,PVG-99,AMS-99,HKG-99,FRA-99,IAH0,DFW-50,LHR-99,CLT-99,CDG-99,SFO-99,LAX-90,ORD-40,DXB-99,LAS-99
ICN:FRA-33,ICN0,DEL-23,CAN-18,PVG-10,AMS-43
IST:JFK-99,HND-99,ATL-99,IST0,KUL-99,DEL-93,CAN-88,PEK-10,CGK-89,BKK-86,PVG-99,AMS-99,HKG-99,FRA-99,ICN-99,DFW-99,LHR-99,CLT-99,CDG-99,SFO-90,LAX-80,ORD-99,DXB-99,LAS-99
JFK:JFK0,HND-70,ATL10,IST-99,KUL-99,DEL-63,CAN-58,PEK0,CGK-59,BKK-56,PVG-80,AMS-99,HKG-99,FRA-73,ICN-99,DFW-99,LHR-70,CLT-99,CDG-99,SFO-60,LAX-50,ORD-99,DXB-99,LAS-99
KUL:JFK-99,HND-46,ATL-99,IST-99,KUL0,DEL-39,CAN-34,PEK4,CGK10,BKK13,PVG-56,AMS-71,HKG23,FRA-49,ICN-66,DFW-99,LHR-46,CLT-99,CDG-66,SFO-36,LAX-26,ORD-99,DXB14,LAS-66
LAS:JFK-99,HND-40,ATL40,IST-99,KUL-99,DEL-33,CAN-28,PEK30,CGK-29,BKK-26,PVG-50,AMS-99,HKG-99,FRA-43,ICN-99,DFW20,LHR-40,CLT-99,CDG-99,SFO-30,LAX-20,ORD30,DXB-99,LAS0
LAX:SFO10,LAX0
LHR:JFK-70,HND-40,ATL-99,IST-99,KUL-59,DEL-33,CAN-28,PEK6,CGK-29,BKK-26,PVG-50,AMS-65,HKG-99,FRA-43,ICN-60,DFW-99,LHR0,CLT-70,CDG10,SFO-30,LAX-20,ORD-70,DXB-99,LAS-60
MAD:JFK-80,HND-50,ATL-99,IST-99,KUL-69,DEL-43,CAN-38,PEK-4,CGK-39,BKK-36,PVG-60,AMS-75,HKG-99,FRA-53,ICN-70,DFW-99,LHR-10,CLT-80,CDG0,SFO-40,LAX-30,MAD0,ORD-80,DXB-99,LAS-70
MIA:JFK-99,HND-70,MIA0,ATL10,IST-99,KUL-99,DEL-63,CAN-58,PEK0,CGK-59,BKK-56,PVG-80,AMS-99,HKG-99,FRA-73,ICN-99,DFW-99,LHR-70,CLT-99,CDG-99,SFO-60,LAX-50,ORD-99,DXB-99,LAS-99
ORD:JFK-99,HND-70,ATL10,IST-99,KUL-99,DEL-63,CAN-58,PEK0,CGK-59,BKK-56,PVG-80,AMS-99,HKG-99,FRA-73,ICN-99,DFW-99,LHR-70,CLT-99,CDG-99,SFO-60,LAX-50,ORD0,DXB-99,LAS-99
PEK:JFK-99,HND-90,ATL-99,IST-99,KUL-99,DEL-83,CAN-78,PEK0,CGK-79,BKK-76,PVG-99,AMS-99,HKG-99,FRA-93,ICN-99,DFW-99,LHR-90,CLT-99,CDG-99,SFO-80,LAX-70,ORD-99,DXB-99,LAS-99
PHX:JFK-99,HND-96,ATL-36,IST-99,KUL-99,DEL-89,CAN-84,DEN7,PEK-46,ICN-99,CGK-85,BKK-82,PVG-99,AMS-99,HKG-99,FRA-99,IAH-6,DFW-56,LHR-96,CLT-99,CDG-99,SFO-86,PHX0,LAX-76,ORD-46,DXB-99,LAS-99
PVG:FRA-23,ICN5,DEL-13,CAN-8,PVG0,AMS-23
SFO:SFO0,LAX10
SIN:JFK-45,HND-15,ATL-55,IST-55,KUL11,DEL-8,CAN-3,PEK15,SIN0,CGK21,BKK24,PVG-25,AMS-40,HKG34,FRA-18,ICN-35,DFW-55,LHR-15,CLT-45,CDG-35,SFO-5,LAX5,ORD-45,DXB25,LAS-35
-----
AMS:AMS0
ATL:JFK-99,HND-99,ATL0,IST-99,KUL-99,DEL-93,CAN-88,PEK-10,CGK-89,BKK-86,PVG-99,AMS-99,HKG-99,FRA-99,ICN-99,DFW-99,LHR-99,CLT-99,CDG-99,SFO-90,LAX-80,ORD-99,DXB-99,LAS-99
BKK:JFK-99,HND-99,ATL-99,IST-99,KUL-99,DEL-99,CAN-87,PEK-9,CGK-88,BKK0,PVG-99,AMS-99,HKG10,FRA-99,ICN-99,DFW-99,LHR-99,CLT-99,CDG-99,SFO-99,LAX-79,ORD-99,DXB1,LAS-99
CAN:FRA-15,DEL-5,CAN0,AMS-70
CDG:JFK-99,HND-99,ATL-99,IST-99,KUL-99,DEL-83,CAN-78,PEK-4,CGK-79,BKK-76,PVG-99,AMS-99,HKG-99,FRA-99,ICN-99,DFW-99,LHR-99,CLT-99,CDG0,SFO-80,LAX-70,ORD-99,DXB-99,LAS-99
CGK:JFK-99,HND-76,ATL-99,IST-99,KUL-99,DEL-69,CAN-64,PEK-6,CGK0,BKK3,PVG-99,AMS-99,HKG13,FRA-79,ICN-99,DFW-99,LHR-76,CLT-99,CDG-99,SFO-66,LAX-56,ORD-99,DXB4,LAS-99
CLT:JFK-99,HND-99,ATL-10,IST-99,KUL-99,DEL-99,CAN-98,PEK-20,CGK-99,BKK-96,PVG-99,AMS-99,HKG-99,FRA-99,ICN-99,DFW-30,LHR-99,CLT0,CDG-99,SFO-99,LAX-90,ORD-20,DXB-99,LAS-99
DEL:FRA-25,DEL0,CAN-10,AMS-80
DEN:JFK-99,HND-30,ATL50,IST-99,KUL-99,DEL-23,CAN-18,DEN0,PEK40,CGK-19,BKK-16,PVG-40,AMS-99,HKG-99,FRA-33,ICN-99,DFW30,LHR-30,CLT-99,CDG-99,SFO-20,LAX-10,ORD40,DXB-99,LAS10
DFW:JFK-99,HND-99,ATL20,IST-99,KUL-99,DEL-73,CAN-68,PEK10,CGK-69,BKK-66,PVG-99,AMS-99,HKG-99,FRA-99,ICN-99,DFW0,LHR-99,CLT-99,CDG-99,SFO-70,LAX-60,ORD10,DXB-99,LAS-99
DXB:JFK-99,HND-99,ATL-99,IST-99,KUL-99,DEL-93,CAN-88,PEK-10,CGK-89,BKK-86,PVG-99,AMS-99,HKG-99,FRA-99,ICN-99,DFW-99,LHR-99,CLT-99,CDG-99,SFO-90,LAX-80,ORD-99,DXB0,LAS-99
FRA:FRA0,DEL10,AMS-55,CAN0
HKG:JFK-99,HND-99,ATL-99,IST-99,KUL-99,DEL-99,CAN-97,PEK-19,CGK-98,BKK-95,PVG-99,AMS-99,HKG0,FRA-99,ICN-99,DFW-99,LHR-99,CLT-99,CDG-99,SFO-99,LAX-89,ORD-99,DXB-9,LAS-99
HND:JFK-99,HND0,ATL-99,IST-99,KUL-99,DEL-77,CAN-72,PEK-14,CGK-73,BKK-70,PVG-99,AMS-99,HKG5,FRA-87,ICN-99,DFW-99,LHR-84,CLT-99,CDG-99,SFO-74,LAX-64,ORD-99,DXB-4,LAS-99
IAH:JFK-99,HND-99,ATL-30,IST-99,KUL-99,DEL-99,CAN-99,PEK-40,ICN-99,CGK-99,BKK-99,PVG-99,AMS-99,HKG-99,FRA-99,IAH0,DFW-50,LHR-99,CLT-99,CDG-99,SFO-99,LAX-99,ORD-40,DXB-99,LAS-99
ICN:FRA-38,ICN0,DEL-28,CAN-23,PVG-10,AMS-58
IST:JFK-99,HND-99,ATL-99,IST0,KUL-99,DEL-99,CAN-99,PEK-10,CGK-99,BKK-99,PVG-99,AMS-99,HKG-99,FRA-99,ICN-99,DFW-99,LHR-99,CLT-99,CDG-99,SFO-99,LAX-99,ORD-99,DXB-99,LAS-99
JFK:JFK0,HND-99,ATL10,IST-99,KUL-99,DEL-83,CAN-78,PEK0,CGK-79,BKK-76,PVG-99,AMS-99,HKG-99,FRA-99,ICN-99,DFW-99,LHR-99,CLT-99,CDG-99,SFO-80,LAX-70,ORD-99,DXB-99,LAS-99
KUL:JFK-99,HND-66,ATL-99,IST-99,KUL0,DEL-59,CAN-54,PEK4,CGK10,BKK13,PVG-99,AMS-99,HKG23,FRA-69,ICN-99,DFW-99,LHR-66,CLT-99,CDG-99,SFO-56,LAX-46,ORD-99,DXB14,LAS-99
LAS:JFK-99,HND-99,ATL40,IST-99,KUL-99,DEL-53,CAN-48,PEK30,CGK-49,BKK-46,PVG-99,AMS-99,HKG-99,FRA-99,ICN-99,DFW20,LHR-99,CLT-99,CDG-99,SFO-50,LAX-40,ORD30,DXB-99,LAS0
LAX:SFO10,LAX0
LHR:JFK-99,HND-60,ATL-99,IST-99,KUL-99,DEL-53,CAN-48,PEK6,CGK-49,BKK-46,PVG-70,AMS-99,HKG-99,FRA-63,ICN-99,DFW-99,LHR0,CLT-99,CDG10,SFO-50,LAX-40,ORD-99,DXB-99,LAS-99
MAD:JFK-99,HND-70,ATL-99,IST-99,KUL-99,DEL-63,CAN-58,PEK-4,CGK-59,BKK-56,PVG-80,AMS-99,HKG-99,FRA-73,ICN-99,DFW-99,LHR-10,CLT-99,CDG0,SFO-60,LAX-50,MAD0,ORD-99,DXB-99,LAS-99
MIA:JFK-99,HND-99,MIA0,ATL10,IST-99,KUL-99,DEL-83,CAN-78,PEK0,CGK-79,BKK-76,PVG-99,AMS-99,HKG-99,FRA-99,ICN-99,DFW-99,LHR-99,CLT-99,CDG-99,SFO-80,LAX-70,ORD-99,DXB-99,LAS-99
ORD:JFK-99,HND-99,ATL10,IST-99,KUL-99,DEL-83,CAN-78,PEK0,CGK-79,BKK-76,PVG-99,AMS-99,HKG-99,FRA-99,ICN-99,DFW-99,LHR-99,CLT-99,CDG-99,SFO-80,LAX-70,ORD0,DXB-99,LAS-99
PEK:JFK-99,HND-99,ATL-99,IST-99,KUL-99,DEL-99,CAN-98,PEK0,CGK-99,BKK-96,PVG-99,AMS-99,HKG-99,FRA-99,ICN-99,DFW-99,LHR-99,CLT-99,CDG-99,SFO-99,LAX-90,ORD-99,DXB-99,LAS-99
PHX:JFK-99,HND-99,ATL-36,IST-99,KUL-99,DEL-99,CAN-99,DEN7,PEK-46,ICN-99,CGK-99,BKK-99,PVG-99,AMS-99,HKG-99,FRA-99,IAH-6,DFW-56,LHR-99,CLT-99,CDG-99,SFO-99,PHX0,LAX-96,ORD-46,DXB-99,LAS-99
PVG:FRA-28,ICN5,DEL-18,CAN-13,PVG0,AMS-38
SFO:SFO0,LAX10
SIN:JFK-99,HND-35,ATL-99,IST-99,KUL11,DEL-28,CAN-23,PEK15,SIN0,CGK21,BKK24,PVG-45,AMS-60,HKG34,FRA-38,ICN-55,DFW-99,LHR-35,CLT-99,CDG-55,SFO-25,LAX-15,ORD-99,DXB25,LAS-55
-----
AMS:AMS0
ATL:JFK-99,HND-99,ATL0,IST-99,KUL-99,DEL-99,CAN-99,PEK-10,CGK-99,BKK-99,PVG-99,AMS-99,HKG-99,FRA-99,ICN-99,DFW-99,LHR-99,CLT-99,CDG-99,SFO-99,LAX-99,ORD-99,DXB-99,LAS-99
BKK:JFK-99,HND-99,ATL-99,IST-99,KUL-99,DEL-99,CAN-99,PEK-9,CGK-99,BKK0,PVG-99,AMS-99,HKG10,FRA-99,ICN-99,DFW-99,LHR-99,CLT-99,CDG-99,SFO-99,LAX-99,ORD-99,DXB1,LAS-99
CAN:FRA-15,DEL-5,CAN0,AMS-85
CDG:JFK-99,HND-99,ATL-99,IST-99,KUL-99,DEL-99,CAN-99,PEK-4,CGK-99,BKK-99,PVG-99,AMS-99,HKG-99,FRA-99,ICN-99,DFW-99,LHR-99,CLT-99,CDG0,SFO-99,LAX-99,ORD-99,DXB-99,LAS-99
CGK:JFK-99,HND-99,ATL-99,IST-99,KUL-99,DEL-99,CAN-84,PEK-6,CGK0,BKK3,PVG-99,AMS-99,HKG13,FRA-99,ICN-99,DFW-99,LHR-99,CLT-99,CDG-99,SFO-99,LAX-76,ORD-99,DXB4,LAS-99
CLT:JFK-99,HND-99,ATL-10,IST-99,KUL-99,DEL-99,CAN-99,PEK-20,CGK-99,BKK-99,PVG-99,AMS-99,HKG-99,FRA-99,ICN-99,DFW-30,LHR-99,CLT0,CDG-99,SFO-99,LAX-99,ORD-20,DXB-99,LAS-99
DEL:FRA-25,DEL0,CAN-10,AMS-95
DEN:JFK-99,HND-99,ATL50,IST-99,KUL-99,DEL-43,CAN-38,DEN0,PEK40,CGK-39,BKK-36,PVG-99,AMS-99,HKG-99,FRA-99,ICN-99,DFW30,LHR-99,CLT-99,CDG-99,SFO-40,LAX-30,ORD40,DXB-99,LAS10
DFW:JFK-99,HND-99,ATL20,IST-99,KUL-99,DEL-99,CAN-99,PEK10,CGK-99,BKK-99,PVG-99,AMS-99,HKG-99,FRA-99,ICN-99,DFW0,LHR-99,CLT-99,CDG-99,SFO-99,LAX-99,ORD10,DXB-99,LAS-99
DXB:JFK-99,HND-99,ATL-99,IST-99,KUL-99,DEL-99,CAN-99,PEK-10,CGK-99,BKK-99,PVG-99,AMS-99,HKG-99,FRA-99,ICN-99,DFW-99,LHR-99,CLT-99,CDG-99,SFO-99,LAX-99,ORD-99,DXB0,LAS-99
FRA:FRA0,DEL10,AMS-70,CAN0
HKG:JFK-99,HND-99,ATL-99,IST-99,KUL-99,DEL-99,CAN-99,PEK-19,CGK-99,BKK-99,PVG-99,AMS-99,HKG0,FRA-99,ICN-99,DFW-99,LHR-99,CLT-99,CDG-99,SFO-99,LAX-99,ORD-99,DXB-9,LAS-99
HND:JFK-99,HND0,ATL-99,IST-99,KUL-99,DEL-99,CAN-92,PEK-14,CGK-93,BKK-90,PVG-99,AMS-99,HKG5,FRA-99,ICN-99,DFW-99,LHR-99,CLT-99,CDG-99,SFO-99,LAX-84,ORD-99,DXB-4,LAS-99
IAH:JFK-99,HND-99,ATL-30,IST-99,KUL-99,DEL-99,CAN-99,PEK-40,ICN-99,CGK-99,BKK-99,PVG-99,AMS-99,HKG-99,FRA-99,IAH0,DFW-50,LHR-99,CLT-99,CDG-99,SFO-99,LAX-99,ORD-40,DXB-99,LAS-99
ICN:FRA-43,ICN0,DEL-33,CAN-28,PVG-10,AMS-73
IST:JFK-99,HND-99,ATL-99,IST0,KUL-99,DEL-99,CAN-99,PEK-10,CGK-99,BKK-99,PVG-99,AMS-99,HKG-99,FRA-99,ICN-99,DFW-99,LHR-99,CLT-99,CDG-99,SFO-99,LAX-99,ORD-99,DXB-99,LAS-99
JFK:JFK0,HND-99,ATL10,IST-99,KUL-99,DEL-99,CAN-99,PEK0,CGK-99,BKK-99,PVG-99,AMS-99,HKG-99,FRA-99,ICN-99,DFW-99,LHR-99,CLT-99,CDG-99,SFO-99,LAX-99,ORD-99,DXB-99,LAS-99
KUL:JFK-99,HND-99,ATL-99,IST-99,KUL0,DEL-99,CAN-74,PEK4,CGK10,BKK13,PVG-99,AMS-99,HKG23,FRA-99,ICN-99,DFW-99,LHR-99,CLT-99,CDG-99,SFO-99,LAX-66,ORD-99,DXB14,LAS-99
LAS:JFK-99,HND-99,ATL40,IST-99,KUL-99,DEL-99,CAN-99,PEK30,CGK-99,BKK-99,PVG-99,AMS-99,HKG-99,FRA-99,ICN-99,DFW20,LHR-99,CLT-99,CDG-99,SFO-99,LAX-99,ORD30,DXB-99,LAS0
LAX:SFO10,LAX0
LHR:JFK-99,HND-99,ATL-99,IST-99,KUL-99,DEL-73,CAN-68,PEK6,CGK-69,BKK-66,PVG-99,AMS-99,HKG-99,FRA-99,ICN-99,DFW-99,LHR0,CLT-99,CDG10,SFO-70,LAX-60,ORD-99,DXB-99,LAS-99
MAD:JFK-99,HND-99,ATL-99,IST-99,KUL-99,DEL-83,CAN-78,PEK-4,CGK-79,BKK-76,PVG-99,AMS-99,HKG-99,FRA-99,ICN-99,DFW-99,LHR-10,CLT-99,CDG0,SFO-80,LAX-70,MAD0,ORD-99,DXB-99,LAS-99
MIA:JFK-99,HND-99,MIA0,ATL10,IST-99,KUL-99,DEL-99,CAN-99,PEK0,CGK-99,BKK-99,PVG-99,AMS-99,HKG-99,FRA-99,ICN-99,DFW-99,LHR-99,CLT-99,CDG-99,SFO-99,LAX-99,ORD-99,DXB-99,LAS-99
ORD:JFK-99,HND-99,ATL10,IST-99,KUL-99,DEL-99,CAN-99,PEK0,CGK-99,BKK-99,PVG-99,AMS-99,HKG-99,FRA-99,ICN-99,DFW-99,LHR-99,CLT-99,CDG-99,SFO-99,LAX-99,ORD0,DXB-99,LAS-99
PEK:JFK-99,HND-99,ATL-99,IST-99,KUL-99,DEL-99,CAN-99,PEK0,CGK-99,BKK-99,PVG-99,AMS-99,HKG-99,FRA-99,ICN-99,DFW-99,LHR-99,CLT-99,CDG-99,SFO-99,LAX-99,ORD-99,DXB-99,LAS-99
PHX:JFK-99,HND-99,ATL-36,IST-99,KUL-99,DEL-99,CAN-99,DEN7,PEK-46,ICN-99,CGK-99,BKK-99,PVG-99,AMS-99,HKG-99,FRA-99,IAH-6,DFW-56,LHR-99,CLT-99,CDG-99,SFO-99,PHX0,LAX-99,ORD-46,DXB-99,LAS-99
PVG:FRA-33,ICN5,DEL-23,CAN-18,PVG0,AMS-53
SFO:SFO0,LAX10
SIN:JFK-99,HND-55,ATL-99,IST-99,KUL11,DEL-48,CAN-43,PEK15,SIN0,CGK21,BKK24,PVG-99,AMS-99,HKG34,FRA-58,ICN-99,DFW-99,LHR-55,CLT-99,CDG-99,SFO-45,LAX-35,ORD-99,DXB25,LAS-99
-----
AMS:AMS0
ATL:JFK-99,HND-99,ATL0,IST-99,KUL-99,DEL-99,CAN-99,PEK-10,CGK-99,BKK-99,PVG-99,AMS-99,HKG-99,FRA-99,ICN-99,DFW-99,LHR-99,CLT-99,CDG-99,SFO-99,LAX-99,ORD-99,DXB-99,LAS-99
BKK:JFK-99,HND-99,ATL-99,IST-99,KUL-99,DEL-99,CAN-99,PEK-9,CGK-99,BKK0,PVG-99,AMS-99,HKG10,FRA-99,ICN-99,DFW-99,LHR-99,CLT-99,CDG-99,SFO-99,LAX-99,ORD-99,DXB1,LAS-99
CAN:FRA-15,DEL-5,CAN0,AMS-99
CDG:JFK-99,HND-99,ATL-99,IST-99,KUL-99,DEL-99,CAN-99,PEK-4,CGK-99,BKK-99,PVG-99,AMS-99,HKG-99,FRA-99,ICN-99,DFW-99,LHR-99,CLT-99,CDG0,SFO-99,LAX-99,ORD-99,DXB-99,LAS-99
CGK:JFK-99,HND-99,ATL-99,IST-99,KUL-99,DEL-99,CAN-99,PEK-6,CGK0,BKK3,PVG-99,AMS-99,HKG13,FRA-99,ICN-99,DFW-99,LHR-99,CLT-99,CDG-99,SFO-99,LAX-99,ORD-99,DXB4,LAS-99
CLT:JFK-99,HND-99,ATL-10,IST-99,KUL-99,DEL-99,CAN-99,PEK-20,CGK-99,BKK-99,PVG-99,AMS-99,HKG-99,FRA-99,ICN-99,DFW-30,LHR-99,CLT0,CDG-99,SFO-99,LAX-99,ORD-20,DXB-99,LAS-99
DEL:FRA-25,DEL0,CAN-10,AMS-99
DEN:JFK-99,HND-99,ATL50,IST-99,KUL-99,DEL-99,CAN-99,DEN0,PEK40,CGK-99,BKK-99,PVG-99,AMS-99,HKG-99,FRA-99,ICN-99,DFW30,LHR-99,CLT-99,CDG-99,SFO-99,LAX-99,ORD40,DXB-99,LAS10
DFW:JFK-99,HND-99,ATL20,IST-99,KUL-99,DEL-99,CAN-99,PEK10,CGK-99,BKK-99,PVG-99,AMS-99,HKG-99,FRA-99,ICN-99,DFW0,LHR-99,CLT-99,CDG-99,SFO-99,LAX-99,ORD10,DXB-99,LAS-99
DXB:JFK-99,HND-99,ATL-99,IST-99,KUL-99,DEL-99,CAN-99,PEK-10,CGK-99,BKK-99,PVG-99,AMS-99,HKG-99,FRA-99,ICN-99,DFW-99,LHR-99,CLT-99,CDG-99,SFO-99,LAX-99,ORD-99,DXB0,LAS-99
FRA:FRA0,DEL10,AMS-85,CAN0
HKG:JFK-99,HND-99,ATL-99,IST-99,KUL-99,DEL-99,CAN-99,PEK-19,CGK-99,BKK-99,PVG-99,AMS-99,HKG0,FRA-99,ICN-99,DFW-99,LHR-99,CLT-99,CDG-99,SFO-99,LAX-99,ORD-99,DXB-9,LAS-99
HND:JFK-99,HND0,ATL-99,IST-99,KUL-99,DEL-99,CAN-99,PEK-14,CGK-99,BKK-99,PVG-99,AMS-99,HKG5,FRA-99,ICN-99,DFW-99,LHR-99,CLT-99,CDG-99,SFO-99,LAX-99,ORD-99,DXB-4,LAS-99
IAH:JFK-99,HND-99,ATL-30,IST-99,KUL-99,DEL-99,CAN-99,PEK-40,ICN-99,CGK-99,BKK-99,PVG-99,AMS-99,HKG-99,FRA-99,IAH0,DFW-50,LHR-99,CLT-99,CDG-99,SFO-99,LAX-99,ORD-40,DXB-99,LAS-99
ICN:FRA-48,ICN0,DEL-38,CAN-33,PVG-10,AMS-99
IST:JFK-99,HND-99,ATL-99,IST0,KUL-99,DEL-99,CAN-99,PEK-10,CGK-99,BKK-99,PVG-99,AMS-99,HKG-99,FRA-99,ICN-99,DFW-99,LHR-99,CLT-99,CDG-99,SFO-99,LAX-99,ORD-99,DXB-99,LAS-99
JFK:JFK0,HND-99,ATL10,IST-99,KUL-99,DEL-99,CAN-99,PEK0,CGK-99,BKK-99,PVG-99,AMS-99,HKG-99,FRA-99,ICN-99,DFW-99,LHR-99,CLT-99,CDG-99,SFO-99,LAX-99,ORD-99,DXB-99,LAS-99
KUL:JFK-99,HND-99,ATL-99,IST-99,KUL0,DEL-99,CAN-99,PEK4,CGK10,BKK13,PVG-99,AMS-99,HKG23,FRA-99,ICN-99,DFW-99,LHR-99,CLT-99,CDG-99,SFO-99,LAX-99,ORD-99,DXB14,LAS-99
LAS:JFK-99,HND-99,ATL40,IST-99,KUL-99,DEL-99,CAN-99,PEK30,CGK-99,BKK-99,PVG-99,AMS-99,HKG-99,FRA-99,ICN-99,DFW20,LHR-99,CLT-99,CDG-99,SFO-99,LAX-99,ORD30,DXB-99,LAS0
LAX:SFO10,LAX0
LHR:JFK-99,HND-99,ATL-99,IST-99,KUL-99,DEL-99,CAN-99,PEK6,CGK-99,BKK-99,PVG-99,AMS-99,HKG-99,FRA-99,ICN-99,DFW-99,LHR0,CLT-99,CDG10,SFO-99,LAX-99,ORD-99,DXB-99,LAS-99
MAD:JFK-99,HND-99,ATL-99,IST-99,KUL-99,DEL-99,CAN-99,PEK-4,CGK-99,BKK-99,PVG-99,AMS-99,HKG-99,FRA-99,ICN-99,DFW-99,LHR-10,CLT-99,CDG0,SFO-99,LAX-99,MAD0,ORD-99,DXB-99,LAS-99
MIA:JFK-99,HND-99,MIA0,ATL10,IST-99,KUL-99,DEL-99,CAN-99,PEK0,CGK-99,BKK-99,PVG-99,AMS-99,HKG-99,FRA-99,ICN-99,DFW-99,LHR-99,CLT-99,CDG-99,SFO-99,LAX-99,ORD-99,DXB-99,LAS-99
ORD:JFK-99,HND-99,ATL10,IST-99,KUL-99,DEL-99,CAN-99,PEK0,CGK-99,BKK-99,PVG-99,AMS-99,HKG-99,FRA-99,ICN-99,DFW-99,LHR-99,CLT-99,CDG-99,SFO-99,LAX-99,ORD0,DXB-99,LAS-99
PEK:JFK-99,HND-99,ATL-99,IST-99,KUL-99,DEL-99,CAN-99,PEK0,CGK-99,BKK-99,PVG-99,AMS-99,HKG-99,FRA-99,ICN-99,DFW-99,LHR-99,CLT-99,CDG-99,SFO-99,LAX-99,ORD-99,DXB-99,LAS-99
PHX:JFK-99,HND-99,ATL-36,IST-99,KUL-99,DEL-99,CAN-99,DEN7,PEK-46,ICN-99,CGK-99,BKK-99,PVG-99,AMS-99,HKG-99,FRA-99,IAH-6,DFW-56,LHR-99,CLT-99,CDG-99,SFO-99,PHX0,LAX-99,ORD-46,DXB-99,LAS-99
PVG:FRA-38,ICN5,DEL-28,CAN-23,PVG0,AMS-68
SFO:SFO0,LAX10
SIN:JFK-99,HND-99,ATL-99,IST-99,KUL11,DEL-99,CAN-63,PEK15,SIN0,CGK21,BKK24,PVG-99,AMS-99,HKG34,FRA-99,ICN-99,DFW-99,LHR-99,CLT-99,CDG-99,SFO-99,LAX-55,ORD-99,DXB25,LAS-99
-----
AMS:AMS0
ATL:JFK-99,HND-99,ATL0,IST-99,KUL-99,DEL-99,CAN-99,PEK-10,CGK-99,BKK-99,PVG-99,AMS-99,HKG-99,FRA-99,ICN-99,DFW-99,LHR-99,CLT-99,CDG-99,SFO-99,LAX-99,ORD-99,DXB-99,LAS-99
BKK:JFK-99,HND-99,ATL-99,IST-99,KUL-99,DEL-99,CAN-99,PEK-9,CGK-99,BKK0,PVG-99,AMS-99,HKG10,FRA-99,ICN-99,DFW-99,LHR-99,CLT-99,CDG-99,SFO-99,LAX-99,ORD-99,DXB1,LAS-99
CAN:FRA-15,DEL-5,CAN0,AMS-99
CDG:JFK-99,HND-99,ATL-99,IST-99,KUL-99,DEL-99,CAN-99,PEK-4,CGK-99,BKK-99,PVG-99,AMS-99,HKG-99,FRA-99,ICN-99,DFW-99,LHR-99,CLT-99,CDG0,SFO-99,LAX-99,ORD-99,DXB-99,LAS-99
CGK:JFK-99,HND-99,ATL-99,IST-99,KUL-99,DEL-99,CAN-99,PEK-6,CGK0,BKK3,PVG-99,AMS-99,HKG13,FRA-99,ICN-99,DFW-99,LHR-99,CLT-99,CDG-99,SFO-99,LAX-99,ORD-99,DXB4,LAS-99
CLT:JFK-99,HND-99,ATL-10,IST-99,KUL-99,DEL-99,CAN-99,PEK-20,CGK-99,BKK-99,PVG-99,AMS-99,HKG-99,FRA-99,ICN-99,DFW-30,LHR-99,CLT0,CDG-99,SFO-99,LAX-99,ORD-20,DXB-99,LAS-99
DEL:FRA-25,DEL0,CAN-10,AMS-99
DEN:JFK-99,HND-99,ATL50,IST-99,KUL-99,DEL-99,CAN-99,DEN0,PEK40,CGK-99,BKK-99,PVG-99,AMS-99,HKG-99,FRA-99,ICN-99,DFW30,LHR-99,CLT-99,CDG-99,SFO-99,LAX-99,ORD40,DXB-99,LAS10
DFW:JFK-99,HND-99,ATL20,IST-99,KUL-99,DEL-99,CAN-99,PEK10,CGK-99,BKK-99,PVG-99,AMS-99,HKG-99,FRA-99,ICN-99,DFW0,LHR-99,CLT-99,CDG-99,SFO-99,LAX-99,ORD10,DXB-99,LAS-99
DXB:JFK-99,HND-99,ATL-99,IST-99,KUL-99,DEL-99,CAN-99,PEK-10,CGK-99,BKK-99,PVG-99,AMS-99,HKG-99,FRA-99,ICN-99,DFW-99,LHR-99,CLT-99,CDG-99,SFO-99,LAX-99,ORD-99,DXB0,LAS-99
FRA:FRA0,DEL10,AMS-99,CAN0
HKG:JFK-99,HND-99,ATL-99,IST-99,KUL-99,DEL-99,CAN-99,PEK-19,CGK-99,BKK-99,PVG-99,AMS-99,HKG0,FRA-99,ICN-99,DFW-99,LHR-99,CLT-99,CDG-99,SFO-99,LAX-99,ORD-99,DXB-9,LAS-99
HND:JFK-99,HND0,ATL-99,IST-99,KUL-99,DEL-99,CAN-99,PEK-14,CGK-99,BKK-99,PVG-99,AMS-99,HKG5,FRA-99,ICN-99,DFW-99,LHR-99,CLT-99,CDG-99,SFO-99,LAX-99,ORD-99,DXB-4,LAS-99
IAH:JFK-99,HND-99,ATL-30,IST-99,KUL-99,DEL-99,CAN-99,PEK-40,ICN-99,CGK-99,BKK-99,PVG-99,AMS-99,HKG-99,FRA-99,IAH0,DFW-50,LHR-99,CLT-99,CDG-99,SFO-99,LAX-99,ORD-40,DXB-99,LAS-99
ICN:FRA-53,ICN0,DEL-43,CAN-38,PVG-10,AMS-99
IST:JFK-99,HND-99,ATL-99,IST0,KUL-99,DEL-99,CAN-99,PEK-10,CGK-99,BKK-99,PVG-99,AMS-99,HKG-99,FRA-99,ICN-99,DFW-99,LHR-99,CLT-99,CDG-99,SFO-99,LAX-99,ORD-99,DXB-99,LAS-99
JFK:JFK0,HND-99,ATL10,IST-99,KUL-99,DEL-99,CAN-99,PEK0,CGK-99,BKK-99,PVG-99,AMS-99,HKG-99,FRA-99,ICN-99,DFW-99,LHR-99,CLT-99,CDG-99,SFO-99,LAX-99,ORD-99,DXB-99,LAS-99
KUL:JFK-99,HND-99,ATL-99,IST-99,KUL0,DEL-99,CAN-99,PEK4,CGK10,BKK13,PVG-99,AMS-99,HKG23,FRA-99,ICN-99,DFW-99,LHR-99,CLT-99,CDG-99,SFO-99,LAX-99,ORD-99,DXB14,LAS-99
LAS:JFK-99,HND-99,ATL40,IST-99,KUL-99,DEL-99,CAN-99,PEK30,CGK-99,BKK-99,PVG-99,AMS-99,HKG-99,FRA-99,ICN-99,DFW20,LHR-99,CLT-99,CDG-99,SFO-99,LAX-99,ORD30,DXB-99,LAS0
LAX:SFO10,LAX0
LHR:JFK-99,HND-99,ATL-99,IST-99,KUL-99,DEL-99,CAN-99,PEK6,CGK-99,BKK-99,PVG-99,AMS-99,HKG-99,FRA-99,ICN-99,DFW-99,LHR0,CLT-99,CDG10,SFO-99,LAX-99,ORD-99,DXB-99,LAS-99
MAD:JFK-99,HND-99,ATL-99,IST-99,KUL-99,DEL-99,CAN-99,PEK-4,CGK-99,BKK-99,PVG-99,AMS-99,HKG-99,FRA-99,ICN-99,DFW-99,LHR-10,CLT-99,CDG0,SFO-99,LAX-99,MAD0,ORD-99,DXB-99,LAS-99
MIA:JFK-99,HND-99,MIA0,ATL10,IST-99,KUL-99,DEL-99,CAN-99,PEK0,CGK-99,BKK-99,PVG-99,AMS-99,HKG-99,FRA-99,ICN-99,DFW-99,LHR-99,CLT-99,CDG-99,SFO-99,LAX-99,ORD-99,DXB-99,LAS-99
ORD:JFK-99,HND-99,ATL10,IST-99,KUL-99,DEL-99,CAN-99,PEK0,CGK-99,BKK-99,PVG-99,AMS-99,HKG-99,FRA-99,ICN-99,DFW-99,LHR-99,CLT-99,CDG-99,SFO-99,LAX-99,ORD0,DXB-99,LAS-99
PEK:JFK-99,HND-99,ATL-99,IST-99,KUL-99,DEL-99,CAN-99,PEK0,CGK-99,BKK-99,PVG-99,AMS-99,HKG-99,FRA-99,ICN-99,DFW-99,LHR-99,CLT-99,CDG-99,SFO-99,LAX-99,ORD-99,DXB-99,LAS-99
PHX:JFK-99,HND-99,ATL-36,IST-99,KUL-99,DEL-99,CAN-99,DEN7,PEK-46,ICN-99,CGK-99,BKK-99,PVG-99,AMS-99,HKG-99,FRA-99,IAH-6,DFW-56,LHR-99,CLT-99,CDG-99,SFO-99,PHX0,LAX-99,ORD-46,DXB-99,LAS-99
PVG:FRA-43,ICN5,DEL-33,CAN-28,PVG0,AMS-99
SFO:SFO0,LAX10
SIN:JFK-99,HND-99,ATL-99,IST-99,KUL11,DEL-99,CAN-99,PEK15,SIN0,CGK21,BKK24,PVG-99,AMS-99,HKG34,FRA-99,ICN-99,DFW-99,LHR-99,CLT-99,CDG-99,SFO-99,LAX-99,ORD-99,DXB25,LAS-99
-----
AMS:AMS0
ATL:JFK-99,HND-99,ATL0,IST-99,KUL-99,DEL-99,CAN-99,PEK-10,CGK-99,BKK-99,PVG-99,AMS-99,HKG-99,FRA-99,ICN-99,DFW-99,LHR-99,CLT-99,CDG-99,SFO-99,LAX-99,ORD-99,DXB-99,LAS-99
BKK:JFK-99,HND-99,ATL-99,IST-99,KUL-99,DEL-99,CAN-99,PEK-9,CGK-99,BKK0,PVG-99,AMS-99,HKG10,FRA-99,ICN-99,DFW-99,LHR-99,CLT-99,CDG-99,SFO-99,LAX-99,ORD-99,DXB1,LAS-99
CAN:FRA-15,DEL-5,CAN0,AMS-99
CDG:JFK-99,HND-99,ATL-99,IST-99,KUL-99,DEL-99,CAN-99,PEK-4,CGK-99,BKK-99,PVG-99,AMS-99,HKG-99,FRA-99,ICN-99,DFW-99,LHR-99,CLT-99,CDG0,SFO-99,LAX-99,ORD-99,DXB-99,LAS-99
CGK:JFK-99,HND-99,ATL-99,IST-99,KUL-99,DEL-99,CAN-99,PEK-6,CGK0,BKK3,PVG-99,AMS-99,HKG13,FRA-99,ICN-99,DFW-99,LHR-99,CLT-99,CDG-99,SFO-99,LAX-99,ORD-99,DXB4,LAS-99
CLT:JFK-99,HND-99,ATL-10,IST-99,KUL-99,DEL-99,CAN-99,PEK-20,CGK-99,BKK-99,PVG-99,AMS-99,HKG-99,FRA-99,ICN-99,DFW-30,LHR-99,CLT0,CDG-99,SFO-99,LAX-99,ORD-20,DXB-99,LAS-99
DEL:FRA-25,DEL0,CAN-10,AMS-99
DEN:JFK-99,HND-99,ATL50,IST-99,KUL-99,DEL-99,CAN-99,DEN0,PEK40,CGK-99,BKK-99,PVG-99,AMS-99,HKG-99,FRA-99,ICN-99,DFW30,LHR-99,CLT-99,CDG-99,SFO-99,LAX-99,ORD40,DXB-99,LAS10
DFW:JFK-99,HND-99,ATL20,IST-99,KUL-99,DEL-99,CAN-99,PEK10,CGK-99,BKK-99,PVG-99,AMS-99,HKG-99,FRA-99,ICN-99,DFW0,LHR-99,CLT-99,CDG-99,SFO-99,LAX-99,ORD10,DXB-99,LAS-99
DXB:JFK-99,HND-99,ATL-99,IST-99,KUL-99,DEL-99,CAN-99,PEK-10,CGK-99,BKK-99,PVG-99,AMS-99,HKG-99,FRA-99,ICN-99,DFW-99,LHR-99,CLT-99,CDG-99,SFO-99,LAX-99,ORD-99,DXB0,LAS-99
FRA:FRA0,DEL10,AMS-99,CAN0
HKG:JFK-99,HND-99,ATL-99,IST-99,KUL-99,DEL-99,CAN-99,PEK-19,CGK-99,BKK-99,PVG-99,AMS-99,HKG0,FRA-99,ICN-99,DFW-99,LHR-99,CLT-99,CDG-99,SFO-99,LAX-99,ORD-99,DXB-9,LAS-99
HND:JFK-99,HND0,ATL-99,IST-99,KUL-99,DEL-99,CAN-99,PEK-14,CGK-99,BKK-99,PVG-99,AMS-99,HKG5,FRA-99,ICN-99,DFW-99,LHR-99,CLT-99,CDG-99,SFO-99,LAX-99,ORD-99,DXB-4,LAS-99
IAH:JFK-99,HND-99,ATL-30,IST-99,KUL-99,DEL-99,CAN-99,PEK-40,ICN-99,CGK-99,BKK-99,PVG-99,AMS-99,HKG-99,FRA-99,IAH0,DFW-50,LHR-99,CLT-99,CDG-99,SFO-99,LAX-99,ORD-40,DXB-99,LAS-99
ICN:FRA-58,ICN0,DEL-48,CAN-43,PVG-10,AMS-99
IST:JFK-99,HND-99,ATL-99,IST0,KUL-99,DEL-99,CAN-99,PEK-10,CGK-99,BKK-99,PVG-99,AMS-99,HKG-99,FRA-99,ICN-99,DFW-99,LHR-99,CLT-99,CDG-99,SFO-99,LAX-99,ORD-99,DXB-99,LAS-99
JFK:JFK0,HND-99,ATL10,IST-99,KUL-99,DEL-99,CAN-99,PEK0,CGK-99,BKK-99,PVG-99,AMS-99,HKG-99,FRA-99,ICN-99,DFW-99,LHR-99,CLT-99,CDG-99,SFO-99,LAX-99,ORD-99,DXB-99,LAS-99
KUL:JFK-99,HND-99,ATL-99,IST-99,KUL0,DEL-99,CAN-99,PEK4,CGK10,BKK13,PVG-99,AMS-99,HKG23,FRA-99,ICN-99,DFW-99,LHR-99,CLT-99,CDG-99,SFO-99,LAX-99,ORD-99,DXB14,LAS-99
LAS:JFK-99,HND-99,ATL40,IST-99,KUL-99,DEL-99,CAN-99,PEK30,CGK-99,BKK-99,PVG-99,AMS-99,HKG-99,FRA-99,ICN-99,DFW20,LHR-99,CLT-99,CDG-99,SFO-99,LAX-99,ORD30,DXB-99,LAS0
LAX:SFO10,LAX0
LHR:JFK-99,HND-99,ATL-99,IST-99,KUL-99,DEL-99,CAN-99,PEK6,CGK-99,BKK-99,PVG-99,AMS-99,HKG-99,FRA-99,ICN-99,DFW-99,LHR0,CLT-99,CDG10,SFO-99,LAX-99,ORD-99,DXB-99,LAS-99
MAD:JFK-99,HND-99,ATL-99,IST-99,KUL-99,DEL-99,CAN-99,PEK-4,CGK-99,BKK-99,PVG-99,AMS-99,HKG-99,FRA-99,ICN-99,DFW-99,LHR-10,CLT-99,CDG0,SFO-99,LAX-99,MAD0,ORD-99,DXB-99,LAS-99
MIA:JFK-99,HND-99,MIA0,ATL10,IST-99,KUL-99,DEL-99,CAN-99,PEK0,CGK-99,BKK-99,PVG-99,AMS-99,HKG-99,FRA-99,ICN-99,DFW-99,LHR-99,CLT-99,CDG-99,SFO-99,LAX-99,ORD-99,DXB-99,LAS-99
ORD:JFK-99,HND-99,ATL10,IST-99,KUL-99,DEL-99,CAN-99,PEK0,CGK-99,BKK-99,PVG-99,AMS-99,HKG-99,FRA-99,ICN-99,DFW-99,LHR-99,CLT-99,CDG-99,SFO-99,LAX-99,ORD0,DXB-99,LAS-99
PEK:JFK-99,HND-99,ATL-99,IST-99,KUL-99,DEL-99,CAN-99,PEK0,CGK-99,BKK-99,PVG-99,AMS-99,HKG-99,FRA-99,ICN-99,DFW-99,LHR-99,CLT-99,CDG-99,SFO-99,LAX-99,ORD-99,DXB-99,LAS-99
PHX:JFK-99,HND-99,ATL-36,IST-99,KUL-99,DEL-99,CAN-99,DEN7,PEK-46,ICN-99,CGK-99,BKK-99,PVG-99,AMS-99,HKG-99,FRA-99,IAH-6,DFW-56,LHR-99,CLT-99,CDG-99,SFO-99,PHX0,LAX-99,ORD-46,DXB-99,LAS-99
PVG:FRA-48,ICN5,DEL-38,CAN-33,PVG0,AMS-99
SFO:SFO0,LAX10
SIN:JFK-99,HND-99,ATL-99,IST-99,KUL11,DEL-99,CAN-99,PEK15,SIN0,CGK21,BKK24,PVG-99,AMS-99,HKG34,FRA-99,ICN-99,DFW-99,LHR-99,CLT-99,CDG-99,SFO-99,LAX-99,ORD-99,DXB25,LAS-99
-----
AMS:AMS0
ATL:JFK-99,HND-99,ATL0,IST-99,KUL-99,DEL-99,CAN-99,PEK-10,CGK-99,BKK-99,PVG-99,AMS-99,HKG-99,FRA-99,ICN-99,DFW-99,LHR-99,CLT-99,CDG-99,SFO-99,LAX-99,ORD-99,DXB-99,LAS-99
BKK:JFK-99,HND-99,ATL-99,IST-99,KUL-99,DEL-99,CAN-99,PEK-9,CGK-99,BKK0,PVG-99,AMS-99,HKG10,FRA-99,ICN-99,DFW-99,LHR-99,CLT-99,CDG-99,SFO-99,LAX-99,ORD-99,DXB1,LAS-99
CAN:FRA-15,DEL-5,CAN0,AMS-99
CDG:JFK-99,HND-99,ATL-99,IST-99,KUL-99,DEL-99,CAN-99,PEK-4,CGK-99,BKK-99,PVG-99,AMS-99,HKG-99,FRA-99,ICN-99,DFW-99,LHR-99,CLT-99,CDG0,SFO-99,LAX-99,ORD-99,DXB-99,LAS-99
CGK:JFK-99,HND-99,ATL-99,IST-99,KUL-99,DEL-99,CAN-99,PEK-6,CGK0,BKK3,PVG-99,AMS-99,HKG13,FRA-99,ICN-99,DFW-99,LHR-99,CLT-99,CDG-99,SFO-99,LAX-99,ORD-99,DXB4,LAS-99
CLT:JFK-99,HND-99,ATL-10,IST-99,KUL-99,DEL-99,CAN-99,PEK-20,CGK-99,BKK-99,PVG-99,AMS-99,HKG-99,FRA-99,ICN-99,DFW-30,LHR-99,CLT0,CDG-99,SFO-99,LAX-99,ORD-20,DXB-99,LAS-99
DEL:FRA-25,DEL0,CAN-10,AMS-99
DEN:JFK-99,HND-99,ATL50,IST-99,KUL-99,DEL-99,CAN-99,DEN0,PEK40,CGK-99,BKK-99,PVG-99,AMS-99,HKG-99,FRA-99,ICN-99,DFW30,LHR-99,CLT-99,CDG-99,SFO-99,LAX-99,ORD40,DXB-99,LAS10
DFW:JFK-99,HND-99,ATL20,IST-99,KUL-99,DEL-99,CAN-99,PEK10,CGK-99,BKK-99,PVG-99,AMS-99,HKG-99,FRA-99,ICN-99,DFW0,LHR-99,CLT-99,CDG-99,SFO-99,LAX-99,ORD10,DXB-99,LAS-99
DXB:JFK-99,HND-99,ATL-99,IST-99,KUL-99,DEL-99,CAN-99,PEK-10,CGK-99,BKK-99,PVG-99,AMS-99,HKG-99,FRA-99,ICN-99,DFW-99,LHR-99,CLT-99,CDG-99,SFO-99,LAX-99,ORD-99,DXB0,LAS-99
FRA:FRA0,DEL10,AMS-99,CAN0
HKG:JFK-99,HND-99,ATL-99,IST-99,KUL-99,DEL-99,CAN-99,PEK-19,CGK-99,BKK-99,PVG-99,AMS-99,HKG0,FRA-99,ICN-99,DFW-99,LHR-99,CLT-99,CDG-99,SFO-99,LAX-99,ORD-99,DXB-9,LAS-99
HND:JFK-99,HND0,ATL-99,IST-99,KUL-99,DEL-99,CAN-99,PEK-14,CGK-99,BKK-99,PVG-99,AMS-99,HKG5,FRA-99,ICN-99,DFW-99,LHR-99,CLT-99,CDG-99,SFO-99,LAX-99,ORD-99,DXB-4,LAS-99
IAH:JFK-99,HND-99,ATL-30,IST-99,KUL-99,DEL-99,CAN-99,PEK-40,ICN-99,CGK-99,BKK-99,PVG-99,AMS-99,HKG-99,FRA-99,IAH0,DFW-50,LHR-99,CLT-99,CDG-99,SFO-99,LAX-99,ORD-40,DXB-99,LAS-99
ICN:FRA-63,ICN0,DEL-53,CAN-48,PVG-10,AMS-99
IST:JFK-99,HND-99,ATL-99,IST0,KUL-99,DEL-99,CAN-99,PEK-10,CGK-99,BKK-99,PVG-99,AMS-99,HKG-99,FRA-99,ICN-99,DFW-99,LHR-99,CLT-99,CDG-99,SFO-99,LAX-99,ORD-99,DXB-99,LAS-99
JFK:JFK0,HND-99,ATL10,IST-99,KUL-99,DEL-99,CAN-99,PEK0,CGK-99,BKK-99,PVG-99,AMS-99,HKG-99,FRA-99,ICN-99,DFW-99,LHR-99,CLT-99,CDG-99,SFO-99,LAX-99,ORD-99,DXB-99,LAS-99
KUL:JFK-99,HND-99,ATL-99,IST-99,KUL0,DEL-99,CAN-99,PEK4,CGK10,BKK13,PVG-99,AMS-99,HKG23,FRA-99,ICN-99,DFW-99,LHR-99,CLT-99,CDG-99,SFO-99,LAX-99,ORD-99,DXB14,LAS-99
LAS:JFK-99,HND-99,ATL40,IST-99,KUL-99,DEL-99,CAN-99,PEK30,CGK-99,BKK-99,PVG-99,AMS-99,HKG-99,FRA-99,ICN-99,DFW20,LHR-99,CLT-99,CDG-99,SFO-99,LAX-99,ORD30,DXB-99,LAS0
LAX:SFO10,LAX0
LHR:JFK-99,HND-99,ATL-99,IST-99,KUL-99,DEL-99,CAN-99,PEK6,CGK-99,BKK-99,PVG-99,AMS-99,HKG-99,FRA-99,ICN-99,DFW-99,LHR0,CLT-99,CDG10,SFO-99,LAX-99,ORD-99,DXB-99,LAS-99
MAD:JFK-99,HND-99,ATL-99,IST-99,KUL-99,DEL-99,CAN-99,PEK-4,CGK-99,BKK-99,PVG-99,AMS-99,HKG-99,FRA-99,ICN-99,DFW-99,LHR-10,CLT-99,CDG0,SFO-99,LAX-99,MAD0,ORD-99,DXB-99,LAS-99
MIA:JFK-99,HND-99,MIA0,ATL10,IST-99,KUL-99,DEL-99,CAN-99,PEK0,CGK-99,BKK-99,PVG-99,AMS-99,HKG-99,FRA-99,ICN-99,DFW-99,LHR-99,CLT-99,CDG-99,SFO-99,LAX-99,ORD-99,DXB-99,LAS-99
ORD:JFK-99,HND-99,ATL10,IST-99,KUL-99,DEL-99,CAN-99,PEK0,CGK-99,BKK-99,PVG-99,AMS-99,HKG-99,FRA-99,ICN-99,DFW-99,LHR-99,CLT-99,CDG-99,SFO-99,LAX-99,ORD0,DXB-99,LAS-99
PEK:JFK-99,HND-99,ATL-99,IST-99,KUL-99,DEL-99,CAN-99,PEK0,CGK-99,BKK-99,PVG-99,AMS-99,HKG-99,FRA-99,ICN-99,DFW-99,LHR-99,CLT-99,CDG-99,SFO-99,LAX-99,ORD-99,DXB-99,LAS-99
PHX:JFK-99,HND-99,ATL-36,IST-99,KUL-99,DEL-99,CAN-99,DEN7,PEK-46,ICN-99,CGK-99,BKK-99,PVG-99,AMS-99,HKG-99,FRA-99,IAH-6,DFW-56,LHR-99,CLT-99,CDG-99,SFO-99,PHX0,LAX-99,ORD-46,DXB-99,LAS-99
PVG:FRA-53,ICN5,DEL-43,CAN-38,PVG0,AMS-99
SFO:SFO0,LAX10
SIN:JFK-99,HND-99,ATL-99,IST-99,KUL11,DEL-99,CAN-99,PEK15,SIN0,CGK21,BKK24,PVG-99,AMS-99,HKG34,FRA-99,ICN-99,DFW-99,LHR-99,CLT-99,CDG-99,SFO-99,LAX-99,ORD-99,DXB25,LAS-99
-----
AMS:AMS0
ATL:JFK-99,HND-99,ATL0,IST-99,KUL-99,DEL-99,CAN-99,PEK-10,CGK-99,BKK-99,PVG-99,AMS-99,HKG-99,FRA-99,ICN-99,DFW-99,LHR-99,CLT-99,CDG-99,SFO-99,LAX-99,ORD-99,DXB-99,LAS-99
BKK:JFK-99,HND-99,ATL-99,IST-99,KUL-99,DEL-99,CAN-99,PEK-9,CGK-99,BKK0,PVG-99,AMS-99,HKG10,FRA-99,ICN-99,DFW-99,LHR-99,CLT-99,CDG-99,SFO-99,LAX-99,ORD-99,DXB1,LAS-99
CAN:FRA-15,DEL-5,CAN0,AMS-99
CDG:JFK-99,HND-99,ATL-99,IST-99,KUL-99,DEL-99,CAN-99,PEK-4,CGK-99,BKK-99,PVG-99,AMS-99,HKG-99,FRA-99,ICN-99,DFW-99,LHR-99,CLT-99,CDG0,SFO-99,LAX-99,ORD-99,DXB-99,LAS-99
CGK:JFK-99,HND-99,ATL-99,IST-99,KUL-99,DEL-99,CAN-99,PEK-6,CGK0,BKK3,PVG-99,AMS-99,HKG13,FRA-99,ICN-99,DFW-99,LHR-99,CLT-99,CDG-99,SFO-99,LAX-99,ORD-99,DXB4,LAS-99
CLT:JFK-99,HND-99,ATL-10,IST-99,KUL-99,DEL-99,CAN-99,PEK-20,CGK-99,BKK-99,PVG-99,AMS-99,HKG-99,FRA-99,ICN-99,DFW-30,LHR-99,CLT0,CDG-99,SFO-99,LAX-99,ORD-20,DXB-99,LAS-99
DEL:FRA-25,DEL0,CAN-10,AMS-99
DEN:JFK-99,HND-99,ATL50,IST-99,KUL-99,DEL-99,CAN-99,DEN0,PEK40,CGK-99,BKK-99,PVG-99,AMS-99,HKG-99,FRA-99,ICN-99,DFW30,LHR-99,CLT-99,CDG-99,SFO-99,LAX-99,ORD40,DXB-99,LAS10
DFW:JFK-99,HND-99,ATL20,IST-99,KUL-99,DEL-99,CAN-99,PEK10,CGK-99,BKK-99,PVG-99,AMS-99,HKG-99,FRA-99,ICN-99,DFW0,LHR-99,CLT-99,CDG-99,SFO-99,LAX-99,ORD10,DXB-99,LAS-99
DXB:JFK-99,HND-99,ATL-99,IST-99,KUL-99,DEL-99,CAN-99,PEK-10,CGK-99,BKK-99,PVG-99,AMS-99,HKG-99,FRA-99,ICN-99,DFW-99,LHR-99,CLT-99,CDG-99,SFO-99,LAX-99,ORD-99,DXB0,LAS-99
FRA:FRA0,DEL10,AMS-99,CAN0
HKG:JFK-99,HND-99,ATL-99,IST-99,KUL-99,DEL-99,CAN-99,PEK-19,CGK-99,BKK-99,PVG-99,AMS-99,HKG0,FRA-99,ICN-99,DFW-99,LHR-99,CLT-99,CDG-99,SFO-99,LAX-99,ORD-99,DXB-9,LAS-99
HND:JFK-99,HND0,ATL-99,IST-99,KUL-99,DEL-99,CAN-99,PEK-14,CGK-99,BKK-99,PVG-99,AMS-99,HKG5,FRA-99,ICN-99,DFW-99,LHR-99,CLT-99,CDG-99,SFO-99,LAX-99,ORD-99,DXB-4,LAS-99
IAH:JFK-99,HND-99,ATL-30,IST-99,KUL-99,DEL-99,CAN-99,PEK-40,ICN-99,CGK-99,BKK-99,PVG-99,AMS-99,HKG-99,FRA-99,IAH0,DFW-50,LHR-99,CLT-99,CDG-99,SFO-99,LAX-99,ORD-40,DXB-99,LAS-99
ICN:FRA-68,ICN0,DEL-58,CAN-53,PVG-10,AMS-99
IST:JFK-99,HND-99,ATL-99,IST0,KUL-99,DEL-99,CAN-99,PEK-10,CGK-99,BKK-99,PVG-99,AMS-99,HKG-99,FRA-99,ICN-99,DFW-99,LHR-99,CLT-99,CDG-99,SFO-99,LAX-99,ORD-99,DXB-99,LAS-99
JFK:JFK0,HND-99,ATL10,IST-99,KUL-99,DEL-99,CAN-99,PEK0,CGK-99,BKK-99,PVG-99,AMS-99,HKG-99,FRA-99,ICN-99,DFW-99,LHR-99,CLT-99,CDG-99,SFO-99,LAX-99,ORD-99,DXB-99,LAS-99
KUL:JFK-99,HND-99,ATL-99,IST-99,KUL0,DEL-99,CAN-99,PEK4,CGK10,BKK13,PVG-99,AMS-99,HKG23,FRA-99,ICN-99,DFW-99,LHR-99,CLT-99,CDG-99,SFO-99,LAX-99,ORD-99,DXB14,LAS-99
LAS:JFK-99,HND-99,ATL40,IST-99,KUL-99,DEL-99,CAN-99,PEK30,CGK-99,BKK-99,PVG-99,AMS-99,HKG-99,FRA-99,ICN-99,DFW20,LHR-99,CLT-99,CDG-99,SFO-99,LAX-99,ORD30,DXB-99,LAS0
LAX:SFO10,LAX0
LHR:JFK-99,HND-99,ATL-99,IST-99,KUL-99,DEL-99,CAN-99,PEK6,CGK-99,BKK-99,PVG-99,AMS-99,HKG-99,FRA-99,ICN-99,DFW-99,LHR0,CLT-99,CDG10,SFO-99,LAX-99,ORD-99,DXB-99,LAS-99
MAD:JFK-99,HND-99,ATL-99,IST-99,KUL-99,DEL-99,CAN-99,PEK-4,CGK-99,BKK-99,PVG-99,AMS-99,HKG-99,FRA-99,ICN-99,DFW-99,LHR-10,CLT-99,CDG0,SFO-99,LAX-99,MAD0,ORD-99,DXB-99,LAS-99
MIA:JFK-99,HND-99,MIA0,ATL10,IST-99,KUL-99,DEL-99,CAN-99,PEK0,CGK-99,BKK-99,PVG-99,AMS-99,HKG-99,FRA-99,ICN-99,DFW-99,LHR-99,CLT-99,CDG-99,SFO-99,LAX-99,ORD-99,DXB-99,LAS-99
ORD:JFK-99,HND-99,ATL10,IST-99,KUL-99,DEL-99,CAN-99,PEK0,CGK-99,BKK-99,PVG-99,AMS-99,HKG-99,FRA-99,ICN-99,DFW-99,LHR-99,CLT-99,CDG-99,SFO-99,LAX-99,ORD0,DXB-99,LAS-99
PEK:JFK-99,HND-99,ATL-99,IST-99,KUL-99,DEL-99,CAN-99,PEK0,CGK-99,BKK-99,PVG-99,AMS-99,HKG-99,FRA-99,ICN-99,DFW-99,LHR-99,CLT-99,CDG-99,SFO-99,LAX-99,ORD-99,DXB-99,LAS-99
PHX:JFK-99,HND-99,ATL-36,IST-99,KUL-99,DEL-99,CAN-99,DEN7,PEK-46,ICN-99,CGK-99,BKK-99,PVG-99,AMS-99,HKG-99,FRA-99,IAH-6,DFW-56,LHR-99,CLT-99,CDG-99,SFO-99,PHX0,LAX-99,ORD-46,DXB-99,LAS-99
PVG:FRA-58,ICN5,DEL-48,CAN-43,PVG0,AMS-99
SFO:SFO0,LAX10
SIN:JFK-99,HND-99,ATL-99,IST-99,KUL11,DEL-99,CAN-99,PEK15,SIN0,CGK21,BKK24,PVG-99,AMS-99,HKG34,FRA-99,ICN-99,DFW-99,LHR-99,CLT-99,CDG-99,SFO-99,LAX-99,ORD-99,DXB25,LAS-99
-----
AMS:AMS0
ATL:JFK-99,HND-99,ATL0,IST-99,KUL-99,DEL-99,CAN-99,PEK-10,CGK-99,BKK-99,PVG-99,AMS-99,HKG-99,FRA-99,ICN-99,DFW-99,LHR-99,CLT-99,CDG-99,SFO-99,LAX-99,ORD-99,DXB-99,LAS-99
BKK:JFK-99,HND-99,ATL-99,IST-99,KUL-99,DEL-99,CAN-99,PEK-9,CGK-99,BKK0,PVG-99,AMS-99,HKG10,FRA-99,ICN-99,DFW-99,LHR-99,CLT-99,CDG-99,SFO-99,LAX-99,ORD-99,DXB1,LAS-99
CAN:FRA-15,DEL-5,CAN0,AMS-99
CDG:JFK-99,HND-99,ATL-99,IST-99,KUL-99,DEL-99,CAN-99,PEK-4,CGK-99,BKK-99,PVG-99,AMS-99,HKG-99,FRA-99,ICN-99,DFW-99,LHR-99,CLT-99,CDG0,SFO-99,LAX-99,ORD-99,DXB-99,LAS-99
CGK:JFK-99,HND-99,ATL-99,IST-99,KUL-99,DEL-99,CAN-99,PEK-6,CGK0,BKK3,PVG-99,AMS-99,HKG13,FRA-99,ICN-99,DFW-99,LHR-99,CLT-99,CDG-99,SFO-99,LAX-99,ORD-99,DXB4,LAS-99
CLT:JFK-99,HND-99,ATL-10,IST-99,KUL-99,DEL-99,CAN-99,PEK-20,CGK-99,BKK-99,PVG-99,AMS-99,HKG-99,FRA-99,ICN-99,DFW-30,LHR-99,CLT0,CDG-99,SFO-99,LAX-99,ORD-20,DXB-99,LAS-99
DEL:FRA-25,DEL0,CAN-10,AMS-99
DEN:JFK-99,HND-99,ATL50,IST-99,KUL-99,DEL-99,CAN-99,DEN0,PEK40,CGK-99,BKK-99,PVG-99,AMS-99,HKG-99,FRA-99,ICN-99,DFW30,LHR-99,CLT-99,CDG-99,SFO-99,LAX-99,ORD40,DXB-99,LAS10
DFW:JFK-99,HND-99,ATL20,IST-99,KUL-99,DEL-99,CAN-99,PEK10,CGK-99,BKK-99,PVG-99,AMS-99,HKG-99,FRA-99,ICN-99,DFW0,LHR-99,CLT-99,CDG-99,SFO-99,LAX-99,ORD10,DXB-99,LAS-99
DXB:JFK-99,HND-99,ATL-99,IST-99,KUL-99,DEL-99,CAN-99,PEK-10,CGK-99,BKK-99,PVG-99,AMS-99,HKG-99,FRA-99,ICN-99,DFW-99,LHR-99,CLT-99,CDG-99,SFO-99,LAX-99,ORD-99,DXB0,LAS-99
FRA:FRA0,DEL10,AMS-99,CAN0
HKG:JFK-99,HND-99,ATL-99,IST-99,KUL-99,DEL-99,CAN-99,PEK-19,CGK-99,BKK-99,PVG-99,AMS-99,HKG0,FRA-99,ICN-99,DFW-99,LHR-99,CLT-99,CDG-99,SFO-99,LAX-99,ORD-99,DXB-9,LAS-99
HND:JFK-99,HND0,ATL-99,IST-99,KUL-99,DEL-99,CAN-99,PEK-14,CGK-99,BKK-99,PVG-99,AMS-99,HKG5,FRA-99,ICN-99,DFW-99,LHR-99,CLT-99,CDG-99,SFO-99,LAX-99,ORD-99,DXB-4,LAS-99
IAH:JFK-99,HND-99,ATL-30,IST-99,KUL-99,DEL-99,CAN-99,PEK-40,ICN-99,CGK-99,BKK-99,PVG-99,AMS-99,HKG-99,FRA-99,IAH0,DFW-50,LHR-99,CLT-99,CDG-99,SFO-99,LAX-99,ORD-40,DXB-99,LAS-99
ICN:FRA-73,ICN0,DEL-63,CAN-58,PVG-10,AMS-99
IST:JFK-99,HND-99,ATL-99,IST0,KUL-99,DEL-99,CAN-99,PEK-10,CGK-99,BKK-99,PVG-99,AMS-99,HKG-99,FRA-99,ICN-99,DFW-99,LHR-99,CLT-99,CDG-99,SFO-99,LAX-99,ORD-99,DXB-99,LAS-99
JFK:JFK0,HND-99,ATL10,IST-99,KUL-99,DEL-99,CAN-99,PEK0,CGK-99,BKK-99,PVG-99,AMS-99,HKG-99,FRA-99,ICN-99,DFW-99,LHR-99,CLT-99,CDG-99,SFO-99,LAX-99,ORD-99,DXB-99,LAS-99
KUL:JFK-99,HND-99,ATL-99,IST-99,KUL0,DEL-99,CAN-99,PEK4,CGK10,BKK13,PVG-99,AMS-99,HKG23,FRA-99,ICN-99,DFW-99,LHR-99,CLT-99,CDG-99,SFO-99,LAX-99,ORD-99,DXB14,LAS-99
LAS:JFK-99,HND-99,ATL40,IST-99,KUL-99,DEL-99,CAN-99,PEK30,CGK-99,BKK-99,PVG-99,AMS-99,HKG-99,FRA-99,ICN-99,DFW20,LHR-99,CLT-99,CDG-99,SFO-99,LAX-99,ORD30,DXB-99,LAS0
LAX:SFO10,LAX0
LHR:JFK-99,HND-99,ATL-99,IST-99,KUL-99,DEL-99,CAN-99,PEK6,CGK-99,BKK-99,PVG-99,AMS-99,HKG-99,FRA-99,ICN-99,DFW-99,LHR0,CLT-99,CDG10,SFO-99,LAX-99,ORD-99,DXB-99,LAS-99
MAD:JFK-99,HND-99,ATL-99,IST-99,KUL-99,DEL-99,CAN-99,PEK-4,CGK-99,BKK-99,PVG-99,AMS-99,HKG-99,FRA-99,ICN-99,DFW-99,LHR-10,CLT-99,CDG0,SFO-99,LAX-99,MAD0,ORD-99,DXB-99,LAS-99
MIA:JFK-99,HND-99,MIA0,ATL10,IST-99,KUL-99,DEL-99,CAN-99,PEK0,CGK-99,BKK-99,PVG-99,AMS-99,HKG-99,FRA-99,ICN-99,DFW-99,LHR-99,CLT-99,CDG-99,SFO-99,LAX-99,ORD-99,DXB-99,LAS-99
ORD:JFK-99,HND-99,ATL10,IST-99,KUL-99,DEL-99,CAN-99,PEK0,CGK-99,BKK-99,PVG-99,AMS-99,HKG-99,FRA-99,ICN-99,DFW-99,LHR-99,CLT-99,CDG-99,SFO-99,LAX-99,ORD0,DXB-99,LAS-99
PEK:JFK-99,HND-99,ATL-99,IST-99,KUL-99,DEL-99,CAN-99,PEK0,CGK-99,BKK-99,PVG-99,AMS-99,HKG-99,FRA-99,ICN-99,DFW-99,LHR-99,CLT-99,CDG-99,SFO-99,LAX-99,ORD-99,DXB-99,LAS-99
PHX:JFK-99,HND-99,ATL-36,IST-99,KUL-99,DEL-99,CAN-99,DEN7,PEK-46,ICN-99,CGK-99,BKK-99,PVG-99,AMS-99,HKG-99,FRA-99,IAH-6,DFW-56,LHR-99,CLT-99,CDG-99,SFO-99,PHX0,LAX-99,ORD-46,DXB-99,LAS-99
PVG:FRA-63,ICN5,DEL-53,CAN-48,PVG0,AMS-99
SFO:SFO0,LAX10
SIN:JFK-99,HND-99,ATL-99,IST-99,KUL11,DEL-99,CAN-99,PEK15,SIN0,CGK21,BKK24,PVG-99,AMS-99,HKG34,FRA-99,ICN-99,DFW-99,LHR-99,CLT-99,CDG-99,SFO-99,LAX-99,ORD-99,DXB25,LAS-99
-----
AMS:AMS0
ATL:JFK-99,HND-99,ATL0,IST-99,KUL-99,DEL-99,CAN-99,PEK-10,CGK-99,BKK-99,PVG-99,AMS-99,HKG-99,FRA-99,ICN-99,DFW-99,LHR-99,CLT-99,CDG-99,SFO-99,LAX-99,ORD-99,DXB-99,LAS-99
BKK:JFK-99,HND-99,ATL-99,IST-99,KUL-99,DEL-99,CAN-99,PEK-9,CGK-99,BKK0,PVG-99,AMS-99,HKG10,FRA-99,ICN-99,DFW-99,LHR-99,CLT-99,CDG-99,SFO-99,LAX-99,ORD-99,DXB1,LAS-99
CAN:FRA-15,DEL-5,CAN0,AMS-99
CDG:JFK-99,HND-99,ATL-99,IST-99,KUL-99,DEL-99,CAN-99,PEK-4,CGK-99,BKK-99,PVG-99,AMS-99,HKG-99,FRA-99,ICN-99,DFW-99,LHR-99,CLT-99,CDG0,SFO-99,LAX-99,ORD-99,DXB-99,LAS-99
CGK:JFK-99,HND-99,ATL-99,IST-99,KUL-99,DEL-99,CAN-99,PEK-6,CGK0,BKK3,PVG-99,AMS-99,HKG13,FRA-99,ICN-99,DFW-99,LHR-99,CLT-99,CDG-99,SFO-99,LAX-99,ORD-99,DXB4,LAS-99
CLT:JFK-99,HND-99,ATL-10,IST-99,KUL-99,DEL-99,CAN-99,PEK-20,CGK-99,BKK-99,PVG-99,AMS-99,HKG-99,FRA-99,ICN-99,DFW-30,LHR-99,CLT0,CDG-99,SFO-99,LAX-99,ORD-20,DXB-99,LAS-99
DEL:FRA-25,DEL0,CAN-10,AMS-99
DEN:JFK-99,HND-99,ATL50,IST-99,KUL-99,DEL-99,CAN-99,DEN0,PEK40,CGK-99,BKK-99,PVG-99,AMS-99,HKG-99,FRA-99,ICN-99,DFW30,LHR-99,CLT-99,CDG-99,SFO-99,LAX-99,ORD40,DXB-99,LAS10
DFW:JFK-99,HND-99,ATL20,IST-99,KUL-99,DEL-99,CAN-99,PEK10,CGK-99,BKK-99,PVG-99,AMS-99,HKG-99,FRA-99,ICN-99,DFW0,LHR-99,CLT-99,CDG-99,SFO-99,LAX-99,ORD10,DXB-99,LAS-99
DXB:JFK-99,HND-99,ATL-99,IST-99,KUL-99,DEL-99,CAN-99,PEK-10,CGK-99,BKK-99,PVG-99,AMS-99,HKG-99,FRA-99,ICN-99,DFW-99,LHR-99,CLT-99,CDG-99,SFO-99,LAX-99,ORD-99,DXB0,LAS-99
FRA:FRA0,DEL10,AMS-99,CAN0
HKG:JFK-99,HND-99,ATL-99,IST-99,KUL-99,DEL-99,CAN-99,PEK-19,CGK-99,BKK-99,PVG-99,AMS-99,HKG0,FRA-99,ICN-99,DFW-99,LHR-99,CLT-99,CDG-99,SFO-99,LAX-99,ORD-99,DXB-9,LAS-99
HND:JFK-99,HND0,ATL-99,IST-99,KUL-99,DEL-99,CAN-99,PEK-14,CGK-99,BKK-99,PVG-99,AMS-99,HKG5,FRA-99,ICN-99,DFW-99,LHR-99,CLT-99,CDG-99,SFO-99,LAX-99,ORD-99,DXB-4,LAS-99
IAH:JFK-99,HND-99,ATL-30,IST-99,KUL-99,DEL-99,CAN-99,PEK-40,ICN-99,CGK-99,BKK-99,PVG-99,AMS-99,HKG-99,FRA-99,IAH0,DFW-50,LHR-99,CLT-99,CDG-99,SFO-99,LAX-99,ORD-40,DXB-99,LAS-99
ICN:FRA-78,ICN0,DEL-68,CAN-63,PVG-10,AMS-99
IST:JFK-99,HND-99,ATL-99,IST0,KUL-99,DEL-99,CAN-99,PEK-10,CGK-99,BKK-99,PVG-99,AMS-99,HKG-99,FRA-99,ICN-99,DFW-99,LHR-99,CLT-99,CDG-99,SFO-99,LAX-99,ORD-99,DXB-99,LAS-99
JFK:JFK0,HND-99,ATL10,IST-99,KUL-99,DEL-99,CAN-99,PEK0,CGK-99,BKK-99,PVG-99,AMS-99,HKG-99,FRA-99,ICN-99,DFW-99,LHR-99,CLT-99,CDG-99,SFO-99,LAX-99,ORD-99,DXB-99,LAS-99
KUL:JFK-99,HND-99,ATL-99,IST-99,KUL0,DEL-99,CAN-99,PEK4,CGK10,BKK13,PVG-99,AMS-99,HKG23,FRA-99,ICN-99,DFW-99,LHR-99,CLT-99,CDG-99,SFO-99,LAX-99,ORD-99,DXB14,LAS-99
LAS:JFK-99,HND-99,ATL40,IST-99,KUL-99,DEL-99,CAN-99,PEK30,CGK-99,BKK-99,PVG-99,AMS-99,HKG-99,FRA-99,ICN-99,DFW20,LHR-99,CLT-99,CDG-99,SFO-99,LAX-99,ORD30,DXB-99,LAS0
LAX:SFO10,LAX0
LHR:JFK-99,HND-99,ATL-99,IST-99,KUL-99,DEL-99,CAN-99,PEK6,CGK-99,BKK-99,PVG-99,AMS-99,HKG-99,FRA-99,ICN-99,DFW-99,LHR0,CLT-99,CDG10,SFO-99,LAX-99,ORD-99,DXB-99,LAS-99
MAD:JFK-99,HND-99,ATL-99,IST-99,KUL-99,DEL-99,CAN-99,PEK-4,CGK-99,BKK-99,PVG-99,AMS-99,HKG-99,FRA-99,ICN-99,DFW-99,LHR-10,CLT-99,CDG0,SFO-99,LAX-99,MAD0,ORD-99,DXB-99,LAS-99
MIA:JFK-99,HND-99,MIA0,ATL10,IST-99,KUL-99,DEL-99,CAN-99,PEK0,CGK-99,BKK-99,PVG-99,AMS-99,HKG-99,FRA-99,ICN-99,DFW-99,LHR-99,CLT-99,CDG-99,SFO-99,LAX-99,ORD-99,DXB-99,LAS-99
ORD:JFK-99,HND-99,ATL10,IST-99,KUL-99,DEL-99,CAN-99,PEK0,CGK-99,BKK-99,PVG-99,AMS-99,HKG-99,FRA-99,ICN-99,DFW-99,LHR-99,CLT-99,CDG-99,SFO-99,LAX-99,ORD0,DXB-99,LAS-99
PEK:JFK-99,HND-99,ATL-99,IST-99,KUL-99,DEL-99,CAN-99,PEK0,CGK-99,BKK-99,PVG-99,AMS-99,HKG-99,FRA-99,ICN-99,DFW-99,LHR-99,CLT-99,CDG-99,SFO-99,LAX-99,ORD-99,DXB-99,LAS-99
PHX:JFK-99,HND-99,ATL-36,IST-99,KUL-99,DEL-99,CAN-99,DEN7,PEK-46,ICN-99,CGK-99,BKK-99,PVG-99,AMS-99,HKG-99,FRA-99,IAH-6,DFW-56,LHR-99,CLT-99,CDG-99,SFO-99,PHX0,LAX-99,ORD-46,DXB-99,LAS-99
PVG:FRA-68,ICN5,DEL-58,CAN-53,PVG0,AMS-99
SFO:SFO0,LAX10
SIN:JFK-99,HND-99,ATL-99,IST-99,KUL11,DEL-99,CAN-99,PEK15,SIN0,CGK21,BKK24,PVG-99,AMS-99,HKG34,FRA-99,ICN-99,DFW-99,LHR-99,CLT-99,CDG-99,SFO-99,LAX-99,ORD-99,DXB25,LAS-99
-----
AMS:AMS0
ATL:JFK-99,HND-99,ATL0,IST-99,KUL-99,DEL-99,CAN-99,PEK-10,CGK-99,BKK-99,PVG-99,AMS-99,HKG-99,FRA-99,ICN-99,DFW-99,LHR-99,CLT-99,CDG-99,SFO-99,LAX-99,ORD-99,DXB-99,LAS-99
BKK:JFK-99,HND-99,ATL-99,IST-99,KUL-99,DEL-99,CAN-99,PEK-9,CGK-99,BKK0,PVG-99,AMS-99,HKG10,FRA-99,ICN-99,DFW-99,LHR-99,CLT-99,CDG-99,SFO-99,LAX-99,ORD-99,DXB1,LAS-99
CAN:FRA-15,DEL-5,CAN0,AMS-99
CDG:JFK-99,HND-99,ATL-99,IST-99,KUL-99,DEL-99,CAN-99,PEK-4,CGK-99,BKK-99,PVG-99,AMS-99,HKG-99,FRA-99,ICN-99,DFW-99,LHR-99,CLT-99,CDG0,SFO-99,LAX-99,ORD-99,DXB-99,LAS-99
CGK:JFK-99,HND-99,ATL-99,IST-99,KUL-99,DEL-99,CAN-99,PEK-6,CGK0,BKK3,PVG-99,AMS-99,HKG13,FRA-99,ICN-99,DFW-99,LHR-99,CLT-99,CDG-99,SFO-99,LAX-99,ORD-99,DXB4,LAS-99
CLT:JFK-99,HND-99,ATL-10,IST-99,KUL-99,DEL-99,CAN-99,PEK-20,CGK-99,BKK-99,PVG-99,AMS-99,HKG-99,FRA-99,ICN-99,DFW-30,LHR-99,CLT0,CDG-99,SFO-99,LAX-99,ORD-20,DXB-99,LAS-99
DEL:FRA-25,DEL0,CAN-10,AMS-99
DEN:JFK-99,HND-99,ATL50,IST-99,KUL-99,DEL-99,CAN-99,DEN0,PEK40,CGK-99,BKK-99,PVG-99,AMS-99,HKG-99,FRA-99,ICN-99,DFW30,LHR-99,CLT-99,CDG-99,SFO-99,LAX-99,ORD40,DXB-99,LAS10
DFW:JFK-99,HND-99,ATL20,IST-99,KUL-99,DEL-99,CAN-99,PEK10,CGK-99,BKK-99,PVG-99,AMS-99,HKG-99,FRA-99,ICN-99,DFW0,LHR-99,CLT-99,CDG-99,SFO-99,LAX-99,ORD10,DXB-99,LAS-99
DXB:JFK-99,HND-99,ATL-99,IST-99,KUL-99,DEL-99,CAN-99,PEK-10,CGK-99,BKK-99,PVG-99,AMS-99,HKG-99,FRA-99,ICN-99,DFW-99,LHR-99,CLT-99,CDG-99,SFO-99,LAX-99,ORD-99,DXB0,LAS-99
FRA:FRA0,DEL10,AMS-99,CAN0
HKG:JFK-99,HND-99,ATL-99,IST-99,KUL-99,DEL-99,CAN-99,PEK-19,CGK-99,BKK-99,PVG-99,AMS-99,HKG0,FRA-99,ICN-99,DFW-99,LHR-99,CLT-99,CDG-99,SFO-99,LAX-99,ORD-99,DXB-9,LAS-99
HND:JFK-99,HND0,ATL-99,IST-99,KUL-99,DEL-99,CAN-99,PEK-14,CGK-99,BKK-99,PVG-99,AMS-99,HKG5,FRA-99,ICN-99,DFW-99,LHR-99,CLT-99,CDG-99,SFO-99,LAX-99,ORD-99,DXB-4,LAS-99
IAH:JFK-99,HND-99,ATL-30,IST-99,KUL-99,DEL-99,CAN-99,PEK-40,ICN-99,CGK-99,BKK-99,PVG-99,AMS-99,HKG-99,FRA-99,IAH0,DFW-50,LHR-99,CLT-99,CDG-99,SFO-99,LAX-99,ORD-40,DXB-99,LAS-99
ICN:FRA-83,ICN0,DEL-73,CAN-68,PVG-10,AMS-99
IST:JFK-99,HND-99,ATL-99,IST0,KUL-99,DEL-99,CAN-99,PEK-10,CGK-99,BKK-99,PVG-99,AMS-99,HKG-99,FRA-99,ICN-99,DFW-99,LHR-99,CLT-99,CDG-99,SFO-99,LAX-99,ORD-99,DXB-99,LAS-99
JFK:JFK0,HND-99,ATL10,IST-99,KUL-99,DEL-99,CAN-99,PEK0,CGK-99,BKK-99,PVG-99,AMS-99,HKG-99,FRA-99,ICN-99,DFW-99,LHR-99,CLT-99,CDG-99,SFO-99,LAX-99,ORD-99,DXB-99,LAS-99
KUL:JFK-99,HND-99,ATL-99,IST-99,KUL0,DEL-99,CAN-99,PEK4,CGK10,BKK13,PVG-99,AMS-99,HKG23,FRA-99,ICN-99,DFW-99,LHR-99,CLT-99,CDG-99,SFO-99,LAX-99,ORD-99,DXB14,LAS-99
LAS:JFK-99,HND-99,ATL40,IST-99,KUL-99,DEL-99,CAN-99,PEK30,CGK-99,BKK-99,PVG-99,AMS-99,HKG-99,FRA-99,ICN-99,DFW20,LHR-99,CLT-99,CDG-99,SFO-99,LAX-99,ORD30,DXB-99,LAS0
LAX:SFO10,LAX0
LHR:JFK-99,HND-99,ATL-99,IST-99,KUL-99,DEL-99,CAN-99,PEK6,CGK-99,BKK-99,PVG-99,AMS-99,HKG-99,FRA-99,ICN-99,DFW-99,LHR0,CLT-99,CDG10,SFO-99,LAX-99,ORD-99,DXB-99,LAS-99
MAD:JFK-99,HND-99,ATL-99,IST-99,KUL-99,DEL-99,CAN-99,PEK-4,CGK-99,BKK-99,PVG-99,AMS-99,HKG-99,FRA-99,ICN-99,DFW-99,LHR-10,CLT-99,CDG0,SFO-99,LAX-99,MAD0,ORD-99,DXB-99,LAS-99
MIA:JFK-99,HND-99,MIA0,ATL10,IST-99,KUL-99,DEL-99,CAN-99,PEK0,CGK-99,BKK-99,PVG-99,AMS-99,HKG-99,FRA-99,ICN-99,DFW-99,LHR-99,CLT-99,CDG-99,SFO-99,LAX-99,ORD-99,DXB-99,LAS-99
ORD:JFK-99,HND-99,ATL10,IST-99,KUL-99,DEL-99,CAN-99,PEK0,CGK-99,BKK-99,PVG-99,AMS-99,HKG-99,FRA-99,ICN-99,DFW-99,LHR-99,CLT-99,CDG-99,SFO-99,LAX-99,ORD0,DXB-99,LAS-99
PEK:JFK-99,HND-99,ATL-99,IST-99,KUL-99,DEL-99,CAN-99,PEK0,CGK-99,BKK-99,PVG-99,AMS-99,HKG-99,FRA-99,ICN-99,DFW-99,LHR-99,CLT-99,CDG-99,SFO-99,LAX-99,ORD-99,DXB-99,LAS-99
PHX:JFK-99,HND-99,ATL-36,IST-99,KUL-99,DEL-99,CAN-99,DEN7,PEK-46,ICN-99,CGK-99,BKK-99,PVG-99,AMS-99,HKG-99,FRA-99,IAH-6,DFW-56,LHR-99,CLT-99,CDG-99,SFO-99,PHX0,LAX-99,ORD-46,DXB-99,LAS-99
PVG:FRA-73,ICN5,DEL-63,CAN-58,PVG0,AMS-99
SFO:SFO0,LAX10
SIN:JFK-99,HND-99,ATL-99,IST-99,KUL11,DEL-99,CAN-99,PEK15,SIN0,CGK21,BKK24,PVG-99,AMS-99,HKG34,FRA-99,ICN-99,DFW-99,LHR-99,CLT-99,CDG-99,SFO-99,LAX-99,ORD-99,DXB25,LAS-99
-----
AMS:AMS0
ATL:JFK-99,HND-99,ATL0,IST-99,KUL-99,DEL-99,CAN-99,PEK-10,CGK-99,BKK-99,PVG-99,AMS-99,HKG-99,FRA-99,ICN-99,DFW-99,LHR-99,CLT-99,CDG-99,SFO-99,LAX-99,ORD-99,DXB-99,LAS-99
BKK:JFK-99,HND-99,ATL-99,IST-99,KUL-99,DEL-99,CAN-99,PEK-9,CGK-99,BKK0,PVG-99,AMS-99,HKG10,FRA-99,ICN-99,DFW-99,LHR-99,CLT-99,CDG-99,SFO-99,LAX-99,ORD-99,DXB1,LAS-99
CAN:FRA-15,DEL-5,CAN0,AMS-99
CDG:JFK-99,HND-99,ATL-99,IST-99,KUL-99,DEL-99,CAN-99,PEK-4,CGK-99,BKK-99,PVG-99,AMS-99,HKG-99,FRA-99,ICN-99,DFW-99,LHR-99,CLT-99,CDG0,SFO-99,LAX-99,ORD-99,DXB-99,LAS-99
CGK:JFK-99,HND-99,ATL-99,IST-99,KUL-99,DEL-99,CAN-99,PEK-6,CGK0,BKK3,PVG-99,AMS-99,HKG13,FRA-99,ICN-99,DFW-99,LHR-99,CLT-99,CDG-99,SFO-99,LAX-99,ORD-99,DXB4,LAS-99
CLT:JFK-99,HND-99,ATL-10,IST-99,KUL-99,DEL-99,CAN-99,PEK-20,CGK-99,BKK-99,PVG-99,AMS-99,HKG-99,FRA-99,ICN-99,DFW-30,LHR-99,CLT0,CDG-99,SFO-99,LAX-99,ORD-20,DXB-99,LAS-99
DEL:FRA-25,DEL0,CAN-10,AMS-99
DEN:JFK-99,HND-99,ATL50,IST-99,KUL-99,DEL-99,CAN-99,DEN0,PEK40,CGK-99,BKK-99,PVG-99,AMS-99,HKG-99,FRA-99,ICN-99,DFW30,LHR-99,CLT-99,CDG-99,SFO-99,LAX-99,ORD40,DXB-99,LAS10
DFW:JFK-99,HND-99,ATL20,IST-99,KUL-99,DEL-99,CAN-99,PEK10,CGK-99,BKK-99,PVG-99,AMS-99,HKG-99,FRA-99,ICN-99,DFW0,LHR-99,CLT-99,CDG-99,SFO-99,LAX-99,ORD10,DXB-99,LAS-99
DXB:JFK-99,HND-99,ATL-99,IST-99,KUL-99,DEL-99,CAN-99,PEK-10,CGK-99,BKK-99,PVG-99,AMS-99,HKG-99,FRA-99,ICN-99,DFW-99,LHR-99,CLT-99,CDG-99,SFO-99,LAX-99,ORD-99,DXB0,LAS-99
FRA:FRA0,DEL10,AMS-99,CAN0
HKG:JFK-99,HND-99,ATL-99,IST-99,KUL-99,DEL-99,CAN-99,PEK-19,CGK-99,BKK-99,PVG-99,AMS-99,HKG0,FRA-99,ICN-99,DFW-99,LHR-99,CLT-99,CDG-99,SFO-99,LAX-99,ORD-99,DXB-9,LAS-99
HND:JFK-99,HND0,ATL-99,IST-99,KUL-99,DEL-99,CAN-99,PEK-14,CGK-99,BKK-99,PVG-99,AMS-99,HKG5,FRA-99,ICN-99,DFW-99,LHR-99,CLT-99,CDG-99,SFO-99,LAX-99,ORD-99,DXB-4,LAS-99
IAH:JFK-99,HND-99,ATL-30,IST-99,KUL-99,DEL-99,CAN-99,PEK-40,ICN-99,CGK-99,BKK-99,PVG-99,AMS-99,HKG-99,FRA-99,IAH0,DFW-50,LHR-99,CLT-99,CDG-99,SFO-99,LAX-99,ORD-40,DXB-99,LAS-99
ICN:FRA-88,ICN0,DEL-78,CAN-73,PVG-10,AMS-99
IST:JFK-99,HND-99,ATL-99,IST0,KUL-99,DEL-99,CAN-99,PEK-10,CGK-99,BKK-99,PVG-99,AMS-99,HKG-99,FRA-99,ICN-99,DFW-99,LHR-99,CLT-99,CDG-99,SFO-99,LAX-99,ORD-99,DXB-99,LAS-99
JFK:JFK0,HND-99,ATL10,IST-99,KUL-99,DEL-99,CAN-99,PEK0,CGK-99,BKK-99,PVG-99,AMS-99,HKG-99,FRA-99,ICN-99,DFW-99,LHR-99,CLT-99,CDG-99,SFO-99,LAX-99,ORD-99,DXB-99,LAS-99
KUL:JFK-99,HND-99,ATL-99,IST-99,KUL0,DEL-99,CAN-99,PEK4,CGK10,BKK13,PVG-99,AMS-99,HKG23,FRA-99,ICN-99,DFW-99,LHR-99,CLT-99,CDG-99,SFO-99,LAX-99,ORD-99,DXB14,LAS-99
LAS:JFK-99,HND-99,ATL40,IST-99,KUL-99,DEL-99,CAN-99,PEK30,CGK-99,BKK-99,PVG-99,AMS-99,HKG-99,FRA-99,ICN-99,DFW20,LHR-99,CLT-99,CDG-99,SFO-99,LAX-99,ORD30,DXB-99,LAS0
LAX:SFO10,LAX0
LHR:JFK-99,HND-99,ATL-99,IST-99,KUL-99,DEL-99,CAN-99,PEK6,CGK-99,BKK-99,PVG-99,AMS-99,HKG-99,FRA-99,ICN-99,DFW-99,LHR0,CLT-99,CDG10,SFO-99,LAX-99,ORD-99,DXB-99,LAS-99
MAD:JFK-99,HND-99,ATL-99,IST-99,KUL-99,DEL-99,CAN-99,PEK-4,CGK-99,BKK-99,PVG-99,AMS-99,HKG-99,FRA-99,ICN-99,DFW-99,LHR-10,CLT-99,CDG0,SFO-99,LAX-99,MAD0,ORD-99,DXB-99,LAS-99
MIA:JFK-99,HND-99,MIA0,ATL10,IST-99,KUL-99,DEL-99,CAN-99,PEK0,CGK-99,BKK-99,PVG-99,AMS-99,HKG-99,FRA-99,ICN-99,DFW-99,LHR-99,CLT-99,CDG-99,SFO-99,LAX-99,ORD-99,DXB-99,LAS-99
ORD:JFK-99,HND-99,ATL10,IST-99,KUL-99,DEL-99,CAN-99,PEK0,CGK-99,BKK-99,PVG-99,AMS-99,HKG-99,FRA-99,ICN-99,DFW-99,LHR-99,CLT-99,CDG-99,SFO-99,LAX-99,ORD0,DXB-99,LAS-99
PEK:JFK-99,HND-99,ATL-99,IST-99,KUL-99,DEL-99,CAN-99,PEK0,CGK-99,BKK-99,PVG-99,AMS-99,HKG-99,FRA-99,ICN-99,DFW-99,LHR-99,CLT-99,CDG-99,SFO-99,LAX-99,ORD-99,DXB-99,LAS-99
PHX:JFK-99,HND-99,ATL-36,IST-99,KUL-99,DEL-99,CAN-99,DEN7,PEK-46,ICN-99,CGK-99,BKK-99,PVG-99,AMS-99,HKG-99,FRA-99,IAH-6,DFW-56,LHR-99,CLT-99,CDG-99,SFO-99,PHX0,LAX-99,ORD-46,DXB-99,LAS-99
PVG:FRA-78,ICN5,DEL-68,CAN-63,PVG0,AMS-99
SFO:SFO0,LAX10
SIN:JFK-99,HND-99,ATL-99,IST-99,KUL11,DEL-99,CAN-99,PEK15,SIN0,CGK21,BKK24,PVG-99,AMS-99,HKG34,FRA-99,ICN-99,DFW-99,LHR-99,CLT-99,CDG-99,SFO-99,LAX-99,ORD-99,DXB25,LAS-99
-----
AMS:AMS0
ATL:JFK-99,HND-99,ATL0,IST-99,KUL-99,DEL-99,CAN-99,PEK-10,CGK-99,BKK-99,PVG-99,AMS-99,HKG-99,FRA-99,ICN-99,DFW-99,LHR-99,CLT-99,CDG-99,SFO-99,LAX-99,ORD-99,DXB-99,LAS-99
BKK:JFK-99,HND-99,ATL-99,IST-99,KUL-99,DEL-99,CAN-99,PEK-9,CGK-99,BKK0,PVG-99,AMS-99,HKG10,FRA-99,ICN-99,DFW-99,LHR-99,CLT-99,CDG-99,SFO-99,LAX-99,ORD-99,DXB1,LAS-99
CAN:FRA-15,DEL-5,CAN0,AMS-99
CDG:JFK-99,HND-99,ATL-99,IST-99,KUL-99,DEL-99,CAN-99,PEK-4,CGK-99,BKK-99,PVG-99,AMS-99,HKG-99,FRA-99,ICN-99,DFW-99,LHR-99,CLT-99,CDG0,SFO-99,LAX-99,ORD-99,DXB-99,LAS-99
CGK:JFK-99,HND-99,ATL-99,IST-99,KUL-99,DEL-99,CAN-99,PEK-6,CGK0,BKK3,PVG-99,AMS-99,HKG13,FRA-99,ICN-99,DFW-99,LHR-99,CLT-99,CDG-99,SFO-99,LAX-99,ORD-99,DXB4,LAS-99
CLT:JFK-99,HND-99,ATL-10,IST-99,KUL-99,DEL-99,CAN-99,PEK-20,CGK-99,BKK-99,PVG-99,AMS-99,HKG-99,FRA-99,ICN-99,DFW-30,LHR-99,CLT0,CDG-99,SFO-99,LAX-99,ORD-20,DXB-99,LAS-99
DEL:FRA-25,DEL0,CAN-10,AMS-99
DEN:JFK-99,HND-99,ATL50,IST-99,KUL-99,DEL-99,CAN-99,DEN0,PEK40,CGK-99,BKK-99,PVG-99,AMS-99,HKG-99,FRA-99,ICN-99,DFW30,LHR-99,CLT-99,CDG-99,SFO-99,LAX-99,ORD40,DXB-99,LAS10
DFW:JFK-99,HND-99,ATL20,IST-99,KUL-99,DEL-99,CAN-99,PEK10,CGK-99,BKK-99,PVG-99,AMS-99,HKG-99,FRA-99,ICN-99,DFW0,LHR-99,CLT-99,CDG-99,SFO-99,LAX-99,ORD10,DXB-99,LAS-99
DXB:JFK-99,HND-99,ATL-99,IST-99,KUL-99,DEL-99,CAN-99,PEK-10,CGK-99,BKK-99,PVG-99,AMS-99,HKG-99,FRA-99,ICN-99,DFW-99,LHR-99,CLT-99,CDG-99,SFO-99,LAX-99,ORD-99,DXB0,LAS-99
FRA:FRA0,DEL10,AMS-99,CAN0
HKG:JFK-99,HND-99,ATL-99,IST-99,KUL-99,DEL-99,CAN-99,PEK-19,CGK-99,BKK-99,PVG-99,AMS-99,HKG0,FRA-99,ICN-99,DFW-99,LHR-99,CLT-99,CDG-99,SFO-99,LAX-99,ORD-99,DXB-9,LAS-99
HND:JFK-99,HND0,ATL-99,IST-99,KUL-99,DEL-99,CAN-99,PEK-14,CGK-99,BKK-99,PVG-99,AMS-99,HKG5,FRA-99,ICN-99,DFW-99,LHR-99,CLT-99,CDG-99,SFO-99,LAX-99,ORD-99,DXB-4,LAS-99
IAH:JFK-99,HND-99,ATL-30,IST-99,KUL-99,DEL-99,CAN-99,PEK-40,ICN-99,CGK-99,BKK-99,PVG-99,AMS-99,HKG-99,FRA-99,IAH0,DFW-50,LHR-99,CLT-99,CDG-99,SFO-99,LAX-99,ORD-40,DXB-99,LAS-99
ICN:FRA-93,ICN0,DEL-83,CAN-78,PVG-10,AMS-99
IST:JFK-99,HND-99,ATL-99,IST0,KUL-99,DEL-99,CAN-99,PEK-10,CGK-99,BKK-99,PVG-99,AMS-99,HKG-99,FRA-99,ICN-99,DFW-99,LHR-99,CLT-99,CDG-99,SFO-99,LAX-99,ORD-99,DXB-99,LAS-99
JFK:JFK0,HND-99,ATL10,IST-99,KUL-99,DEL-99,CAN-99,PEK0,CGK-99,BKK-99,PVG-99,AMS-99,HKG-99,FRA-99,ICN-99,DFW-99,LHR-99,CLT-99,CDG-99,SFO-99,LAX-99,ORD-99,DXB-99,LAS-99
KUL:JFK-99,HND-99,ATL-99,IST-99,KUL0,DEL-99,CAN-99,PEK4,CGK10,BKK13,PVG-99,AMS-99,HKG23,FRA-99,ICN-99,DFW-99,LHR-99,CLT-99,CDG-99,SFO-99,LAX-99,ORD-99,DXB14,LAS-99
LAS:JFK-99,HND-99,ATL40,IST-99,KUL-99,DEL-99,CAN-99,PEK30,CGK-99,BKK-99,PVG-99,AMS-99,HKG-99,FRA-99,ICN-99,DFW20,LHR-99,CLT-99,CDG-99,SFO-99,LAX-99,ORD30,DXB-99,LAS0
LAX:SFO10,LAX0
LHR:JFK-99,HND-99,ATL-99,IST-99,KUL-99,DEL-99,CAN-99,PEK6,CGK-99,BKK-99,PVG-99,AMS-99,HKG-99,FRA-99,ICN-99,DFW-99,LHR0,CLT-99,CDG10,SFO-99,LAX-99,ORD-99,DXB-99,LAS-99
MAD:JFK-99,HND-99,ATL-99,IST-99,KUL-99,DEL-99,CAN-99,PEK-4,CGK-99,BKK-99,PVG-99,AMS-99,HKG-99,FRA-99,ICN-99,DFW-99,LHR-10,CLT-99,CDG0,SFO-99,LAX-99,MAD0,ORD-99,DXB-99,LAS-99
MIA:JFK-99,HND-99,MIA0,ATL10,IST-99,KUL-99,DEL-99,CAN-99,PEK0,CGK-99,BKK-99,PVG-99,AMS-99,HKG-99,FRA-99,ICN-99,DFW-99,LHR-99,CLT-99,CDG-99,SFO-99,LAX-99,ORD-99,DXB-99,LAS-99
ORD:JFK-99,HND-99,ATL10,IST-99,KUL-99,DEL-99,CAN-99,PEK0,CGK-99,BKK-99,PVG-99,AMS-99,HKG-99,FRA-99,ICN-99,DFW-99,LHR-99,CLT-99,CDG-99,SFO-99,LAX-99,ORD0,DXB-99,LAS-99
PEK:JFK-99,HND-99,ATL-99,IST-99,KUL-99,DEL-99,CAN-99,PEK0,CGK-99,BKK-99,PVG-99,AMS-99,HKG-99,FRA-99,ICN-99,DFW-99,LHR-99,CLT-99,CDG-99,SFO-99,LAX-99,ORD-99,DXB-99,LAS-99
PHX:JFK-99,HND-99,ATL-36,IST-99,KUL-99,DEL-99,CAN-99,DEN7,PEK-46,ICN-99,CGK-99,BKK-99,PVG-99,AMS-99,HKG-99,FRA-99,IAH-6,DFW-56,LHR-99,CLT-99,CDG-99,SFO-99,PHX0,LAX-99,ORD-46,DXB-99,LAS-99
PVG:FRA-83,ICN5,DEL-73,CAN-68,PVG0,AMS-99
SFO:SFO0,LAX10
SIN:JFK-99,HND-99,ATL-99,IST-99,KUL11,DEL-99,CAN-99,PEK15,SIN0,CGK21,BKK24,PVG-99,AMS-99,HKG34,FRA-99,ICN-99,DFW-99,LHR-99,CLT-99,CDG-99,SFO-99,LAX-99,ORD-99,DXB25,LAS-99
-----
AMS:AMS0
ATL:JFK-99,HND-99,ATL0,IST-99,KUL-99,DEL-99,CAN-99,PEK-10,CGK-99,BKK-99,PVG-99,AMS-99,HKG-99,FRA-99,ICN-99,DFW-99,LHR-99,CLT-99,CDG-99,SFO-99,LAX-99,ORD-99,DXB-99,LAS-99
BKK:JFK-99,HND-99,ATL-99,IST-99,KUL-99,DEL-99,CAN-99,PEK-9,CGK-99,BKK0,PVG-99,AMS-99,HKG10,FRA-99,ICN-99,DFW-99,LHR-99,CLT-99,CDG-99,SFO-99,LAX-99,ORD-99,DXB1,LAS-99
CAN:FRA-15,DEL-5,CAN0,AMS-99
CDG:JFK-99,HND-99,ATL-99,IST-99,KUL-99,DEL-99,CAN-99,PEK-4,CGK-99,BKK-99,PVG-99,AMS-99,HKG-99,FRA-99,ICN-99,DFW-99,LHR-99,CLT-99,CDG0,SFO-99,LAX-99,ORD-99,DXB-99,LAS-99
CGK:JFK-99,HND-99,ATL-99,IST-99,KUL-99,DEL-99,CAN-99,PEK-6,CGK0,BKK3,PVG-99,AMS-99,HKG13,FRA-99,ICN-99,DFW-99,LHR-99,CLT-99,CDG-99,SFO-99,LAX-99,ORD-99,DXB4,LAS-99
CLT:JFK-99,HND-99,ATL-10,IST-99,KUL-99,DEL-99,CAN-99,PEK-20,CGK-99,BKK-99,PVG-99,AMS-99,HKG-99,FRA-99,ICN-99,DFW-30,LHR-99,CLT0,CDG-99,SFO-99,LAX-99,ORD-20,DXB-99,LAS-99
DEL:FRA-25,DEL0,CAN-10,AMS-99
DEN:JFK-99,HND-99,ATL50,IST-99,KUL-99,DEL-99,CAN-99,DEN0,PEK40,CGK-99,BKK-99,PVG-99,AMS-99,HKG-99,FRA-99,ICN-99,DFW30,LHR-99,CLT-99,CDG-99,SFO-99,LAX-99,ORD40,DXB-99,LAS10
DFW:JFK-99,HND-99,ATL20,IST-99,KUL-99,DEL-99,CAN-99,PEK10,CGK-99,BKK-99,PVG-99,AMS-99,HKG-99,FRA-99,ICN-99,DFW0,LHR-99,CLT-99,CDG-99,SFO-99,LAX-99,ORD10,DXB-99,LAS-99
DXB:JFK-99,HND-99,ATL-99,IST-99,KUL-99,DEL-99,CAN-99,PEK-10,CGK-99,BKK-99,PVG-99,AMS-99,HKG-99,FRA-99,ICN-99,DFW-99,LHR-99,CLT-99,CDG-99,SFO-99,LAX-99,ORD-99,DXB0,LAS-99
FRA:FRA0,DEL10,AMS-99,CAN0
HKG:JFK-99,HND-99,ATL-99,IST-99,KUL-99,DEL-99,CAN-99,PEK-19,CGK-99,BKK-99,PVG-99,AMS-99,HKG0,FRA-99,ICN-99,DFW-99,LHR-99,CLT-99,CDG-99,SFO-99,LAX-99,ORD-99,DXB-9,LAS-99
HND:JFK-99,HND0,ATL-99,IST-99,KUL-99,DEL-99,CAN-99,PEK-14,CGK-99,BKK-99,PVG-99,AMS-99,HKG5,FRA-99,ICN-99,DFW-99,LHR-99,CLT-99,CDG-99,SFO-99,LAX-99,ORD-99,DXB-4,LAS-99
IAH:JFK-99,HND-99,ATL-30,IST-99,KUL-99,DEL-99,CAN-99,PEK-40,ICN-99,CGK-99,BKK-99,PVG-99,AMS-99,HKG-99,FRA-99,IAH0,DFW-50,LHR-99,CLT-99,CDG-99,SFO-99,LAX-99,ORD-40,DXB-99,LAS-99
ICN:FRA-98,ICN0,DEL-88,CAN-83,PVG-10,AMS-99
IST:JFK-99,HND-99,ATL-99,IST0,KUL-99,DEL-99,CAN-99,PEK-10,CGK-99,BKK-99,PVG-99,AMS-99,HKG-99,FRA-99,ICN-99,DFW-99,LHR-99,CLT-99,CDG-99,SFO-99,LAX-99,ORD-99,DXB-99,LAS-99
JFK:JFK0,HND-99,ATL10,IST-99,KUL-99,DEL-99,CAN-99,PEK0,CGK-99,BKK-99,PVG-99,AMS-99,HKG-99,FRA-99,ICN-99,DFW-99,LHR-99,CLT-99,CDG-99,SFO-99,LAX-99,ORD-99,DXB-99,LAS-99
KUL:JFK-99,HND-99,ATL-99,IST-99,KUL0,DEL-99,CAN-99,PEK4,CGK10,BKK13,PVG-99,AMS-99,HKG23,FRA-99,ICN-99,DFW-99,LHR-99,CLT-99,CDG-99,SFO-99,LAX-99,ORD-99,DXB14,LAS-99
LAS:JFK-99,HND-99,ATL40,IST-99,KUL-99,DEL-99,CAN-99,PEK30,CGK-99,BKK-99,PVG-99,AMS-99,HKG-99,FRA-99,ICN-99,DFW20,LHR-99,CLT-99,CDG-99,SFO-99,LAX-99,ORD30,DXB-99,LAS0
LAX:SFO10,LAX0
LHR:JFK-99,HND-99,ATL-99,IST-99,KUL-99,DEL-99,CAN-99,PEK6,CGK-99,BKK-99,PVG-99,AMS-99,HKG-99,FRA-99,ICN-99,DFW-99,LHR0,CLT-99,CDG10,SFO-99,LAX-99,ORD-99,DXB-99,LAS-99
MAD:JFK-99,HND-99,ATL-99,IST-99,KUL-99,DEL-99,CAN-99,PEK-4,CGK-99,BKK-99,PVG-99,AMS-99,HKG-99,FRA-99,ICN-99,DFW-99,LHR-10,CLT-99,CDG0,SFO-99,LAX-99,MAD0,ORD-99,DXB-99,LAS-99
MIA:JFK-99,HND-99,MIA0,ATL10,IST-99,KUL-99,DEL-99,CAN-99,PEK0,CGK-99,BKK-99,PVG-99,AMS-99,HKG-99,FRA-99,ICN-99,DFW-99,LHR-99,CLT-99,CDG-99,SFO-99,LAX-99,ORD-99,DXB-99,LAS-99
ORD:JFK-99,HND-99,ATL10,IST-99,KUL-99,DEL-99,CAN-99,PEK0,CGK-99,BKK-99,PVG-99,AMS-99,HKG-99,FRA-99,ICN-99,DFW-99,LHR-99,CLT-99,CDG-99,SFO-99,LAX-99,ORD0,DXB-99,LAS-99
PEK:JFK-99,HND-99,ATL-99,IST-99,KUL-99,DEL-99,CAN-99,PEK0,CGK-99,BKK-99,PVG-99,AMS-99,HKG-99,FRA-99,ICN-99,DFW-99,LHR-99,CLT-99,CDG-99,SFO-99,LAX-99,ORD-99,DXB-99,LAS-99
PHX:JFK-99,HND-99,ATL-36,IST-99,KUL-99,DEL-99,CAN-99,DEN7,PEK-46,ICN-99,CGK-99,BKK-99,PVG-99,AMS-99,HKG-99,FRA-99,IAH-6,DFW-56,LHR-99,CLT-99,CDG-99,SFO-99,PHX0,LAX-99,ORD-46,DXB-99,LAS-99
PVG:FRA-88,ICN5,DEL-78,CAN-73,PVG0,AMS-99
SFO:SFO0,LAX10
SIN:JFK-99,HND-99,ATL-99,IST-99,KUL11,DEL-99,CAN-99,PEK15,SIN0,CGK21,BKK24,PVG-99,AMS-99,HKG34,FRA-99,ICN-99,DFW-99,LHR-99,CLT-99,CDG-99,SFO-99,LAX-99,ORD-99,DXB25,LAS-99
-----
AMS:AMS0
ATL:JFK-99,HND-99,ATL0,IST-99,KUL-99,DEL-99,CAN-99,PEK-10,CGK-99,BKK-99,PVG-99,AMS-99,HKG-99,FRA-99,ICN-99,DFW-99,LHR-99,CLT-99,CDG-99,SFO-99,LAX-99,ORD-99,DXB-99,LAS-99
BKK:JFK-99,HND-99,ATL-99,IST-99,KUL-99,DEL-99,CAN-99,PEK-9,CGK-99,BKK0,PVG-99,AMS-99,HKG10,FRA-99,ICN-99,DFW-99,LHR-99,CLT-99,CDG-99,SFO-99,LAX-99,ORD-99,DXB1,LAS-99
CAN:FRA-15,DEL-5,CAN0,AMS-99
CDG:JFK-99,HND-99,ATL-99,IST-99,KUL-99,DEL-99,CAN-99,PEK-4,CGK-99,BKK-99,PVG-99,AMS-99,HKG-99,FRA-99,ICN-99,DFW-99,LHR-99,CLT-99,CDG0,SFO-99,LAX-99,ORD-99,DXB-99,LAS-99
CGK:JFK-99,HND-99,ATL-99,IST-99,KUL-99,DEL-99,CAN-99,PEK-6,CGK0,BKK3,PVG-99,AMS-99,HKG13,FRA-99,ICN-99,DFW-99,LHR-99,CLT-99,CDG-99,SFO-99,LAX-99,ORD-99,DXB4,LAS-99
CLT:JFK-99,HND-99,ATL-10,IST-99,KUL-99,DEL-99,CAN-99,PEK-20,CGK-99,BKK-99,PVG-99,AMS-99,HKG-99,FRA-99,ICN-99,DFW-30,LHR-99,CLT0,CDG-99,SFO-99,LAX-99,ORD-20,DXB-99,LAS-99
DEL:FRA-25,DEL0,CAN-10,AMS-99
DEN:JFK-99,HND-99,ATL50,IST-99,KUL-99,DEL-99,CAN-99,DEN0,PEK40,CGK-99,BKK-99,PVG-99,AMS-99,HKG-99,FRA-99,ICN-99,DFW30,LHR-99,CLT-99,CDG-99,SFO-99,LAX-99,ORD40,DXB-99,LAS10
DFW:JFK-99,HND-99,ATL20,IST-99,KUL-99,DEL-99,CAN-99,PEK10,CGK-99,BKK-99,PVG-99,AMS-99,HKG-99,FRA-99,ICN-99,DFW0,LHR-99,CLT-99,CDG-99,SFO-99,LAX-99,ORD10,DXB-99,LAS-99
DXB:JFK-99,HND-99,ATL-99,IST-99,KUL-99,DEL-99,CAN-99,PEK-10,CGK-99,BKK-99,PVG-99,AMS-99,HKG-99,FRA-99,ICN-99,DFW-99,LHR-99,CLT-99,CDG-99,SFO-99,LAX-99,ORD-99,DXB0,LAS-99
FRA:FRA0,DEL10,AMS-99,CAN0
HKG:JFK-99,HND-99,ATL-99,IST-99,KUL-99,DEL-99,CAN-99,PEK-19,CGK-99,BKK-99,PVG-99,AMS-99,HKG0,FRA-99,ICN-99,DFW-99,LHR-99,CLT-99,CDG-99,SFO-99,LAX-99,ORD-99,DXB-9,LAS-99
HND:JFK-99,HND0,ATL-99,IST-99,KUL-99,DEL-99,CAN-99,PEK-14,CGK-99,BKK-99,PVG-99,AMS-99,HKG5,FRA-99,ICN-99,DFW-99,LHR-99,CLT-99,CDG-99,SFO-99,LAX-99,ORD-99,DXB-4,LAS-99
IAH:JFK-99,HND-99,ATL-30,IST-99,KUL-99,DEL-99,CAN-99,PEK-40,ICN-99,CGK-99,BKK-99,PVG-99,AMS-99,HKG-99,FRA-99,IAH0,DFW-50,LHR-99,CLT-99,CDG-99,SFO-99,LAX-99,ORD-40,DXB-99,LAS-99
ICN:FRA-99,ICN0,DEL-93,CAN-88,PVG-10,AMS-99
IST:JFK-99,HND-99,ATL-99,IST0,KUL-99,DEL-99,CAN-99,PEK-10,CGK-99,BKK-99,PVG-99,AMS-99,HKG-99,FRA-99,ICN-99,DFW-99,LHR-99,CLT-99,CDG-99,SFO-99,LAX-99,ORD-99,DXB-99,LAS-99
JFK:JFK0,HND-99,ATL10,IST-99,KUL-99,DEL-99,CAN-99,PEK0,CGK-99,BKK-99,PVG-99,AMS-99,HKG-99,FRA-99,ICN-99,DFW-99,LHR-99,CLT-99,CDG-99,SFO-99,LAX-99,ORD-99,DXB-99,LAS-99
KUL:JFK-99,HND-99,ATL-99,IST-99,KUL0,DEL-99,CAN-99,PEK4,CGK10,BKK13,PVG-99,AMS-99,HKG23,FRA-99,ICN-99,DFW-99,LHR-99,CLT-99,CDG-99,SFO-99,LAX-99,ORD-99,DXB14,LAS-99
LAS:JFK-99,HND-99,ATL40,IST-99,KUL-99,DEL-99,CAN-99,PEK30,CGK-99,BKK-99,PVG-99,AMS-99,HKG-99,FRA-99,ICN-99,DFW20,LHR-99,CLT-99,CDG-99,SFO-99,LAX-99,ORD30,DXB-99,LAS0
LAX:SFO10,LAX0
LHR:JFK-99,HND-99,ATL-99,IST-99,KUL-99,DEL-99,CAN-99,PEK6,CGK-99,BKK-99,PVG-99,AMS-99,HKG-99,FRA-99,ICN-99,DFW-99,LHR0,CLT-99,CDG10,SFO-99,LAX-99,ORD-99,DXB-99,LAS-99
MAD:JFK-99,HND-99,ATL-99,IST-99,KUL-99,DEL-99,CAN-99,PEK-4,CGK-99,BKK-99,PVG-99,AMS-99,HKG-99,FRA-99,ICN-99,DFW-99,LHR-10,CLT-99,CDG0,SFO-99,LAX-99,MAD0,ORD-99,DXB-99,LAS-99
MIA:JFK-99,HND-99,MIA0,ATL10,IST-99,KUL-99,DEL-99,CAN-99,PEK0,CGK-99,BKK-99,PVG-99,AMS-99,HKG-99,FRA-99,ICN-99,DFW-99,LHR-99,CLT-99,CDG-99,SFO-99,LAX-99,ORD-99,DXB-99,LAS-99
ORD:JFK-99,HND-99,ATL10,IST-99,KUL-99,DEL-99,CAN-99,PEK0,CGK-99,BKK-99,PVG-99,AMS-99,HKG-99,FRA-99,ICN-99,DFW-99,LHR-99,CLT-99,CDG-99,SFO-99,LAX-99,ORD0,DXB-99,LAS-99
PEK:JFK-99,HND-99,ATL-99,IST-99,KUL-99,DEL-99,CAN-99,PEK0,CGK-99,BKK-99,PVG-99,AMS-99,HKG-99,FRA-99,ICN-99,DFW-99,LHR-99,CLT-99,CDG-99,SFO-99,LAX-99,ORD-99,DXB-99,LAS-99
PHX:JFK-99,HND-99,ATL-36,IST-99,KUL-99,DEL-99,CAN-99,DEN7,PEK-46,ICN-99,CGK-99,BKK-99,PVG-99,AMS-99,HKG-99,FRA-99,IAH-6,DFW-56,LHR-99,CLT-99,CDG-99,SFO-99,PHX0,LAX-99,ORD-46,DXB-99,LAS-99
PVG:FRA-93,ICN5,DEL-83,CAN-78,PVG0,AMS-99
SFO:SFO0,LAX10
SIN:JFK-99,HND-99,ATL-99,IST-99,KUL11,DEL-99,CAN-99,PEK15,SIN0,CGK21,BKK24,PVG-99,AMS-99,HKG34,FRA-99,ICN-99,DFW-99,LHR-99,CLT-99,CDG-99,SFO-99,LAX-99,ORD-99,DXB25,LAS-99
-----
AMS:AMS0
ATL:JFK-99,HND-99,ATL0,IST-99,KUL-99,DEL-99,CAN-99,PEK-10,CGK-99,BKK-99,PVG-99,AMS-99,HKG-99,FRA-99,ICN-99,DFW-99,LHR-99,CLT-99,CDG-99,SFO-99,LAX-99,ORD-99,DXB-99,LAS-99
BKK:JFK-99,HND-99,ATL-99,IST-99,KUL-99,DEL-99,CAN-99,PEK-9,CGK-99,BKK0,PVG-99,AMS-99,HKG10,FRA-99,ICN-99,DFW-99,LHR-99,CLT-99,CDG-99,SFO-99,LAX-99,ORD-99,DXB1,LAS-99
CAN:FRA-15,DEL-5,CAN0,AMS-99
CDG:JFK-99,HND-99,ATL-99,IST-99,KUL-99,DEL-99,CAN-99,PEK-4,CGK-99,BKK-99,PVG-99,AMS-99,HKG-99,FRA-99,ICN-99,DFW-99,LHR-99,CLT-99,CDG0,SFO-99,LAX-99,ORD-99,DXB-99,LAS-99
CGK:JFK-99,HND-99,ATL-99,IST-99,KUL-99,DEL-99,CAN-99,PEK-6,CGK0,BKK3,PVG-99,AMS-99,HKG13,FRA-99,ICN-99,DFW-99,LHR-99,CLT-99,CDG-99,SFO-99,LAX-99,ORD-99,DXB4,LAS-99
CLT:JFK-99,HND-99,ATL-10,IST-99,KUL-99,DEL-99,CAN-99,PEK-20,CGK-99,BKK-99,PVG-99,AMS-99,HKG-99,FRA-99,ICN-99,DFW-30,LHR-99,CLT0,CDG-99,SFO-99,LAX-99,ORD-20,DXB-99,LAS-99
DEL:FRA-25,DEL0,CAN-10,AMS-99
DEN:JFK-99,HND-99,ATL50,IST-99,KUL-99,DEL-99,CAN-99,DEN0,PEK40,CGK-99,BKK-99,PVG-99,AMS-99,HKG-99,FRA-99,ICN-99,DFW30,LHR-99,CLT-99,CDG-99,SFO-99,LAX-99,ORD40,DXB-99,LAS10
DFW:JFK-99,HND-99,ATL20,IST-99,KUL-99,DEL-99,CAN-99,PEK10,CGK-99,BKK-99,PVG-99,AMS-99,HKG-99,FRA-99,ICN-99,DFW0,LHR-99,CLT-99,CDG-99,SFO-99,LAX-99,ORD10,DXB-99,LAS-99
DXB:JFK-99,HND-99,ATL-99,IST-99,KUL-99,DEL-99,CAN-99,PEK-10,CGK-99,BKK-99,PVG-99,AMS-99,HKG-99,FRA-99,ICN-99,DFW-99,LHR-99,CLT-99,CDG-99,SFO-99,LAX-99,ORD-99,DXB0,LAS-99
FRA:FRA0,DEL10,AMS-99,CAN0
HKG:JFK-99,HND-99,ATL-99,IST-99,KUL-99,DEL-99,CAN-99,PEK-19,CGK-99,BKK-99,PVG-99,AMS-99,HKG0,FRA-99,ICN-99,DFW-99,LHR-99,CLT-99,CDG-99,SFO-99,LAX-99,ORD-99,DXB-9,LAS-99
HND:JFK-99,HND0,ATL-99,IST-99,KUL-99,DEL-99,CAN-99,PEK-14,CGK-99,BKK-99,PVG-99,AMS-99,HKG5,FRA-99,ICN-99,DFW-99,LHR-99,CLT-99,CDG-99,SFO-99,LAX-99,ORD-99,DXB-4,LAS-99
IAH:JFK-99,HND-99,ATL-30,IST-99,KUL-99,DEL-99,CAN-99,PEK-40,ICN-99,CGK-99,BKK-99,PVG-99,AMS-99,HKG-99,FRA-99,IAH0,DFW-50,LHR-99,CLT-99,CDG-99,SFO-99,LAX-99,ORD-40,DXB-99,LAS-99
ICN:FRA-99,ICN0,DEL-98,CAN-93,PVG-10,AMS-99
IST:JFK-99,HND-99,ATL-99,IST0,KUL-99,DEL-99,CAN-99,PEK-10,CGK-99,BKK-99,PVG-99,AMS-99,HKG-99,FRA-99,ICN-99,DFW-99,LHR-99,CLT-99,CDG-99,SFO-99,LAX-99,ORD-99,DXB-99,LAS-99
JFK:JFK0,HND-99,ATL10,IST-99,KUL-99,DEL-99,CAN-99,PEK0,CGK-99,BKK-99,PVG-99,AMS-99,HKG-99,FRA-99,ICN-99,DFW-99,LHR-99,CLT-99,CDG-99,SFO-99,LAX-99,ORD-99,DXB-99,LAS-99
KUL:JFK-99,HND-99,ATL-99,IST-99,KUL0,DEL-99,CAN-99,PEK4,CGK10,BKK13,PVG-99,AMS-99,HKG23,FRA-99,ICN-99,DFW-99,LHR-99,CLT-99,CDG-99,SFO-99,LAX-99,ORD-99,DXB14,LAS-99
LAS:JFK-99,HND-99,ATL40,IST-99,KUL-99,DEL-99,CAN-99,PEK30,CGK-99,BKK-99,PVG-99,AMS-99,HKG-99,FRA-99,ICN-99,DFW20,LHR-99,CLT-99,CDG-99,SFO-99,LAX-99,ORD30,DXB-99,LAS0
LAX:SFO10,LAX0
LHR:JFK-99,HND-99,ATL-99,IST-99,KUL-99,DEL-99,CAN-99,PEK6,CGK-99,BKK-99,PVG-99,AMS-99,HKG-99,FRA-99,ICN-99,DFW-99,LHR0,CLT-99,CDG10,SFO-99,LAX-99,ORD-99,DXB-99,LAS-99
MAD:JFK-99,HND-99,ATL-99,IST-99,KUL-99,DEL-99,CAN-99,PEK-4,CGK-99,BKK-99,PVG-99,AMS-99,HKG-99,FRA-99,ICN-99,DFW-99,LHR-10,CLT-99,CDG0,SFO-99,LAX-99,MAD0,ORD-99,DXB-99,LAS-99
MIA:JFK-99,HND-99,MIA0,ATL10,IST-99,KUL-99,DEL-99,CAN-99,PEK0,CGK-99,BKK-99,PVG-99,AMS-99,HKG-99,FRA-99,ICN-99,DFW-99,LHR-99,CLT-99,CDG-99,SFO-99,LAX-99,ORD-99,DXB-99,LAS-99
ORD:JFK-99,HND-99,ATL10,IST-99,KUL-99,DEL-99,CAN-99,PEK0,CGK-99,BKK-99,PVG-99,AMS-99,HKG-99,FRA-99,ICN-99,DFW-99,LHR-99,CLT-99,CDG-99,SFO-99,LAX-99,ORD0,DXB-99,LAS-99
PEK:JFK-99,HND-99,ATL-99,IST-99,KUL-99,DEL-99,CAN-99,PEK0,CGK-99,BKK-99,PVG-99,AMS-99,HKG-99,FRA-99,ICN-99,DFW-99,LHR-99,CLT-99,CDG-99,SFO-99,LAX-99,ORD-99,DXB-99,LAS-99
PHX:JFK-99,HND-99,ATL-36,IST-99,KUL-99,DEL-99,CAN-99,DEN7,PEK-46,ICN-99,CGK-99,BKK-99,PVG-99,AMS-99,HKG-99,FRA-99,IAH-6,DFW-56,LHR-99,CLT-99,CDG-99,SFO-99,PHX0,LAX-99,ORD-46,DXB-99,LAS-99
PVG:FRA-99,ICN5,DEL-88,CAN-83,PVG0,AMS-99
SFO:SFO0,LAX10
SIN:JFK-99,HND-99,ATL-99,IST-99,KUL11,DEL-99,CAN-99,PEK15,SIN0,CGK21,BKK24,PVG-99,AMS-99,HKG34,FRA-99,ICN-99,DFW-99,LHR-99,CLT-99,CDG-99,SFO-99,LAX-99,ORD-99,DXB25,LAS-99
-----
AMS:AMS0
ATL:JFK-99,HND-99,ATL0,IST-99,KUL-99,DEL-99,CAN-99,PEK-10,CGK-99,BKK-99,PVG-99,AMS-99,HKG-99,FRA-99,ICN-99,DFW-99,LHR-99,CLT-99,CDG-99,SFO-99,LAX-99,ORD-99,DXB-99,LAS-99
BKK:JFK-99,HND-99,ATL-99,IST-99,KUL-99,DEL-99,CAN-99,PEK-9,CGK-99,BKK0,PVG-99,AMS-99,HKG10,FRA-99,ICN-99,DFW-99,LHR-99,CLT-99,CDG-99,SFO-99,LAX-99,ORD-99,DXB1,LAS-99
CAN:FRA-15,DEL-5,CAN0,AMS-99
CDG:JFK-99,HND-99,ATL-99,IST-99,KUL-99,DEL-99,CAN-99,PEK-4,CGK-99,BKK-99,PVG-99,AMS-99,HKG-99,FRA-99,ICN-99,DFW-99,LHR-99,CLT-99,CDG0,SFO-99,LAX-99,ORD-99,DXB-99,LAS-99
CGK:JFK-99,HND-99,ATL-99,IST-99,KUL-99,DEL-99,CAN-99,PEK-6,CGK0,BKK3,PVG-99,AMS-99,HKG13,FRA-99,ICN-99,DFW-99,LHR-99,CLT-99,CDG-99,SFO-99,LAX-99,ORD-99,DXB4,LAS-99
CLT:JFK-99,HND-99,ATL-10,IST-99,KUL-99,DEL-99,CAN-99,PEK-20,CGK-99,BKK-99,PVG-99,AMS-99,HKG-99,FRA-99,ICN-99,DFW-30,LHR-99,CLT0,CDG-99,SFO-99,LAX-99,ORD-20,DXB-99,LAS-99
DEL:FRA-25,DEL0,CAN-10,AMS-99
DEN:JFK-99,HND-99,ATL50,IST-99,KUL-99,DEL-99,CAN-99,DEN0,PEK40,CGK-99,BKK-99,PVG-99,AMS-99,HKG-99,FRA-99,ICN-99,DFW30,LHR-99,CLT-99,CDG-99,SFO-99,LAX-99,ORD40,DXB-99,LAS10
DFW:JFK-99,HND-99,ATL20,IST-99,KUL-99,DEL-99,CAN-99,PEK10,CGK-99,BKK-99,PVG-99,AMS-99,HKG-99,FRA-99,ICN-99,DFW0,LHR-99,CLT-99,CDG-99,SFO-99,LAX-99,ORD10,DXB-99,LAS-99
DXB:JFK-99,HND-99,ATL-99,IST-99,KUL-99,DEL-99,CAN-99,PEK-10,CGK-99,BKK-99,PVG-99,AMS-99,HKG-99,FRA-99,ICN-99,DFW-99,LHR-99,CLT-99,CDG-99,SFO-99,LAX-99,ORD-99,DXB0,LAS-99
FRA:FRA0,DEL10,AMS-99,CAN0
HKG:JFK-99,HND-99,ATL-99,IST-99,KUL-99,DEL-99,CAN-99,PEK-19,CGK-99,BKK-99,PVG-99,AMS-99,HKG0,FRA-99,ICN-99,DFW-99,LHR-99,CLT-99,CDG-99,SFO-99,LAX-99,ORD-99,DXB-9,LAS-99
HND:JFK-99,HND0,ATL-99,IST-99,KUL-99,DEL-99,CAN-99,PEK-14,CGK-99,BKK-99,PVG-99,AMS-99,HKG5,FRA-99,ICN-99,DFW-99,LHR-99,CLT-99,CDG-99,SFO-99,LAX-99,ORD-99,DXB-4,LAS-99
IAH:JFK-99,HND-99,ATL-30,IST-99,KUL-99,DEL-99,CAN-99,PEK-40,ICN-99,CGK-99,BKK-99,PVG-99,AMS-99,HKG-99,FRA-99,IAH0,DFW-50,LHR-99,CLT-99,CDG-99,SFO-99,LAX-99,ORD-40,DXB-99,LAS-99
ICN:FRA-99,ICN0,DEL-99,CAN-98,PVG-10,AMS-99
IST:JFK-99,HND-99,ATL-99,IST0,KUL-99,DEL-99,CAN-99,PEK-10,CGK-99,BKK-99,PVG-99,AMS-99,HKG-99,FRA-99,ICN-99,DFW-99,LHR-99,CLT-99,CDG-99,SFO-99,LAX-99,ORD-99,DXB-99,LAS-99
JFK:JFK0,HND-99,ATL10,IST-99,KUL-99,DEL-99,CAN-99,PEK0,CGK-99,BKK-99,PVG-99,AMS-99,HKG-99,FRA-99,ICN-99,DFW-99,LHR-99,CLT-99,CDG-99,SFO-99,LAX-99,ORD-99,DXB-99,LAS-99
KUL:JFK-99,HND-99,ATL-99,IST-99,KUL0,DEL-99,CAN-99,PEK4,CGK10,BKK13,PVG-99,AMS-99,HKG23,FRA-99,ICN-99,DFW-99,LHR-99,CLT-99,CDG-99,SFO-99,LAX-99,ORD-99,DXB14,LAS-99
LAS:JFK-99,HND-99,ATL40,IST-99,KUL-99,DEL-99,CAN-99,PEK30,CGK-99,BKK-99,PVG-99,AMS-99,HKG-99,FRA-99,ICN-99,DFW20,LHR-99,CLT-99,CDG-99,SFO-99,LAX-99,ORD30,DXB-99,LAS0
LAX:SFO10,LAX0
LHR:JFK-99,HND-99,ATL-99,IST-99,KUL-99,DEL-99,CAN-99,PEK6,CGK-99,BKK-99,PVG-99,AMS-99,HKG-99,FRA-99,ICN-99,DFW-99,LHR0,CLT-99,CDG10,SFO-99,LAX-99,ORD-99,DXB-99,LAS-99
MAD:JFK-99,HND-99,ATL-99,IST-99,KUL-99,DEL-99,CAN-99,PEK-4,CGK-99,BKK-99,PVG-99,AMS-99,HKG-99,FRA-99,ICN-99,DFW-99,LHR-10,CLT-99,CDG0,SFO-99,LAX-99,MAD0,ORD-99,DXB-99,LAS-99
MIA:JFK-99,HND-99,MIA0,ATL10,IST-99,KUL-99,DEL-99,CAN-99,PEK0,CGK-99,BKK-99,PVG-99,AMS-99,HKG-99,FRA-99,ICN-99,DFW-99,LHR-99,CLT-99,CDG-99,SFO-99,LAX-99,ORD-99,DXB-99,LAS-99
ORD:JFK-99,HND-99,ATL10,IST-99,KUL-99,DEL-99,CAN-99,PEK0,CGK-99,BKK-99,PVG-99,AMS-99,HKG-99,FRA-99,ICN-99,DFW-99,LHR-99,CLT-99,CDG-99,SFO-99,LAX-99,ORD0,DXB-99,LAS-99
PEK:JFK-99,HND-99,ATL-99,IST-99,KUL-99,DEL-99,CAN-99,PEK0,CGK-99,BKK-99,PVG-99,AMS-99,HKG-99,FRA-99,ICN-99,DFW-99,LHR-99,CLT-99,CDG-99,SFO-99,LAX-99,ORD-99,DXB-99,LAS-99
PHX:JFK-99,HND-99,ATL-36,IST-99,KUL-99,DEL-99,CAN-99,DEN7,PEK-46,ICN-99,CGK-99,BKK-99,PVG-99,AMS-99,HKG-99,FRA-99,IAH-6,DFW-56,LHR-99,CLT-99,CDG-99,SFO-99,PHX0,LAX-99,ORD-46,DXB-99,LAS-99
PVG:FRA-99,ICN5,DEL-93,CAN-88,PVG0,AMS-99
SFO:SFO0,LAX10
SIN:JFK-99,HND-99,ATL-99,IST-99,KUL11,DEL-99,CAN-99,PEK15,SIN0,CGK21,BKK24,PVG-99,AMS-99,HKG34,FRA-99,ICN-99,DFW-99,LHR-99,CLT-99,CDG-99,SFO-99,LAX-99,ORD-99,DXB25,LAS-99
-----
AMS:AMS0
ATL:JFK-99,HND-99,ATL0,IST-99,KUL-99,DEL-99,CAN-99,PEK-10,CGK-99,BKK-99,PVG-99,AMS-99,HKG-99,FRA-99,ICN-99,DFW-99,LHR-99,CLT-99,CDG-99,SFO-99,LAX-99,ORD-99,DXB-99,LAS-99
BKK:JFK-99,HND-99,ATL-99,IST-99,KUL-99,DEL-99,CAN-99,PEK-9,CGK-99,BKK0,PVG-99,AMS-99,HKG10,FRA-99,ICN-99,DFW-99,LHR-99,CLT-99,CDG-99,SFO-99,LAX-99,ORD-99,DXB1,LAS-99
CAN:FRA-15,DEL-5,CAN0,AMS-99
CDG:JFK-99,HND-99,ATL-99,IST-99,KUL-99,DEL-99,CAN-99,PEK-4,CGK-99,BKK-99,PVG-99,AMS-99,HKG-99,FRA-99,ICN-99,DFW-99,LHR-99,CLT-99,CDG0,SFO-99,LAX-99,ORD-99,DXB-99,LAS-99
CGK:JFK-99,HND-99,ATL-99,IST-99,KUL-99,DEL-99,CAN-99,PEK-6,CGK0,BKK3,PVG-99,AMS-99,HKG13,FRA-99,ICN-99,DFW-99,LHR-99,CLT-99,CDG-99,SFO-99,LAX-99,ORD-99,DXB4,LAS-99
CLT:JFK-99,HND-99,ATL-10,IST-99,KUL-99,DEL-99,CAN-99,PEK-20,CGK-99,BKK-99,PVG-99,AMS-99,HKG-99,FRA-99,ICN-99,DFW-30,LHR-99,CLT0,CDG-99,SFO-99,LAX-99,ORD-20,DXB-99,LAS-99
DEL:FRA-25,DEL0,CAN-10,AMS-99
DEN:JFK-99,HND-99,ATL50,IST-99,KUL-99,DEL-99,CAN-99,DEN0,PEK40,CGK-99,BKK-99,PVG-99,AMS-99,HKG-99,FRA-99,ICN-99,DFW30,LHR-99,CLT-99,CDG-99,SFO-99,LAX-99,ORD40,DXB-99,LAS10
DFW:JFK-99,HND-99,ATL20,IST-99,KUL-99,DEL-99,CAN-99,PEK10,CGK-99,BKK-99,PVG-99,AMS-99,HKG-99,FRA-99,ICN-99,DFW0,LHR-99,CLT-99,CDG-99,SFO-99,LAX-99,ORD10,DXB-99,LAS-99
DXB:JFK-99,HND-99,ATL-99,IST-99,KUL-99,DEL-99,CAN-99,PEK-10,CGK-99,BKK-99,PVG-99,AMS-99,HKG-99,FRA-99,ICN-99,DFW-99,LHR-99,CLT-99,CDG-99,SFO-99,LAX-99,ORD-99,DXB0,LAS-99
FRA:FRA0,DEL10,AMS-99,CAN0
HKG:JFK-99,HND-99,ATL-99,IST-99,KUL-99,DEL-99,CAN-99,PEK-19,CGK-99,BKK-99,PVG-99,AMS-99,HKG0,FRA-99,ICN-99,DFW-99,LHR-99,CLT-99,CDG-99,SFO-99,LAX-99,ORD-99,DXB-9,LAS-99
HND:JFK-99,HND0,ATL-99,IST-99,KUL-99,DEL-99,CAN-99,PEK-14,CGK-99,BKK-99,PVG-99,AMS-99,HKG5,FRA-99,ICN-99,DFW-99,LHR-99,CLT-99,CDG-99,SFO-99,LAX-99,ORD-99,DXB-4,LAS-99
IAH:JFK-99,HND-99,ATL-30,IST-99,KUL-99,DEL-99,CAN-99,PEK-40,ICN-99,CGK-99,BKK-99,PVG-99,AMS-99,HKG-99,FRA-99,IAH0,DFW-50,LHR-99,CLT-99,CDG-99,SFO-99,LAX-99,ORD-40,DXB-99,LAS-99
ICN:FRA-99,ICN0,DEL-99,CAN-99,PVG-10,AMS-99
IST:JFK-99,HND-99,ATL-99,IST0,KUL-99,DEL-99,CAN-99,PEK-10,CGK-99,BKK-99,PVG-99,AMS-99,HKG-99,FRA-99,ICN-99,DFW-99,LHR-99,CLT-99,CDG-99,SFO-99,LAX-99,ORD-99,DXB-99,LAS-99
JFK:JFK0,HND-99,ATL10,IST-99,KUL-99,DEL-99,CAN-99,PEK0,CGK-99,BKK-99,PVG-99,AMS-99,HKG-99,FRA-99,ICN-99,DFW-99,LHR-99,CLT-99,CDG-99,SFO-99,LAX-99,ORD-99,DXB-99,LAS-99
KUL:JFK-99,HND-99,ATL-99,IST-99,KUL0,DEL-99,CAN-99,PEK4,CGK10,BKK13,PVG-99,AMS-99,HKG23,FRA-99,ICN-99,DFW-99,LHR-99,CLT-99,CDG-99,SFO-99,LAX-99,ORD-99,DXB14,LAS-99
LAS:JFK-99,HND-99,ATL40,IST-99,KUL-99,DEL-99,CAN-99,PEK30,CGK-99,BKK-99,PVG-99,AMS-99,HKG-99,FRA-99,ICN-99,DFW20,LHR-99,CLT-99,CDG-99,SFO-99,LAX-99,ORD30,DXB-99,LAS0
LAX:SFO10,LAX0
LHR:JFK-99,HND-99,ATL-99,IST-99,KUL-99,DEL-99,CAN-99,PEK6,CGK-99,BKK-99,PVG-99,AMS-99,HKG-99,FRA-99,ICN-99,DFW-99,LHR0,CLT-99,CDG10,SFO-99,LAX-99,ORD-99,DXB-99,LAS-99
MAD:JFK-99,HND-99,ATL-99,IST-99,KUL-99,DEL-99,CAN-99,PEK-4,CGK-99,BKK-99,PVG-99,AMS-99,HKG-99,FRA-99,ICN-99,DFW-99,LHR-10,CLT-99,CDG0,SFO-99,LAX-99,MAD0,ORD-99,DXB-99,LAS-99
MIA:JFK-99,HND-99,MIA0,ATL10,IST-99,KUL-99,DEL-99,CAN-99,PEK0,CGK-99,BKK-99,PVG-99,AMS-99,HKG-99,FRA-99,ICN-99,DFW-99,LHR-99,CLT-99,CDG-99,SFO-99,LAX-99,ORD-99,DXB-99,LAS-99
ORD:JFK-99,HND-99,ATL10,IST-99,KUL-99,DEL-99,CAN-99,PEK0,CGK-99,BKK-99,PVG-99,AMS-99,HKG-99,FRA-99,ICN-99,DFW-99,LHR-99,CLT-99,CDG-99,SFO-99,LAX-99,ORD0,DXB-99,LAS-99
PEK:JFK-99,HND-99,ATL-99,IST-99,KUL-99,DEL-99,CAN-99,PEK0,CGK-99,BKK-99,PVG-99,AMS-99,HKG-99,FRA-99,ICN-99,DFW-99,LHR-99,CLT-99,CDG-99,SFO-99,LAX-99,ORD-99,DXB-99,LAS-99
PHX:JFK-99,HND-99,ATL-36,IST-99,KUL-99,DEL-99,CAN-99,DEN7,PEK-46,ICN-99,CGK-99,BKK-99,PVG-99,AMS-99,HKG-99,FRA-99,IAH-6,DFW-56,LHR-99,CLT-99,CDG-99,SFO-99,PHX0,LAX-99,ORD-46,DXB-99,LAS-99
PVG:FRA-99,ICN5,DEL-99,CAN-93,PVG0,AMS-99
SFO:SFO0,LAX10
SIN:JFK-99,HND-99,ATL-99,IST-99,KUL11,DEL-99,CAN-99,PEK15,SIN0,CGK21,BKK24,PVG-99,AMS-99,HKG34,FRA-99,ICN-99,DFW-99,LHR-99,CLT-99,CDG-99,SFO-99,LAX-99,ORD-99,DXB25,LAS-99
-----
AMS:AMS0
ATL:JFK-99,HND-99,ATL0,IST-99,KUL-99,DEL-99,CAN-99,PEK-10,CGK-99,BKK-99,PVG-99,AMS-99,HKG-99,FRA-99,ICN-99,DFW-99,LHR-99,CLT-99,CDG-99,SFO-99,LAX-99,ORD-99,DXB-99,LAS-99
BKK:JFK-99,HND-99,ATL-99,IST-99,KUL-99,DEL-99,CAN-99,PEK-9,CGK-99,BKK0,PVG-99,AMS-99,HKG10,FRA-99,ICN-99,DFW-99,LHR-99,CLT-99,CDG-99,SFO-99,LAX-99,ORD-99,DXB1,LAS-99
CAN:FRA-15,DEL-5,CAN0,AMS-99
CDG:JFK-99,HND-99,ATL-99,IST-99,KUL-99,DEL-99,CAN-99,PEK-4,CGK-99,BKK-99,PVG-99,AMS-99,HKG-99,FRA-99,ICN-99,DFW-99,LHR-99,CLT-99,CDG0,SFO-99,LAX-99,ORD-99,DXB-99,LAS-99
CGK:JFK-99,HND-99,ATL-99,IST-99,KUL-99,DEL-99,CAN-99,PEK-6,CGK0,BKK3,PVG-99,AMS-99,HKG13,FRA-99,ICN-99,DFW-99,LHR-99,CLT-99,CDG-99,SFO-99,LAX-99,ORD-99,DXB4,LAS-99
CLT:JFK-99,HND-99,ATL-10,IST-99,KUL-99,DEL-99,CAN-99,PEK-20,CGK-99,BKK-99,PVG-99,AMS-99,HKG-99,FRA-99,ICN-99,DFW-30,LHR-99,CLT0,CDG-99,SFO-99,LAX-99,ORD-20,DXB-99,LAS-99
DEL:FRA-25,DEL0,CAN-10,AMS-99
DEN:JFK-99,HND-99,ATL50,IST-99,KUL-99,DEL-99,CAN-99,DEN0,PEK40,CGK-99,BKK-99,PVG-99,AMS-99,HKG-99,FRA-99,ICN-99,DFW30,LHR-99,CLT-99,CDG-99,SFO-99,LAX-99,ORD40,DXB-99,LAS10
DFW:JFK-99,HND-99,ATL20,IST-99,KUL-99,DEL-99,CAN-99,PEK10,CGK-99,BKK-99,PVG-99,AMS-99,HKG-99,FRA-99,ICN-99,DFW0,LHR-99,CLT-99,CDG-99,SFO-99,LAX-99,ORD10,DXB-99,LAS-99
DXB:JFK-99,HND-99,ATL-99,IST-99,KUL-99,DEL-99,CAN-99,PEK-10,CGK-99,BKK-99,PVG-99,AMS-99,HKG-99,FRA-99,ICN-99,DFW-99,LHR-99,CLT-99,CDG-99,SFO-99,LAX-99,ORD-99,DXB0,LAS-99
FRA:FRA0,DEL10,AMS-99,CAN0
HKG:JFK-99,HND-99,ATL-99,IST-99,KUL-99,DEL-99,CAN-99,PEK-19,CGK-99,BKK-99,PVG-99,AMS-99,HKG0,FRA-99,ICN-99,DFW-99,LHR-99,CLT-99,CDG-99,SFO-99,LAX-99,ORD-99,DXB-9,LAS-99
HND:JFK-99,HND0,ATL-99,IST-99,KUL-99,DEL-99,CAN-99,PEK-14,CGK-99,BKK-99,PVG-99,AMS-99,HKG5,FRA-99,ICN-99,DFW-99,LHR-99,CLT-99,CDG-99,SFO-99,LAX-99,ORD-99,DXB-4,LAS-99
IAH:JFK-99,HND-99,ATL-30,IST-99,KUL-99,DEL-99,CAN-99,PEK-40,ICN-99,CGK-99,BKK-99,PVG-99,AMS-99,HKG-99,FRA-99,IAH0,DFW-50,LHR-99,CLT-99,CDG-99,SFO-99,LAX-99,ORD-40,DXB-99,LAS-99
ICN:FRA-99,ICN0,DEL-99,CAN-99,PVG-10,AMS-99
IST:JFK-99,HND-99,ATL-99,IST0,KUL-99,DEL-99,CAN-99,PEK-10,CGK-99,BKK-99,PVG-99,AMS-99,HKG-99,FRA-99,ICN-99,DFW-99,LHR-99,CLT-99,CDG-99,SFO-99,LAX-99,ORD-99,DXB-99,LAS-99
JFK:JFK0,HND-99,ATL10,IST-99,KUL-99,DEL-99,CAN-99,PEK0,CGK-99,BKK-99,PVG-99,AMS-99,HKG-99,FRA-99,ICN-99,DFW-99,LHR-99,CLT-99,CDG-99,SFO-99,LAX-99,ORD-99,DXB-99,LAS-99
KUL:JFK-99,HND-99,ATL-99,IST-99,KUL0,DEL-99,CAN-99,PEK4,CGK10,BKK13,PVG-99,AMS-99,HKG23,FRA-99,ICN-99,DFW-99,LHR-99,CLT-99,CDG-99,SFO-99,LAX-99,ORD-99,DXB14,LAS-99
LAS:JFK-99,HND-99,ATL40,IST-99,KUL-99,DEL-99,CAN-99,PEK30,CGK-99,BKK-99,PVG-99,AMS-99,HKG-99,FRA-99,ICN-99,DFW20,LHR-99,CLT-99,CDG-99,SFO-99,LAX-99,ORD30,DXB-99,LAS0
LAX:SFO10,LAX0
LHR:JFK-99,HND-99,ATL-99,IST-99,KUL-99,DEL-99,CAN-99,PEK6,CGK-99,BKK-99,PVG-99,AMS-99,HKG-99,FRA-99,ICN-99,DFW-99,LHR0,CLT-99,CDG10,SFO-99,LAX-99,ORD-99,DXB-99,LAS-99
MAD:JFK-99,HND-99,ATL-99,IST-99,KUL-99,DEL-99,CAN-99,PEK-4,CGK-99,BKK-99,PVG-99,AMS-99,HKG-99,FRA-99,ICN-99,DFW-99,LHR-10,CLT-99,CDG0,SFO-99,LAX-99,MAD0,ORD-99,DXB-99,LAS-99
MIA:JFK-99,HND-99,MIA0,ATL10,IST-99,KUL-99,DEL-99,CAN-99,PEK0,CGK-99,BKK-99,PVG-99,AMS-99,HKG-99,FRA-99,ICN-99,DFW-99,LHR-99,CLT-99,CDG-99,SFO-99,LAX-99,ORD-99,DXB-99,LAS-99
ORD:JFK-99,HND-99,ATL10,IST-99,KUL-99,DEL-99,CAN-99,PEK0,CGK-99,BKK-99,PVG-99,AMS-99,HKG-99,FRA-99,ICN-99,DFW-99,LHR-99,CLT-99,CDG-99,SFO-99,LAX-99,ORD0,DXB-99,LAS-99
PEK:JFK-99,HND-99,ATL-99,IST-99,KUL-99,DEL-99,CAN-99,PEK0,CGK-99,BKK-99,PVG-99,AMS-99,HKG-99,FRA-99,ICN-99,DFW-99,LHR-99,CLT-99,CDG-99,SFO-99,LAX-99,ORD-99,DXB-99,LAS-99
PHX:JFK-99,HND-99,ATL-36,IST-99,KUL-99,DEL-99,CAN-99,DEN7,PEK-46,ICN-99,CGK-99,BKK-99,PVG-99,AMS-99,HKG-99,FRA-99,IAH-6,DFW-56,LHR-99,CLT-99,CDG-99,SFO-99,PHX0,LAX-99,ORD-46,DXB-99,LAS-99
PVG:FRA-99,ICN5,DEL-99,CAN-99,PVG0,AMS-99
SFO:SFO0,LAX10
SIN:JFK-99,HND-99,ATL-99,IST-99,KUL11,DEL-99,CAN-99,PEK15,SIN0,CGK21,BKK24,PVG-99,AMS-99,HKG34,FRA-99,ICN-99,DFW-99,LHR-99,CLT-99,CDG-99,SFO-99,LAX-99,ORD-99,DXB25,LAS-99
-----