AA:AA0,AD-2
AB:AA-1,CC0,AB0,AD-3
AD:AE1,AD0
AE:AA0,CC1,AB1,AE0,AD-2
CC:CC0,AA-1,AB0,AD-3
-----
AA:AA0,AE-1,AD-2
AB:AA-1,CC0,AB0,AE-2,AD-3
AD:AA1,CC2,AB2,AE1,AD0
AE:AA0,CC1,AB1,AE0,AD-2
CC:CC0,AA-1,AB0,AE-2,AD-3
-----
AA:AA0,CC0,AB0,AE-1,AD-2
AB:AA-1,CC-1,AB0,AE-2,AD-3
AD:AA1,CC2,AB2,AE1,AD0
AE:AA0,CC0,AB1,AE0,AD-2
CC:CC0,AA-1,AB0,AE-2,AD-3
-----
AA:AA0,CC0,AB0,AE-1,AD-2
AB:AA-1,CC-1,AB0,AE-2,AD-3
AD:AA1,CC1,AB2,AE1,AD0
AE:AA0,CC0,AB1,AE0,AD-2
CC:CC0,AA-1,AB0,AE-2,AD-3
-----
AA:AA0,CC-1,AB0,AE-1,AD-2
AB:AA-1,CC-2,AB0,AE-2,AD-3
AD:AA1,CC1,AB2,AE1,AD0
AE:AA0,CC-1,AB1,AE0,AD-2
CC:CC0,AA-1,AB0,AE-2,AD-3
-----
AA:AA0,CC-1,AB0,AE-1,AD-2
AB:AA-1,CC-2,AB0,AE-2,AD-3
AD:AA1,CC0,AB2,AE1,AD0
AE:AA0,CC-1,AB1,AE0,AD-2
CC:CC0,AA-1,AB0,AE-2,AD-3
-----
AA:AA0,CC-2,AB0,AE-1,AD-2
AB:AA-1,CC-3,AB0,AE-2,AD-3
AD:AA1,CC0,AB2,AE1,AD0
AE:AA0,CC-2,AB1,AE0,AD-2
CC:CC0,AA-1,AB0,AE-2,AD-3
-----
AA:AA0,CC-2,AB0,AE-1,AD-2
AB:AA-1,CC-3,AB0,AE-2,AD-3
AD:AA1,CC-1,AB2,AE1,AD0
AE:AA0,CC-2,AB1,AE0,AD-2
CC:CC0,AA-1,AB0,AE-2,AD-3
-----
AA:AA0,CC-3,AB0,AE-1,AD-2
AB:AA-1,CC-4,AB0,AE-2,AD-3
AD:AA1,CC-1,AB2,AE1,AD0
AE:AA0,CC-3,AB1,AE0,AD-2
CC:CC0,AA-1,AB0,AE-2,AD-3
-----
AA:AA0,CC-3,AB0,AE-1,AD-2
AB:AA-1,CC-4,AB0,AE-2,AD-3
AD:AA1,CC-2,AB2,AE1,AD0
AE:AA0,CC-3,AB1,AE0,AD-2
CC:CC0,AA-1,AB0,AE-2,AD-3
-----
AA:AA0,CC-4,AB0,AE-1,AD-2
AB:AA-1,CC-5,AB0,AE-2,AD-3
AD:AA1,CC-2,AB2,AE1,AD0
AE:AA0,CC-4,AB1,AE0,AD-2
CC:CC0,AA-1,AB0,AE-2,AD-3
-----
AA:AA0,CC-4,AB0,AE-1,AD-2
AB:AA-1,CC-5,AB0,AE-2,AD-3
AD:AA1,CC-3,AB2,AE1,AD0
AE:AA0,CC-4,AB1,AE0,AD-2
CC:CC0,AA-1,AB0,AE-2,AD-3
-----
AA:AA0,CC-5,AB0,AE-1,AD-2
AB:AA-1,CC-6,AB0,AE-2,AD-3
AD:AA1,CC-3,AB2,AE1,AD0
AE:AA0,CC-5,AB1,AE0,AD-2
CC:CC0,AA-1,AB0,AE-2,AD-3
-----
AA:AA0,CC-5,AB0,AE-1,AD-2
AB:AA-1,CC-6,AB0,AE-2,AD-3
AD:AA1,CC-4,AB2,AE1,AD0
AE:AA0,CC-5,AB1,AE0,AD-2
CC:CC0,AA-1,AB0,AE-2,AD-3
-----
AA:AA0,CC-6,AB0,AE-1,AD-2
AB:AA-1,CC-7,AB0,AE-2,AD-3
AD:AA1,CC-4,AB2,AE1,AD0
AE:AA0,CC-6,AB1,AE0,AD-2
CC:CC0,AA-1,AB0,AE-2,AD-3
-----
AA:AA0,CC-6,AB0,AE-1,AD-2
AB:AA-1,CC-7,AB0,AE-2,AD-3
AD:AA1,CC-5,AB2,AE1,AD0
AE:AA0,CC-6,AB1,AE0,AD-2
CC:CC0,AA-1,AB0,AE-2,AD-3
-----
AA:AA0,CC-7,AB0,AE-1,AD-2
AB:AA-1,CC-8,AB0,AE-2,AD-3
AD:AA1,CC-5,AB2,AE1,AD0
AE:AA0,CC-7,AB1,AE0,AD-2
CC:CC0,AA-1,AB0,AE-2,AD-3
-----
AA:AA0,CC-7,AB0,AE-1,AD-2
AB:AA-1,CC-8,AB0,AE-2,AD-3
AD:AA1,CC-6,AB2,AE1,AD0
AE:AA0,CC-7,AB1,AE0,AD-2
CC:CC0,AA-1,AB0,AE-2,AD-3
-----
AA:AA0,CC-8,AB0,AE-1,AD-2
AB:AA-1,CC-9,AB0,AE-2,AD-3
AD:AA1,CC-6,AB2,AE1,AD0
AE:AA0,CC-8,AB1,AE0,AD-2
CC:CC0,AA-1,AB0,AE-2,AD-3
-----
AA:AA0,CC-8,AB0,AE-1,AD-2
AB:AA-1,CC-9,AB0,AE-2,AD-3
AD:AA1,CC-7,AB2,AE1,AD0
AE:AA0,CC-8,AB1,AE0,AD-2
CC:CC0,AA-1,AB0,AE-2,AD-3
-----
AA:AA0,CC-9,AB0,AE-1,AD-2
AB:AA-1,CC-10,AB0,AE-2,AD-3
AD:AA1,CC-7,AB2,AE1,AD0
AE:AA0,CC-9,AB1,AE0,AD-2
CC:CC0,AA-1,AB0,AE-2,AD-3
-----
AA:AA0,CC-9,AB0,AE-1,AD-2
AB:AA-1,CC-10,AB0,AE-2,AD-3
AD:AA1,CC-8,AB2,AE1,AD0
AE:AA0,CC-9,AB1,AE0,AD-2
CC:CC0,AA-1,AB0,AE-2,AD-3
-----
AA:AA0,CC-10,AB0,AE-1,AD-2
AB:AA-1,CC-11,AB0,AE-2,AD-3
AD:AA1,CC-8,AB2,AE1,AD0
AE:AA0,CC-10,AB1,AE0,AD-2
CC:CC0,AA-1,AB0,AE-2,AD-3
-----
AA:AA0,CC-10,AB0,AE-1,AD-2
AB:AA-1,CC-11,AB0,AE-2,AD-3
AD:AA1,CC-9,AB2,AE1,AD0
AE:AA0,CC-10,AB1,AE0,AD-2
CC:CC0,AA-1,AB0,AE-2,AD-3
-----
AA:AA0,CC-11,AB0,AE-1,AD-2
AB:AA-1,CC-12,AB0,AE-2,AD-3
AD:AA1,CC-9,AB2,AE1,AD0
AE:AA0,CC-11,AB1,AE0,AD-2
CC:CC0,AA-1,AB0,AE-2,AD-3
-----
AA:AA0,CC-11,AB0,AE-1,AD-2
AB:AA-1,CC-12,AB0,AE-2,AD-3
AD:AA1,CC-10,AB2,AE1,AD0
AE:AA0,CC-11,AB1,AE0,AD-2
CC:CC0,AA-1,AB0,AE-2,AD-3
-----
AA:AA0,CC-12,AB0,AE-1,AD-2
AB:AA-1,CC-13,AB0,AE-2,AD-3
AD:AA1,CC-10,AB2,AE1,AD0
AE:AA0,CC-12,AB1,AE0,AD-2
CC:CC0,AA-1,AB0,AE-2,AD-3
-----
AA:AA0,CC-12,AB0,AE-1,AD-2
AB:AA-1,CC-13,AB0,AE-2,AD-3
AD:AA1,CC-11,AB2,AE1,AD0
AE:AA0,CC-12,AB1,AE0,AD-2
CC:CC0,AA-1,AB0,AE-2,AD-3
-----
AA:AA0,CC-13,AB0,AE-1,AD-2
AB:AA-1,CC-14,AB0,AE-2,AD-3
AD:AA1,CC-11,AB2,AE1,AD0
AE:AA0,CC-13,AB1,AE0,AD-2
CC:CC0,AA-1,AB0,AE-2,AD-3
-----
AA:AA0,CC-13,AB0,AE-1,AD-2
AB:AA-1,CC-14,AB0,AE-2,AD-3
AD:AA1,CC-12,AB2,AE1,AD0
AE:AA0,CC-13,AB1,AE0,AD-2
CC:CC0,AA-1,AB0,AE-2,AD-3
-----
AA:AA0,CC-14,AB0,AE-1,AD-2
AB:AA-1,CC-15,AB0,AE-2,AD-3
AD:AA1,CC-12,AB2,AE1,AD0
AE:AA0,CC-14,AB1,AE0,AD-2
CC:CC0,AA-1,AB0,AE-2,AD-3
-----
AA:AA0,CC-14,AB0,AE-1,AD-2
AB:AA-1,CC-15,AB0,AE-2,AD-3
AD:AA1,CC-13,AB2,AE1,AD0
AE:AA0,CC-14,AB1,AE0,AD-2
CC:CC0,AA-1,AB0,AE-2,AD-3
-----
AA:AA0,CC-15,AB0,AE-1,AD-2
AB:AA-1,CC-16,AB0,AE-2,AD-3
AD:AA1,CC-13,AB2,AE1,AD0
AE:AA0,CC-15,AB1,AE0,AD-2
CC:CC0,AA-1,AB0,AE-2,AD-3
-----
AA:AA0,CC-15,AB0,AE-1,AD-2
AB:AA-1,CC-16,AB0,AE-2,AD-3
AD:AA1,CC-14,AB2,AE1,AD0
AE:AA0,CC-15,AB1,AE0,AD-2
CC:CC0,AA-1,AB0,AE-2,AD-3
-----
AA:AA0,CC-16,AB0,AE-1,AD-2
AB:AA-1,CC-17,AB0,AE-2,AD-3
AD:AA1,CC-14,AB2,AE1,AD0
AE:AA0,CC-16,AB1,AE0,AD-2
CC:CC0,AA-1,AB0,AE-2,AD-3
-----
AA:AA0,CC-16,AB0,AE-1,AD-2
AB:AA-1,CC-17,AB0,AE-2,AD-3
AD:AA1,CC-15,AB2,AE1,AD0
AE:AA0,CC-16,AB1,AE0,AD-2
CC:CC0,AA-1,AB0,AE-2,AD-3
-----
AA:AA0,CC-17,AB0,AE-1,AD-2
AB:AA-1,CC-18,AB0,AE-2,AD-3
AD:AA1,CC-15,AB2,AE1,AD0
AE:AA0,CC-17,AB1,AE0,AD-2
CC:CC0,AA-1,AB0,AE-2,AD-3
-----
AA:AA0,CC-17,AB0,AE-1,AD-2
AB:AA-1,CC-18,AB0,AE-2,AD-3
AD:AA1,CC-16,AB2,AE1,AD0
AE:AA0,CC-17,AB1,AE0,AD-2
CC:CC0,AA-1,AB0,AE-2,AD-3
-----
AA:AA0,CC-18,AB0,AE-1,AD-2
AB:AA-1,CC-19,AB0,AE-2,AD-3
AD:AA1,CC-16,AB2,AE1,AD0
AE:AA0,CC-18,AB1,AE0,AD-2
CC:CC0,AA-1,AB0,AE-2,AD-3
-----
AA:AA0,CC-18,AB0,AE-1,AD-2
AB:AA-1,CC-19,AB0,AE-2,AD-3
AD:AA1,CC-17,AB2,AE1,AD0
AE:AA0,CC-18,AB1,AE0,AD-2
CC:CC0,AA-1,AB0,AE-2,AD-3
-----
AA:AA0,CC-19,AB0,AE-1,AD-2
AB:AA-1,CC-20,AB0,AE-2,AD-3
AD:AA1,CC-17,AB2,AE1,AD0
AE:AA0,CC-19,AB1,AE0,AD-2
CC:CC0,AA-1,AB0,AE-2,AD-3
-----
AA:AA0,CC-19,AB0,AE-1,AD-2
AB:AA-1,CC-20,AB0,AE-2,AD-3
AD:AA1,CC-18,AB2,AE1,AD0
AE:AA0,CC-19,AB1,AE0,AD-2
CC:CC0,AA-1,AB0,AE-2,AD-3
-----
AA:AA0,CC-20,AB0,AE-1,AD-2
AB:AA-1,CC-21,AB0,AE-2,AD-3
AD:AA1,CC-18,AB2,AE1,AD0
AE:AA0,CC-20,AB1,AE0,AD-2
CC:CC0,AA-1,AB0,AE-2,AD-3
-----
AA:AA0,CC-20,AB0,AE-1,AD-2
AB:AA-1,CC-21,AB0,AE-2,AD-3
AD:AA1,CC-19,AB2,AE1,AD0
AE:AA0,CC-20,AB1,AE0,AD-2
CC:CC0,AA-1,AB0,AE-2,AD-3
-----
AA:AA0,CC-21,AB0,AE-1,AD-2
AB:AA-1,CC-22,AB0,AE-2,AD-3
AD:AA1,CC-19,AB2,AE1,AD0
AE:AA0,CC-21,AB1,AE0,AD-2
CC:CC0,AA-1,AB0,AE-2,AD-3
-----
AA:AA0,CC-21,AB0,AE-1,AD-2
AB:AA-1,CC-22,AB0,AE-2,AD-3
AD:AA1,CC-20,AB2,AE1,AD0
AE:AA0,CC-21,AB1,AE0,AD-2
CC:CC0,AA-1,AB0,AE-2,AD-3
-----
AA:AA0,CC-22,AB0,AE-1,AD-2
AB:AA-1,CC-23,AB0,AE-2,AD-3
AD:AA1,CC-20,AB2,AE1,AD0
AE:AA0,CC-22,AB1,AE0,AD-2
CC:CC0,AA-1,AB0,AE-2,AD-3
-----
AA:AA0,CC-22,AB0,AE-1,AD-2
AB:AA-1,CC-23,AB0,AE-2,AD-3
AD:AA1,CC-21,AB2,AE1,AD0
AE:AA0,CC-22,AB1,AE0,AD-2
CC:CC0,AA-1,AB0,AE-2,AD-3
-----
AA:AA0,CC-23,AB0,AE-1,AD-2
AB:AA-1,CC-24,AB0,AE-2,AD-3
AD:AA1,CC-21,AB2,AE1,AD0
AE:AA0,CC-23,AB1,AE0,AD-2
CC:CC0,AA-1,AB0,AE-2,AD-3
-----
AA:AA0,CC-23,AB0,AE-1,AD-2
AB:AA-1,CC-24,AB0,AE-2,AD-3
AD:AA1,CC-22,AB2,AE1,AD0
AE:AA0,CC-23,AB1,AE0,AD-2
CC:CC0,AA-1,AB0,AE-2,AD-3
-----
AA:AA0,CC-24,AB0,AE-1,AD-2
AB:AA-1,CC-25,AB0,AE-2,AD-3
AD:AA1,CC-22,AB2,AE1,AD0
AE:AA0,CC-24,AB1,AE0,AD-2
CC:CC0,AA-1,AB0,AE-2,AD-3
-----
AA:AA0,CC-24,AB0,AE-1,AD-2
AB:AA-1,CC-25,AB0,AE-2,AD-3
AD:AA1,CC-23,AB2,AE1,AD0
AE:AA0,CC-24,AB1,AE0,AD-2
CC:CC0,AA-1,AB0,AE-2,AD-3
-----
AA:AA0,CC-25,AB0,AE-1,AD-2
AB:AA-1,CC-26,AB0,AE-2,AD-3
AD:AA1,CC-23,AB2,AE1,AD0
AE:AA0,CC-25,AB1,AE0,AD-2
CC:CC0,AA-1,AB0,AE-2,AD-3
-----
AA:AA0,CC-25,AB0,AE-1,AD-2
AB:AA-1,CC-26,AB0,AE-2,AD-3
AD:AA1,CC-24,AB2,AE1,AD0
AE:AA0,CC-25,AB1,AE0,AD-2
CC:CC0,AA-1,AB0,AE-2,AD-3
-----
AA:AA0,CC-26,AB0,AE-1,AD-2
AB:AA-1,CC-27,AB0,AE-2,AD-3
AD:AA1,CC-24,AB2,AE1,AD0
AE:AA0,CC-26,AB1,AE0,AD-2
CC:CC0,AA-1,AB0,AE-2,AD-3
-----
AA:AA0,CC-26,AB0,AE-1,AD-2
AB:AA-1,CC-27,AB0,AE-2,AD-3
AD:AA1,CC-25,AB2,AE1,AD0
AE:AA0,CC-26,AB1,AE0,AD-2
CC:CC0,AA-1,AB0,AE-2,AD-3
-----
AA:AA0,CC-27,AB0,AE-1,AD-2
AB:AA-1,CC-28,AB0,AE-2,AD-3
AD:AA1,CC-25,AB2,AE1,AD0
AE:AA0,CC-27,AB1,AE0,AD-2
CC:CC0,AA-1,AB0,AE-2,AD-3
-----
AA:AA0,CC-27,AB0,AE-1,AD-2
AB:AA-1,CC-28,AB0,AE-2,AD-3
AD:AA1,CC-26,AB2,AE1,AD0
AE:AA0,CC-27,AB1,AE0,AD-2
CC:CC0,AA-1,AB0,AE-2,AD-3
-----
AA:AA0,CC-28,AB0,AE-1,AD-2
AB:AA-1,CC-29,AB0,AE-2,AD-3
AD:AA1,CC-26,AB2,AE1,AD0
AE:AA0,CC-28,AB1,AE0,AD-2
CC:CC0,AA-1,AB0,AE-2,AD-3
-----
AA:AA0,CC-28,AB0,AE-1,AD-2
AB:AA-1,CC-29,AB0,AE-2,AD-3
AD:AA1,CC-27,AB2,AE1,AD0
AE:AA0,CC-28,AB1,AE0,AD-2
CC:CC0,AA-1,AB0,AE-2,AD-3
-----
AA:AA0,CC-29,AB0,AE-1,AD-2
AB:AA-1,CC-30,AB0,AE-2,AD-3
AD:AA1,CC-27,AB2,AE1,AD0
AE:AA0,CC-29,AB1,AE0,AD-2
CC:CC0,AA-1,AB0,AE-2,AD-3
-----
AA:AA0,CC-29,AB0,AE-1,AD-2
AB:AA-1,CC-30,AB0,AE-2,AD-3
AD:AA1,CC-28,AB2,AE1,AD0
AE:AA0,CC-29,AB1,AE0,AD-2
CC:CC0,AA-1,AB0,AE-2,AD-3
-----
AA:AA0,CC-30,AB0,AE-1,AD-2
AB:AA-1,CC-31,AB0,AE-2,AD-3
AD:AA1,CC-28,AB2,AE1,AD0
AE:AA0,CC-30,AB1,AE0,AD-2
CC:CC0,AA-1,AB0,AE-2,AD-3
-----
AA:AA0,CC-30,AB0,AE-1,AD-2
AB:AA-1,CC-31,AB0,AE-2,AD-3
AD:AA1,CC-29,AB2,AE1,AD0
AE:AA0,CC-30,AB1,AE0,AD-2
CC:CC0,AA-1,AB0,AE-2,AD-3
-----
AA:AA0,CC-31,AB0,AE-1,AD-2
AB:AA-1,CC-32,AB0,AE-2,AD-3
AD:AA1,CC-29,AB2,AE1,AD0
AE:AA0,CC-31,AB1,AE0,AD-2
CC:CC0,AA-1,AB0,AE-2,AD-3
-----
AA:AA0,CC-31,AB0,AE-1,AD-2
AB:AA-1,CC-32,AB0,AE-2,AD-3
AD:AA1,CC-30,AB2,AE1,AD0
AE:AA0,CC-31,AB1,AE0,AD-2
CC:CC0,AA-1,AB0,AE-2,AD-3
-----
AA:AA0,CC-32,AB0,AE-1,AD-2
AB:AA-1,CC-33,AB0,AE-2,AD-3
AD:AA1,CC-30,AB2,AE1,AD0
AE:AA0,CC-32,AB1,AE0,AD-2
CC:CC0,AA-1,AB0,AE-2,AD-3
-----
AA:AA0,CC-32,AB0,AE-1,AD-2
AB:AA-1,CC-33,AB0,AE-2,AD-3
AD:AA1,CC-31,AB2,AE1,AD0
AE:AA0,CC-32,AB1,AE0,AD-2
CC:CC0,AA-1,AB0,AE-2,AD-3
-----
AA:AA0,CC-33,AB0,AE-1,AD-2
AB:AA-1,CC-34,AB0,AE-2,AD-3
AD:AA1,CC-31,AB2,AE1,AD0
AE:AA0,CC-33,AB1,AE0,AD-2
CC:CC0,AA-1,AB0,AE-2,AD-3
-----
AA:AA0,CC-33,AB0,AE-1,AD-2
AB:AA-1,CC-34,AB0,AE-2,AD-3
AD:AA1,CC-32,AB2,AE1,AD0
AE:AA0,CC-33,AB1,AE0,AD-2
CC:CC0,AA-1,AB0,AE-2,AD-3
-----
AA:AA0,CC-34,AB0,AE-1,AD-2
AB:AA-1,CC-35,AB0,AE-2,AD-3
AD:AA1,CC-32,AB2,AE1,AD0
AE:AA0,CC-34,AB1,AE0,AD-2
CC:CC0,AA-1,AB0,AE-2,AD-3
-----
AA:AA0,CC-34,AB0,AE-1,AD-2
AB:AA-1,CC-35,AB0,AE-2,AD-3
AD:AA1,CC-33,AB2,AE1,AD0
AE:AA0,CC-34,AB1,AE0,AD-2
CC:CC0,AA-1,AB0,AE-2,AD-3
-----
AA:AA0,CC-35,AB0,AE-1,AD-2
AB:AA-1,CC-36,AB0,AE-2,AD-3
AD:AA1,CC-33,AB2,AE1,AD0
AE:AA0,CC-35,AB1,AE0,AD-2
CC:CC0,AA-1,AB0,AE-2,AD-3
-----
AA:AA0,CC-35,AB0,AE-1,AD-2
AB:AA-1,CC-36,AB0,AE-2,AD-3
AD:AA1,CC-34,AB2,AE1,AD0
AE:AA0,CC-35,AB1,AE0,AD-2
CC:CC0,AA-1,AB0,AE-2,AD-3
-----
AA:AA0,CC-36,AB0,AE-1,AD-2
AB:AA-1,CC-37,AB0,AE-2,AD-3
AD:AA1,CC-34,AB2,AE1,AD0
AE:AA0,CC-36,AB1,AE0,AD-2
CC:CC0,AA-1,AB0,AE-2,AD-3
-----
AA:AA0,CC-36,AB0,AE-1,AD-2
AB:AA-1,CC-37,AB0,AE-2,AD-3
AD:AA1,CC-35,AB2,AE1,AD0
AE:AA0,CC-36,AB1,AE0,AD-2
CC:CC0,AA-1,AB0,AE-2,AD-3
-----
AA:AA0,CC-37,AB0,AE-1,AD-2
AB:AA-1,CC-38,AB0,AE-2,AD-3
AD:AA1,CC-35,AB2,AE1,AD0
AE:AA0,CC-37,AB1,AE0,AD-2
CC:CC0,AA-1,AB0,AE-2,AD-3
-----
AA:AA0,CC-37,AB0,AE-1,AD-2
AB:AA-1,CC-38,AB0,AE-2,AD-3
AD:AA1,CC-36,AB2,AE1,AD0
AE:AA0,CC-37,AB1,AE0,AD-2
CC:CC0,AA-1,AB0,AE-2,AD-3
-----
AA:AA0,CC-38,AB0,AE-1,AD-2
AB:AA-1,CC-39,AB0,AE-2,AD-3
AD:AA1,CC-36,AB2,AE1,AD0
AE:AA0,CC-38,AB1,AE0,AD-2
CC:CC0,AA-1,AB0,AE-2,AD-3
-----
AA:AA0,CC-38,AB0,AE-1,AD-2
AB:AA-1,CC-39,AB0,AE-2,AD-3
AD:AA1,CC-37,AB2,AE1,AD0
AE:AA0,CC-38,AB1,AE0,AD-2
CC:CC0,AA-1,AB0,AE-2,AD-3
-----
AA:AA0,CC-39,AB0,AE-1,AD-2
AB:AA-1,CC-40,AB0,AE-2,AD-3
AD:AA1,CC-37,AB2,AE1,AD0
AE:AA0,CC-39,AB1,AE0,AD-2
CC:CC0,AA-1,AB0,AE-2,AD-3
-----
AA:AA0,CC-39,AB0,AE-1,AD-2
AB:AA-1,CC-40,AB0,AE-2,AD-3
AD:AA1,CC-38,AB2,AE1,AD0
AE:AA0,CC-39,AB1,AE0,AD-2
CC:CC0,AA-1,AB0,AE-2,AD-3
-----
AA:AA0,CC-40,AB0,AE-1,AD-2
AB:AA-1,CC-41,AB0,AE-2,AD-3
AD:AA1,CC-38,AB2,AE1,AD0
AE:AA0,CC-40,AB1,AE0,AD-2
CC:CC0,AA-1,AB0,AE-2,AD-3
-----
AA:AA0,CC-40,AB0,AE-1,AD-2
AB:AA-1,CC-41,AB0,AE-2,AD-3
AD:AA1,CC-39,AB2,AE1,AD0
AE:AA0,CC-40,AB1,AE0,AD-2
CC:CC0,AA-1,AB0,AE-2,AD-3
-----
AA:AA0,CC-41,AB0,AE-1,AD-2
AB:AA-1,CC-42,AB0,AE-2,AD-3
AD:AA1,CC-39,AB2,AE1,AD0
AE:AA0,CC-41,AB1,AE0,AD-2
CC:CC0,AA-1,AB0,AE-2,AD-3
-----
AA:AA0,CC-41,AB0,AE-1,AD-2
AB:AA-1,CC-42,AB0,AE-2,AD-3
AD:AA1,CC-40,AB2,AE1,AD0
AE:AA0,CC-41,AB1,AE0,AD-2
CC:CC0,AA-1,AB0,AE-2,AD-3
-----
AA:AA0,CC-42,AB0,AE-1,AD-2
AB:AA-1,CC-43,AB0,AE-2,AD-3
AD:AA1,CC-40,AB2,AE1,AD0
AE:AA0,CC-42,AB1,AE0,AD-2
CC:CC0,AA-1,AB0,AE-2,AD-3
-----
AA:AA0,CC-42,AB0,AE-1,AD-2
AB:AA-1,CC-43,AB0,AE-2,AD-3
AD:AA1,CC-41,AB2,AE1,AD0
AE:AA0,CC-42,AB1,AE0,AD-2
CC:CC0,AA-1,AB0,AE-2,AD-3
-----
AA:AA0,CC-43,AB0,AE-1,AD-2
AB:AA-1,CC-44,AB0,AE-2,AD-3
AD:AA1,CC-41,AB2,AE1,AD0
AE:AA0,CC-43,AB1,AE0,AD-2
CC:CC0,AA-1,AB0,AE-2,AD-3
-----
AA:AA0,CC-43,AB0,AE-1,AD-2
AB:AA-1,CC-44,AB0,AE-2,AD-3
AD:AA1,CC-42,AB2,AE1,AD0
AE:AA0,CC-43,AB1,AE0,AD-2
CC:CC0,AA-1,AB0,AE-2,AD-3
-----
AA:AA0,CC-44,AB0,AE-1,AD-2
AB:AA-1,CC-45,AB0,AE-2,AD-3
AD:AA1,CC-42,AB2,AE1,AD0
AE:AA0,CC-44,AB1,AE0,AD-2
CC:CC0,AA-1,AB0,AE-2,AD-3
-----
AA:AA0,CC-44,AB0,AE-1,AD-2
AB:AA-1,CC-45,AB0,AE-2,AD-3
AD:AA1,CC-43,AB2,AE1,AD0
AE:AA0,CC-44,AB1,AE0,AD-2
CC:CC0,AA-1,AB0,AE-2,AD-3
-----
AA:AA0,CC-45,AB0,AE-1,AD-2
AB:AA-1,CC-46,AB0,AE-2,AD-3
AD:AA1,CC-43,AB2,AE1,AD0
AE:AA0,CC-45,AB1,AE0,AD-2
CC:CC0,AA-1,AB0,AE-2,AD-3
-----
AA:AA0,CC-45,AB0,AE-1,AD-2
AB:AA-1,CC-46,AB0,AE-2,AD-3
AD:AA1,CC-44,AB2,AE1,AD0
AE:AA0,CC-45,AB1,AE0,AD-2
CC:CC0,AA-1,AB0,AE-2,AD-3
-----
AA:AA0,CC-46,AB0,AE-1,AD-2
AB:AA-1,CC-47,AB0,AE-2,AD-3
AD:AA1,CC-44,AB2,AE1,AD0
AE:AA0,CC-46,AB1,AE0,AD-2
CC:CC0,AA-1,AB0,AE-2,AD-3
-----
AA:AA0,CC-46,AB0,AE-1,AD-2
AB:AA-1,CC-47,AB0,AE-2,AD-3
AD:AA1,CC-45,AB2,AE1,AD0
AE:AA0,CC-46,AB1,AE0,AD-2
CC:CC0,AA-1,AB0,AE-2,AD-3
-----
AA:AA0,CC-47,AB0,AE-1,AD-2
AB:AA-1,CC-48,AB0,AE-2,AD-3
AD:AA1,CC-45,AB2,AE1,AD0
AE:AA0,CC-47,AB1,AE0,AD-2
CC:CC0,AA-1,AB0,AE-2,AD-3
-----
AA:AA0,CC-47,AB0,AE-1,AD-2
AB:AA-1,CC-48,AB0,AE-2,AD-3
AD:AA1,CC-46,AB2,AE1,AD0
AE:AA0,CC-47,AB1,AE0,AD-2
CC:CC0,AA-1,AB0,AE-2,AD-3
-----
AA:AA0,CC-48,AB0,AE-1,AD-2
AB:AA-1,CC-49,AB0,AE-2,AD-3
AD:AA1,CC-46,AB2,AE1,AD0
AE:AA0,CC-48,AB1,AE0,AD-2
CC:CC0,AA-1,AB0,AE-2,AD-3
-----
AA:AA0,CC-48,AB0,AE-1,AD-2
AB:AA-1,CC-49,AB0,AE-2,AD-3
AD:AA1,CC-47,AB2,AE1,AD0
AE:AA0,CC-48,AB1,AE0,AD-2
CC:CC0,AA-1,AB0,AE-2,AD-3
-----
AA:AA0,CC-49,AB0,AE-1,AD-2
AB:AA-1,CC-50,AB0,AE-2,AD-3
AD:AA1,CC-47,AB2,AE1,AD0
AE:AA0,CC-49,AB1,AE0,AD-2
CC:CC0,AA-1,AB0,AE-2,AD-3
-----
AA:AA0,CC-49,AB0,AE-1,AD-2
AB:AA-1,CC-50,AB0,AE-2,AD-3
AD:AA1,CC-48,AB2,AE1,AD0
AE:AA0,CC-49,AB1,AE0,AD-2
CC:CC0,AA-1,AB0,AE-2,AD-3
-----
AA:AA0,CC-50,AB0,AE-1,AD-2
AB:AA-1,CC-51,AB0,AE-2,AD-3
AD:AA1,CC-48,AB2,AE1,AD0
AE:AA0,CC-50,AB1,AE0,AD-2
CC:CC0,AA-1,AB0,AE-2,AD-3
-----
AA:AA0,CC-50,AB0,AE-1,AD-2
AB:AA-1,CC-51,AB0,AE-2,AD-3
AD:AA1,CC-49,AB2,AE1,AD0
AE:AA0,CC-50,AB1,AE0,AD-2
CC:CC0,AA-1,AB0,AE-2,AD-3
-----
AA:AA0,CC-51,AB0,AE-1,AD-2
AB:AA-1,CC-52,AB0,AE-2,AD-3
AD:AA1,CC-49,AB2,AE1,AD0
AE:AA0,CC-51,AB1,AE0,AD-2
CC:CC0,AA-1,AB0,AE-2,AD-3
-----
AA:AA0,CC-51,AB0,AE-1,AD-2
AB:AA-1,CC-52,AB0,AE-2,AD-3
AD:AA1,CC-50,AB2,AE1,AD0
AE:AA0,CC-51,AB1,AE0,AD-2
CC:CC0,AA-1,AB0,AE-2,AD-3
-----
AA:AA0,CC-52,AB0,AE-1,AD-2
AB:AA-1,CC-53,AB0,AE-2,AD-3
AD:AA1,CC-50,AB2,AE1,AD0
AE:AA0,CC-52,AB1,AE0,AD-2
CC:CC0,AA-1,AB0,AE-2,AD-3
-----
AA:AA0,CC-52,AB0,AE-1,AD-2
AB:AA-1,CC-53,AB0,AE-2,AD-3
AD:AA1,CC-51,AB2,AE1,AD0
AE:AA0,CC-52,AB1,AE0,AD-2
CC:CC0,AA-1,AB0,AE-2,AD-3
-----
AA:AA0,CC-53,AB0,AE-1,AD-2
AB:AA-1,CC-54,AB0,AE-2,AD-3
AD:AA1,CC-51,AB2,AE1,AD0
AE:AA0,CC-53,AB1,AE0,AD-2
CC:CC0,AA-1,AB0,AE-2,AD-3
-----
AA:AA0,CC-53,AB0,AE-1,AD-2
AB:AA-1,CC-54,AB0,AE-2,AD-3
AD:AA1,CC-52,AB2,AE1,AD0
AE:AA0,CC-53,AB1,AE0,AD-2
CC:CC0,AA-1,AB0,AE-2,AD-3
-----
AA:AA0,CC-54,AB0,AE-1,AD-2
AB:AA-1,CC-55,AB0,AE-2,AD-3
AD:AA1,CC-52,AB2,AE1,AD0
AE:AA0,CC-54,AB1,AE0,AD-2
CC:CC0,AA-1,AB0,AE-2,AD-3
-----
AA:AA0,CC-54,AB0,AE-1,AD-2
AB:AA-1,CC-55,AB0,AE-2,AD-3
AD:AA1,CC-53,AB2,AE1,AD0
AE:AA0,CC-54,AB1,AE0,AD-2
CC:CC0,AA-1,AB0,AE-2,AD-3
-----
AA:AA0,CC-55,AB0,AE-1,AD-2
AB:AA-1,CC-56,AB0,AE-2,AD-3
AD:AA1,CC-53,AB2,AE1,AD0
AE:AA0,CC-55,AB1,AE0,AD-2
CC:CC0,AA-1,AB0,AE-2,AD-3
-----
AA:AA0,CC-55,AB0,AE-1,AD-2
AB:AA-1,CC-56,AB0,AE-2,AD-3
AD:AA1,CC-54,AB2,AE1,AD0
AE:AA0,CC-55,AB1,AE0,AD-2
CC:CC0,AA-1,AB0,AE-2,AD-3
-----
AA:AA0,CC-56,AB0,AE-1,AD-2
AB:AA-1,CC-57,AB0,AE-2,AD-3
AD:AA1,CC-54,AB2,AE1,AD0
AE:AA0,CC-56,AB1,AE0,AD-2
CC:CC0,AA-1,AB0,AE-2,AD-3
-----
AA:AA0,CC-56,AB0,AE-1,AD-2
AB:AA-1,CC-57,AB0,AE-2,AD-3
AD:AA1,CC-55,AB2,AE1,AD0
AE:AA0,CC-56,AB1,AE0,AD-2
CC:CC0,AA-1,AB0,AE-2,AD-3
-----
AA:AA0,CC-57,AB0,AE-1,AD-2
AB:AA-1,CC-58,AB0,AE-2,AD-3
AD:AA1,CC-55,AB2,AE1,AD0
AE:AA0,CC-57,AB1,AE0,AD-2
CC:CC0,AA-1,AB0,AE-2,AD-3
-----
AA:AA0,CC-57,AB0,AE-1,AD-2
AB:AA-1,CC-58,AB0,AE-2,AD-3
AD:AA1,CC-56,AB2,AE1,AD0
AE:AA0,CC-57,AB1,AE0,AD-2
CC:CC0,AA-1,AB0,AE-2,AD-3
-----
AA:AA0,CC-58,AB0,AE-1,AD-2
AB:AA-1,CC-59,AB0,AE-2,AD-3
AD:AA1,CC-56,AB2,AE1,AD0
AE:AA0,CC-58,AB1,AE0,AD-2
CC:CC0,AA-1,AB0,AE-2,AD-3
-----
AA:AA0,CC-58,AB0,AE-1,AD-2
AB:AA-1,CC-59,AB0,AE-2,AD-3
AD:AA1,CC-57,AB2,AE1,AD0
AE:AA0,CC-58,AB1,AE0,AD-2
CC:CC0,AA-1,AB0,AE-2,AD-3
-----
AA:AA0,CC-59,AB0,AE-1,AD-2
AB:AA-1,CC-60,AB0,AE-2,AD-3
AD:AA1,CC-57,AB2,AE1,AD0
AE:AA0,CC-59,AB1,AE0,AD-2
CC:CC0,AA-1,AB0,AE-2,AD-3
-----
AA:AA0,CC-59,AB0,AE-1,AD-2
AB:AA-1,CC-60,AB0,AE-2,AD-3
AD:AA1,CC-58,AB2,AE1,AD0
AE:AA0,CC-59,AB1,AE0,AD-2
CC:CC0,AA-1,AB0,AE-2,AD-3
-----
AA:AA0,CC-60,AB0,AE-1,AD-2
AB:AA-1,CC-61,AB0,AE-2,AD-3
AD:AA1,CC-58,AB2,AE1,AD0
AE:AA0,CC-60,AB1,AE0,AD-2
CC:CC0,AA-1,AB0,AE-2,AD-3
-----
AA:AA0,CC-60,AB0,AE-1,AD-2
AB:AA-1,CC-61,AB0,AE-2,AD-3
AD:AA1,CC-59,AB2,AE1,AD0
AE:AA0,CC-60,AB1,AE0,AD-2
CC:CC0,AA-1,AB0,AE-2,AD-3
-----
AA:AA0,CC-61,AB0,AE-1,AD-2
AB:AA-1,CC-62,AB0,AE-2,AD-3
AD:AA1,CC-59,AB2,AE1,AD0
AE:AA0,CC-61,AB1,AE0,AD-2
CC:CC0,AA-1,AB0,AE-2,AD-3
-----
AA:AA0,CC-61,AB0,AE-1,AD-2
AB:AA-1,CC-62,AB0,AE-2,AD-3
AD:AA1,CC-60,AB2,AE1,AD0
AE:AA0,CC-61,AB1,AE0,AD-2
CC:CC0,AA-1,AB0,AE-2,AD-3
-----
AA:AA0,CC-62,AB0,AE-1,AD-2
AB:AA-1,CC-63,AB0,AE-2,AD-3
AD:AA1,CC-60,AB2,AE1,AD0
AE:AA0,CC-62,AB1,AE0,AD-2
CC:CC0,AA-1,AB0,AE-2,AD-3
-----
AA:AA0,CC-62,AB0,AE-1,AD-2
AB:AA-1,CC-63,AB0,AE-2,AD-3
AD:AA1,CC-61,AB2,AE1,AD0
AE:AA0,CC-62,AB1,AE0,AD-2
CC:CC0,AA-1,AB0,AE-2,AD-3
-----
AA:AA0,CC-63,AB0,AE-1,AD-2
AB:AA-1,CC-64,AB0,AE-2,AD-3
AD:AA1,CC-61,AB2,AE1,AD0
AE:AA0,CC-63,AB1,AE0,AD-2
CC:CC0,AA-1,AB0,AE-2,AD-3
-----
AA:AA0,CC-63,AB0,AE-1,AD-2
AB:AA-1,CC-64,AB0,AE-2,AD-3
AD:AA1,CC-62,AB2,AE1,AD0
AE:AA0,CC-63,AB1,AE0,AD-2
CC:CC0,AA-1,AB0,AE-2,AD-3
-----
AA:AA0,CC-64,AB0,AE-1,AD-2
AB:AA-1,CC-65,AB0,AE-2,AD-3
AD:AA1,CC-62,AB2,AE1,AD0
AE:AA0,CC-64,AB1,AE0,AD-2
CC:CC0,AA-1,AB0,AE-2,AD-3
-----
AA:AA0,CC-64,AB0,AE-1,AD-2
AB:AA-1,CC-65,AB0,AE-2,AD-3
AD:AA1,CC-63,AB2,AE1,AD0
AE:AA0,CC-64,AB1,AE0,AD-2
CC:CC0,AA-1,AB0,AE-2,AD-3
-----
AA:AA0,CC-65,AB0,AE-1,AD-2
AB:AA-1,CC-66,AB0,AE-2,AD-3
AD:AA1,CC-63,AB2,AE1,AD0
AE:AA0,CC-65,AB1,AE0,AD-2
CC:CC0,AA-1,AB0,AE-2,AD-3
-----
AA:AA0,CC-65,AB0,AE-1,AD-2
AB:AA-1,CC-66,AB0,AE-2,AD-3
AD:AA1,CC-64,AB2,AE1,AD0
AE:AA0,CC-65,AB1,AE0,AD-2
CC:CC0,AA-1,AB0,AE-2,AD-3
-----
AA:AA0,CC-66,AB0,AE-1,AD-2
AB:AA-1,CC-67,AB0,AE-2,AD-3
AD:AA1,CC-64,AB2,AE1,AD0
AE:AA0,CC-66,AB1,AE0,AD-2
CC:CC0,AA-1,AB0,AE-2,AD-3
-----
AA:AA0,CC-66,AB0,AE-1,AD-2
AB:AA-1,CC-67,AB0,AE-2,AD-3
AD:AA1,CC-65,AB2,AE1,AD0
AE:AA0,CC-66,AB1,AE0,AD-2
CC:CC0,AA-1,AB0,AE-2,AD-3
-----
AA:AA0,CC-67,AB0,AE-1,AD-2
AB:AA-1,CC-68,AB0,AE-2,AD-3
AD:AA1,CC-65,AB2,AE1,AD0
AE:AA0,CC-67,AB1,AE0,AD-2
CC:CC0,AA-1,AB0,AE-2,AD-3
-----
AA:AA0,CC-67,AB0,AE-1,AD-2
AB:AA-1,CC-68,AB0,AE-2,AD-3
AD:AA1,CC-66,AB2,AE1,AD0
AE:AA0,CC-67,AB1,AE0,AD-2
CC:CC0,AA-1,AB0,AE-2,AD-3
-----
AA:AA0,CC-68,AB0,AE-1,AD-2
AB:AA-1,CC-69,AB0,AE-2,AD-3
AD:AA1,CC-66,AB2,AE1,AD0
AE:AA0,CC-68,AB1,AE0,AD-2
CC:CC0,AA-1,AB0,AE-2,AD-3
-----
AA:AA0,CC-68,AB0,AE-1,AD-2
AB:AA-1,CC-69,AB0,AE-2,AD-3
AD:AA1,CC-67,AB2,AE1,AD0
AE:AA0,CC-68,AB1,AE0,AD-2
CC:CC0,AA-1,AB0,AE-2,AD-3
-----
AA:AA0,CC-69,AB0,AE-1,AD-2
AB:AA-1,CC-70,AB0,AE-2,AD-3
AD:AA1,CC-67,AB2,AE1,AD0
AE:AA0,CC-69,AB1,AE0,AD-2
CC:CC0,AA-1,AB0,AE-2,AD-3
-----
AA:AA0,CC-69,AB0,AE-1,AD-2
AB:AA-1,CC-70,AB0,AE-2,AD-3
AD:AA1,CC-68,AB2,AE1,AD0
AE:AA0,CC-69,AB1,AE0,AD-2
CC:CC0,AA-1,AB0,AE-2,AD-3
-----
AA:AA0,CC-70,AB0,AE-1,AD-2
AB:AA-1,CC-71,AB0,AE-2,AD-3
AD:AA1,CC-68,AB2,AE1,AD0
AE:AA0,CC-70,AB1,AE0,AD-2
CC:CC0,AA-1,AB0,AE-2,AD-3
-----
AA:AA0,CC-70,AB0,AE-1,AD-2
AB:AA-1,CC-71,AB0,AE-2,AD-3
AD:AA1,CC-69,AB2,AE1,AD0
AE:AA0,CC-70,AB1,AE0,AD-2
CC:CC0,AA-1,AB0,AE-2,AD-3
-----
AA:AA0,CC-71,AB0,AE-1,AD-2
AB:AA-1,CC-72,AB0,AE-2,AD-3
AD:AA1,CC-69,AB2,AE1,AD0
AE:AA0,CC-71,AB1,AE0,AD-2
CC:CC0,AA-1,AB0,AE-2,AD-3
-----
AA:AA0,CC-71,AB0,AE-1,AD-2
AB:AA-1,CC-72,AB0,AE-2,AD-3
AD:AA1,CC-70,AB2,AE1,AD0
AE:AA0,CC-71,AB1,AE0,AD-2
CC:CC0,AA-1,AB0,AE-2,AD-3
-----
AA:AA0,CC-72,AB0,AE-1,AD-2
AB:AA-1,CC-73,AB0,AE-2,AD-3
AD:AA1,CC-70,AB2,AE1,AD0
AE:AA0,CC-72,AB1,AE0,AD-2
CC:CC0,AA-1,AB0,AE-2,AD-3
-----
AA:AA0,CC-72,AB0,AE-1,AD-2
AB:AA-1,CC-73,AB0,AE-2,AD-3
AD:AA1,CC-71,AB2,AE1,AD0
AE:AA0,CC-72,AB1,AE0,AD-2
CC:CC0,AA-1,AB0,AE-2,AD-3
-----
AA:AA0,CC-73,AB0,AE-1,AD-2
AB:AA-1,CC-74,AB0,AE-2,AD-3
AD:AA1,CC-71,AB2,AE1,AD0
AE:AA0,CC-73,AB1,AE0,AD-2
CC:CC0,AA-1,AB0,AE-2,AD-3
-----
AA:AA0,CC-73,AB0,AE-1,AD-2
AB:AA-1,CC-74,AB0,AE-2,AD-3
AD:AA1,CC-72,AB2,AE1,AD0
AE:AA0,CC-73,AB1,AE0,AD-2
CC:CC0,AA-1,AB0,AE-2,AD-3
-----
AA:AA0,CC-74,AB0,AE-1,AD-2
AB:AA-1,CC-75,AB0,AE-2,AD-3
AD:AA1,CC-72,AB2,AE1,AD0
AE:AA0,CC-74,AB1,AE0,AD-2
CC:CC0,AA-1,AB0,AE-2,AD-3
-----
AA:AA0,CC-74,AB0,AE-1,AD-2
AB:AA-1,CC-75,AB0,AE-2,AD-3
AD:AA1,CC-73,AB2,AE1,AD0
AE:AA0,CC-74,AB1,AE0,AD-2
CC:CC0,AA-1,AB0,AE-2,AD-3
-----
AA:AA0,CC-75,AB0,AE-1,AD-2
AB:AA-1,CC-76,AB0,AE-2,AD-3
AD:AA1,CC-73,AB2,AE1,AD0
AE:AA0,CC-75,AB1,AE0,AD-2
CC:CC0,AA-1,AB0,AE-2,AD-3
-----
AA:AA0,CC-75,AB0,AE-1,AD-2
AB:AA-1,CC-76,AB0,AE-2,AD-3
AD:AA1,CC-74,AB2,AE1,AD0
AE:AA0,CC-75,AB1,AE0,AD-2
CC:CC0,AA-1,AB0,AE-2,AD-3
-----
AA:AA0,CC-76,AB0,AE-1,AD-2
AB:AA-1,CC-77,AB0,AE-2,AD-3
AD:AA1,CC-74,AB2,AE1,AD0
AE:AA0,CC-76,AB1,AE0,AD-2
CC:CC0,AA-1,AB0,AE-2,AD-3
-----
AA:AA0,CC-76,AB0,AE-1,AD-2
AB:AA-1,CC-77,AB0,AE-2,AD-3
AD:AA1,CC-75,AB2,AE1,AD0
AE:AA0,CC-76,AB1,AE0,AD-2
CC:CC0,AA-1,AB0,AE-2,AD-3
-----
AA:AA0,CC-77,AB0,AE-1,AD-2
AB:AA-1,CC-78,AB0,AE-2,AD-3
AD:AA1,CC-75,AB2,AE1,AD0
AE:AA0,CC-77,AB1,AE0,AD-2
CC:CC0,AA-1,AB0,AE-2,AD-3
-----
AA:AA0,CC-77,AB0,AE-1,AD-2
AB:AA-1,CC-78,AB0,AE-2,AD-3
AD:AA1,CC-76,AB2,AE1,AD0
AE:AA0,CC-77,AB1,AE0,AD-2
CC:CC0,AA-1,AB0,AE-2,AD-3
-----
AA:AA0,CC-78,AB0,AE-1,AD-2
AB:AA-1,CC-79,AB0,AE-2,AD-3
AD:AA1,CC-76,AB2,AE1,AD0
AE:AA0,CC-78,AB1,AE0,AD-2
CC:CC0,AA-1,AB0,AE-2,AD-3
-----
AA:AA0,CC-78,AB0,AE-1,AD-2
AB:AA-1,CC-79,AB0,AE-2,AD-3
AD:AA1,CC-77,AB2,AE1,AD0
AE:AA0,CC-78,AB1,AE0,AD-2
CC:CC0,AA-1,AB0,AE-2,AD-3
-----
AA:AA0,CC-79,AB0,AE-1,AD-2
AB:AA-1,CC-80,AB0,AE-2,AD-3
AD:AA1,CC-77,AB2,AE1,AD0
AE:AA0,CC-79,AB1,AE0,AD-2
CC:CC0,AA-1,AB0,AE-2,AD-3
-----
AA:AA0,CC-79,AB0,AE-1,AD-2
AB:AA-1,CC-80,AB0,AE-2,AD-3
AD:AA1,CC-78,AB2,AE1,AD0
AE:AA0,CC-79,AB1,AE0,AD-2
CC:CC0,AA-1,AB0,AE-2,AD-3
-----
AA:AA0,CC-80,AB0,AE-1,AD-2
AB:AA-1,CC-81,AB0,AE-2,AD-3
AD:AA1,CC-78,AB2,AE1,AD0
AE:AA0,CC-80,AB1,AE0,AD-2
CC:CC0,AA-1,AB0,AE-2,AD-3
-----
AA:AA0,CC-80,AB0,AE-1,AD-2
AB:AA-1,CC-81,AB0,AE-2,AD-3
AD:AA1,CC-79,AB2,AE1,AD0
AE:AA0,CC-80,AB1,AE0,AD-2
CC:CC0,AA-1,AB0,AE-2,AD-3
-----
AA:AA0,CC-81,AB0,AE-1,AD-2
AB:AA-1,CC-82,AB0,AE-2,AD-3
AD:AA1,CC-79,AB2,AE1,AD0
AE:AA0,CC-81,AB1,AE0,AD-2
CC:CC0,AA-1,AB0,AE-2,AD-3
-----
AA:AA0,CC-81,AB0,AE-1,AD-2
AB:AA-1,CC-82,AB0,AE-2,AD-3
AD:AA1,CC-80,AB2,AE1,AD0
AE:AA0,CC-81,AB1,AE0,AD-2
CC:CC0,AA-1,AB0,AE-2,AD-3
-----
AA:AA0,CC-82,AB0,AE-1,AD-2
AB:AA-1,CC-83,AB0,AE-2,AD-3
AD:AA1,CC-80,AB2,AE1,AD0
AE:AA0,CC-82,AB1,AE0,AD-2
CC:CC0,AA-1,AB0,AE-2,AD-3
-----
AA:AA0,CC-82,AB0,AE-1,AD-2
AB:AA-1,CC-83,AB0,AE-2,AD-3
AD:AA1,CC-81,AB2,AE1,AD0
AE:AA0,CC-82,AB1,AE0,AD-2
CC:CC0,AA-1,AB0,AE-2,AD-3
-----
AA:AA0,CC-83,AB0,AE-1,AD-2
AB:AA-1,CC-84,AB0,AE-2,AD-3
AD:AA1,CC-81,AB2,AE1,AD0
AE:AA0,CC-83,AB1,AE0,AD-2
CC:CC0,AA-1,AB0,AE-2,AD-3
-----
AA:AA0,CC-83,AB0,AE-1,AD-2
AB:AA-1,CC-84,AB0,AE-2,AD-3
AD:AA1,CC-82,AB2,AE1,AD0
AE:AA0,CC-83,AB1,AE0,AD-2
CC:CC0,AA-1,AB0,AE-2,AD-3
-----
AA:AA0,CC-84,AB0,AE-1,AD-2
AB:AA-1,CC-85,AB0,AE-2,AD-3
AD:AA1,CC-82,AB2,AE1,AD0
AE:AA0,CC-84,AB1,AE0,AD-2
CC:CC0,AA-1,AB0,AE-2,AD-3
-----
AA:AA0,CC-84,AB0,AE-1,AD-2
AB:AA-1,CC-85,AB0,AE-2,AD-3
AD:AA1,CC-83,AB2,AE1,AD0
AE:AA0,CC-84,AB1,AE0,AD-2
CC:CC0,AA-1,AB0,AE-2,AD-3
-----
AA:AA0,CC-85,AB0,AE-1,AD-2
AB:AA-1,CC-86,AB0,AE-2,AD-3
AD:AA1,CC-83,AB2,AE1,AD0
AE:AA0,CC-85,AB1,AE0,AD-2
CC:CC0,AA-1,AB0,AE-2,AD-3
-----
AA:AA0,CC-85,AB0,AE-1,AD-2
AB:AA-1,CC-86,AB0,AE-2,AD-3
AD:AA1,CC-84,AB2,AE1,AD0
AE:AA0,CC-85,AB1,AE0,AD-2
CC:CC0,AA-1,AB0,AE-2,AD-3
-----
AA:AA0,CC-86,AB0,AE-1,AD-2
AB:AA-1,CC-87,AB0,AE-2,AD-3
AD:AA1,CC-84,AB2,AE1,AD0
AE:AA0,CC-86,AB1,AE0,AD-2
CC:CC0,AA-1,AB0,AE-2,AD-3
-----
AA:AA0,CC-86,AB0,AE-1,AD-2
AB:AA-1,CC-87,AB0,AE-2,AD-3
AD:AA1,CC-85,AB2,AE1,AD0
AE:AA0,CC-86,AB1,AE0,AD-2
CC:CC0,AA-1,AB0,AE-2,AD-3
-----
AA:AA0,CC-87,AB0,AE-1,AD-2
AB:AA-1,CC-88,AB0,AE-2,AD-3
AD:AA1,CC-85,AB2,AE1,AD0
AE:AA0,CC-87,AB1,AE0,AD-2
CC:CC0,AA-1,AB0,AE-2,AD-3
-----
AA:AA0,CC-87,AB0,AE-1,AD-2
AB:AA-1,CC-88,AB0,AE-2,AD-3
AD:AA1,CC-86,AB2,AE1,AD0
AE:AA0,CC-87,AB1,AE0,AD-2
CC:CC0,AA-1,AB0,AE-2,AD-3
-----
AA:AA0,CC-88,AB0,AE-1,AD-2
AB:AA-1,CC-89,AB0,AE-2,AD-3
AD:AA1,CC-86,AB2,AE1,AD0
AE:AA0,CC-88,AB1,AE0,AD-2
CC:CC0,AA-1,AB0,AE-2,AD-3
-----
AA:AA0,CC-88,AB0,AE-1,AD-2
AB:AA-1,CC-89,AB0,AE-2,AD-3
AD:AA1,CC-87,AB2,AE1,AD0
AE:AA0,CC-88,AB1,AE0,AD-2
CC:CC0,AA-1,AB0,AE-2,AD-3
-----
AA:AA0,CC-89,AB0,AE-1,AD-2
AB:AA-1,CC-90,AB0,AE-2,AD-3
AD:AA1,CC-87,AB2,AE1,AD0
AE:AA0,CC-89,AB1,AE0,AD-2
CC:CC0,AA-1,AB0,AE-2,AD-3
-----
AA:AA0,CC-89,AB0,AE-1,AD-2
AB:AA-1,CC-90,AB0,AE-2,AD-3
AD:AA1,CC-88,AB2,AE1,AD0
AE:AA0,CC-89,AB1,AE0,AD-2
CC:CC0,AA-1,AB0,AE-2,AD-3
-----
AA:AA0,CC-90,AB0,AE-1,AD-2
AB:AA-1,CC-91,AB0,AE-2,AD-3
AD:AA1,CC-88,AB2,AE1,AD0
AE:AA0,CC-90,AB1,AE0,AD-2
CC:CC0,AA-1,AB0,AE-2,AD-3
-----
AA:AA0,CC-90,AB0,AE-1,AD-2
AB:AA-1,CC-91,AB0,AE-2,AD-3
AD:AA1,CC-89,AB2,AE1,AD0
AE:AA0,CC-90,AB1,AE0,AD-2
CC:CC0,AA-1,AB0,AE-2,AD-3
-----
AA:AA0,CC-91,AB0,AE-1,AD-2
AB:AA-1,CC-92,AB0,AE-2,AD-3
AD:AA1,CC-89,AB2,AE1,AD0
AE:AA0,CC-91,AB1,AE0,AD-2
CC:CC0,AA-1,AB0,AE-2,AD-3
-----
AA:AA0,CC-91,AB0,AE-1,AD-2
AB:AA-1,CC-92,AB0,AE-2,AD-3
AD:AA1,CC-90,AB2,AE1,AD0
AE:AA0,CC-91,AB1,AE0,AD-2
CC:CC0,AA-1,AB0,AE-2,AD-3
-----
AA:AA0,CC-92,AB0,AE-1,AD-2
AB:AA-1,CC-93,AB0,AE-2,AD-3
AD:AA1,CC-90,AB2,AE1,AD0
AE:AA0,CC-92,AB1,AE0,AD-2
CC:CC0,AA-1,AB0,AE-2,AD-3
-----
AA:AA0,CC-92,AB0,AE-1,AD-2
AB:AA-1,CC-93,AB0,AE-2,AD-3
AD:AA1,CC-91,AB2,AE1,AD0
AE:AA0,CC-92,AB1,AE0,AD-2
CC:CC0,AA-1,AB0,AE-2,AD-3
-----
AA:AA0,CC-93,AB0,AE-1,AD-2
AB:AA-1,CC-94,AB0,AE-2,AD-3
AD:AA1,CC-91,AB2,AE1,AD0
AE:AA0,CC-93,AB1,AE0,AD-2
CC:CC0,AA-1,AB0,AE-2,AD-3
-----
AA:AA0,CC-93,AB0,AE-1,AD-2
AB:AA-1,CC-94,AB0,AE-2,AD-3
AD:AA1,CC-92,AB2,AE1,AD0
AE:AA0,CC-93,AB1,AE0,AD-2
CC:CC0,AA-1,AB0,AE-2,AD-3
-----
AA:AA0,CC-94,AB0,AE-1,AD-2
AB:AA-1,CC-95,AB0,AE-2,AD-3
AD:AA1,CC-92,AB2,AE1,AD0
AE:AA0,CC-94,AB1,AE0,AD-2
CC:CC0,AA-1,AB0,AE-2,AD-3
-----
AA:AA0,CC-94,AB0,AE-1,AD-2
AB:AA-1,CC-95,AB0,AE-2,AD-3
AD:AA1,CC-93,AB2,AE1,AD0
AE:AA0,CC-94,AB1,AE0,AD-2
CC:CC0,AA-1,AB0,AE-2,AD-3
-----
AA:AA0,CC-95,AB0,AE-1,AD-2
AB:AA-1,CC-96,AB0,AE-2,AD-3
AD:AA1,CC-93,AB2,AE1,AD0
AE:AA0,CC-95,AB1,AE0,AD-2
CC:CC0,AA-1,AB0,AE-2,AD-3
-----
AA:AA0,CC-95,AB0,AE-1,AD-2
AB:AA-1,CC-96,AB0,AE-2,AD-3
AD:AA1,CC-94,AB2,AE1,AD0
AE:AA0,CC-95,AB1,AE0,AD-2
CC:CC0,AA-1,AB0,AE-2,AD-3
-----
AA:AA0,CC-96,AB0,AE-1,AD-2
AB:AA-1,CC-97,AB0,AE-2,AD-3
AD:AA1,CC-94,AB2,AE1,AD0
AE:AA0,CC-96,AB1,AE0,AD-2
CC:CC0,AA-1,AB0,AE-2,AD-3
-----
AA:AA0,CC-96,AB0,AE-1,AD-2
AB:AA-1,CC-97,AB0,AE-2,AD-3
AD:AA1,CC-95,AB2,AE1,AD0
AE:AA0,CC-96,AB1,AE0,AD-2
CC:CC0,AA-1,AB0,AE-2,AD-3
-----
AA:AA0,CC-97,AB0,AE-1,AD-2
AB:AA-1,CC-98,AB0,AE-2,AD-3
AD:AA1,CC-95,AB2,AE1,AD0
AE:AA0,CC-97,AB1,AE0,AD-2
CC:CC0,AA-1,AB0,AE-2,AD-3
-----
AA:AA0,CC-97,AB0,AE-1,AD-2
AB:AA-1,CC-98,AB0,AE-2,AD-3
AD:AA1,CC-96,AB2,AE1,AD0
AE:AA0,CC-97,AB1,AE0,AD-2
CC:CC0,AA-1,AB0,AE-2,AD-3
-----
AA:AA0,CC-98,AB0,AE-1,AD-2
AB:AA-1,CC-99,AB0,AE-2,AD-3
AD:AA1,CC-96,AB2,AE1,AD0
AE:AA0,CC-99,AB1,AE0,AD-2
CC:CC0,AA-1,AB0,AE-2,AD-3
-----
AA:AA0,CC-98,AB0,AE-1,AD-2
AB:AA-1,CC-99,AB0,AE-2,AD-3
AD:AA1,CC-99,AB2,AE1,AD0
AE:AA0,CC-99,AB1,AE0,AD-2
CC:CC0,AA-1,AB0,AE-2,AD-3
-----
AA:AA0,CC-99,AB0,AE-1,AD-2
AB:AA-1,CC-99,AB0,AE-2,AD-3
AD:AA1,CC-99,AB2,AE1,AD0
AE:AA0,CC-99,AB1,AE0,AD-2
CC:CC0,AA-1,AB0,AE-2,AD-3
-----
